{"timestamp": "2026-09-02T09:19:06.400+0000", "rule": {"level": 4, "description": "Summary event of the report's signatures.", "id": "60608", "firedtimes": 28, "mail": false, "groups": ["windows", "windows_application"]}, "agent": {"id": "001", "name": "DESKTOP-8OTQ7D4", "ip": "172.16.104.253"}, "manager": {"name": "ip-172-31-35-68"}, "id": "1788340746.649301", "decoder": {"name": "windows_eventchannel"}, "data": {"win": {"system": {"providerName": "Windows Error Reporting", "providerGuid": "{0ead09bd-2157-539a-8d6d-c87f95b64d70}", "eventID": "1001", "version": "0", "level": "4", "task": "0", "opcode": "0", "keywords": "0x8000000000000000", "systemTime": "2026-09-02T09:18:47.9649638Z", "eventRecordID": "201390", "processID": "23032", "threadID": "5712", "channel": "Application", "computer": "DESKTOP-8OTQ7D4", "severityValue": "INFORMATION", "message": "\"Fault bucket , type 0\r\nEvent Name: LiveKernelEvent\r\nResponse: Not available\r\nCab Id: 0\r\n\r\nProblem signature:\r\nP1: 1a8\r\nP2: 1\r\nP3: 0\r\nP4: 0\r\nP5: 0\r\nP6: 10_0_26200\r\nP7: 0_0\r\nP8: 256_1\r\nP9: \r\nP10: \r\n\r\nAttached files:\r\n\\\\?\\C:\\WINDOWS\\LiveKernelReports\\WATCHDOG\\WATCHDOG-20260413-0940.dmp\r\n\\\\?\\C:\\WINDOWS\\SystemTemp\\WER-255783062-0.sysdata.xml\r\n\\\\?\\C:\\ProgramData\\Microsoft\\Windows\\WER\\Temp\\WER.b1546be2-af6e-4568-b0eb-48cd84775669.tmp.WERInternalMetadata.xml\r\n\\\\?\\C:\\ProgramData\\Microsoft\\Windows\\WER\\Temp\\WER.aa35b875-00b3-4cac-9686-4bc82d854d8d.tmp.csv\r\n\\\\?\\C:\\ProgramData\\Microsoft\\Windows\\WER\\Temp\\WER.dea372ee-2c6a-405c-b8c9-b6c3a1b39ddd.tmp.txt\r\n\\\\?\\C:\\ProgramData\\Microsoft\\Windows\\WER\\Temp\\WER.2ee89788-4c01-4a64-890c-e08ed14f8861.tmp.xml\r\n\r\nThese files may be available here:\r\n\\\\?\\C:\\ProgramData\\Microsoft\\Windows\\WER\\ReportQueue\\Kernel_1a8_c3be8430ad9f60eb75f06b62afa7598beb464e3_00000000_e88ac993-8251-49bd-b140-087cf9109aa0\r\n\r\nAnalysis symbol: \r\nRechecking for solution: 0\r\nReport Id: e88ac993-8251-49bd-b140-087cf9109aa0\r\nReport Status: 2051\r\nHashed bucket: \r\nCab Guid: 0\""}, "eventdata": {"bucketType": "0", "eventName": "LiveKernelEvent", "response": "Not available", "cabId": "0", "p1": "1a8", "p2": "1", "p3": "0", "p4": "0", "p5": "0", "p6": "10_0_26200", "p7": "0_0", "p8": "256_1", "attachedFiles": "  \\\\\\\\?\\\\C:\\\\WINDOWS\\\\LiveKernelReports\\\\WATCHDOG\\\\WATCHDOG-20260413-0940.dmp  \\\\\\\\?\\\\C:\\\\WINDOWS\\\\SystemTemp\\\\WER-255783062-0.sysdata.xml  \\\\\\\\?\\\\C:\\\\ProgramData\\\\Microsoft\\\\Windows\\\\WER\\\\Temp\\\\WER.b1546be2-af6e-4568-b0eb-48cd84775669.tmp.WERInternalMetadata.xml  \\\\\\\\?\\\\C:\\\\ProgramData\\\\Microsoft\\\\Windows\\\\WER\\\\Temp\\\\WER.aa35b875-00b3-4cac-9686-4bc82d854d8d.tmp.csv  \\\\\\\\?\\\\C:\\\\ProgramData\\\\Microsoft\\\\Windows\\\\WER\\\\Temp\\\\WER.dea372ee-2c6a-405c-b8c9-b6c3a1b39ddd.tmp.txt  \\\\\\\\?\\\\C:\\\\ProgramData\\\\Microsoft\\\\Windows\\\\WER\\\\Temp\\\\WER.2ee89788-4c01-4a64-890c-e08ed14f8861.tmp.xml", "storePath": "\\\\\\\\?\\\\C:\\\\ProgramData\\\\Microsoft\\\\Windows\\\\WER\\\\ReportQueue\\\\Kernel_1a8_c3be8430ad9f60eb75f06b62afa7598beb464e3_00000000_e88ac993-8251-49bd-b140-087cf9109aa0", "rechecking": "0", "reportId": "e88ac993-8251-49bd-b140-087cf9109aa0", "reportStatus": "2051", "cabGuid": "0"}}}, "location": "EventChannel"}
{"timestamp": "2026-09-02T09:19:06.408+0000", "rule": {"level": 4, "description": "Summary event of the report's signatures.", "id": "60608", "firedtimes": 30, "mail": false, "groups": ["windows", "windows_application"]}, "agent": {"id": "001", "name": "DESKTOP-8OTQ7D4", "ip": "172.16.104.253"}, "manager": {"name": "ip-172-31-35-68"}, "id": "1788340746.655148", "decoder": {"name": "windows_eventchannel"}, "data": {"win": {"system": {"providerName": "Windows Error Reporting", "providerGuid": "{0ead09bd-2157-539a-8d6d-c87f95b64d70}", "eventID": "1001", "version": "0", "level": "4", "task": "0", "opcode": "0", "keywords": "0x8000000000000000", "systemTime": "2026-09-02T09:18:48.0588856Z", "eventRecordID": "201391", "processID": "23032", "threadID": "5712", "channel": "Application", "computer": "DESKTOP-8OTQ7D4", "severityValue": "INFORMATION", "message": "\"Fault bucket , type 0\r\nEvent Name: LiveKernelEvent\r\nResponse: Not available\r\nCab Id: 0\r\n\r\nProblem signature:\r\nP1: 1b8\r\nP2: 1\r\nP3: 0\r\nP4: 0\r\nP5: 0\r\nP6: 10_0_26200\r\nP7: 0_0\r\nP8: 256_1\r\nP9: \r\nP10: \r\n\r\nAttached files:\r\n\\\\?\\C:\\WINDOWS\\LiveKernelReports\\WATCHDOG4400\\WATCHDOG4400-20260415-1922.dmp\r\n\\\\?\\C:\\WINDOWS\\SystemTemp\\WER-27063328-0.sysdata.xml\r\n\\\\?\\C:\\ProgramData\\Microsoft\\Windows\\WER\\Temp\\WER.1993b253-16b0-40da-b4b9-55617b3bfc45.tmp.WERInternalMetadata.xml\r\n\\\\?\\C:\\ProgramData\\Microsoft\\Windows\\WER\\Temp\\WER.67a53646-6c9b-4d63-8fd7-f9474d6ef253.tmp.csv\r\n\\\\?\\C:\\ProgramData\\Microsoft\\Windows\\WER\\Temp\\WER.f0af7149-2f1a-48db-b567-9ccceeb7634f.tmp.txt\r\n\\\\?\\C:\\ProgramData\\Microsoft\\Windows\\WER\\Temp\\WER.fc958de7-dc92-4636-b7dd-619242265c83.tmp.xml\r\n\r\nThese files may be available here:\r\n\\\\?\\C:\\ProgramData\\Microsoft\\Windows\\WER\\ReportQueue\\Kernel_1b8_3266ee9f236733789e644ef694ee92749a13023_00000000_7d3f6467-bca2-417a-81dc-b44c62a7063a\r\n\r\nAnalysis symbol: \r\nRechecking for solution: 0\r\nReport Id: 7d3f6467-bca2-417a-81dc-b44c62a7063a\r\nReport Status: 2051\r\nHashed bucket: \r\nCab Guid: 0\""}, "eventdata": {"bucketType": "0", "eventName": "LiveKernelEvent", "response": "Not available", "cabId": "0", "p1": "1b8", "p2": "1", "p3": "0", "p4": "0", "p5": "0", "p6": "10_0_26200", "p7": "0_0", "p8": "256_1", "attachedFiles": "  \\\\\\\\?\\\\C:\\\\WINDOWS\\\\LiveKernelReports\\\\WATCHDOG4400\\\\WATCHDOG4400-20260415-1922.dmp  \\\\\\\\?\\\\C:\\\\WINDOWS\\\\SystemTemp\\\\WER-27063328-0.sysdata.xml  \\\\\\\\?\\\\C:\\\\ProgramData\\\\Microsoft\\\\Windows\\\\WER\\\\Temp\\\\WER.1993b253-16b0-40da-b4b9-55617b3bfc45.tmp.WERInternalMetadata.xml  \\\\\\\\?\\\\C:\\\\ProgramData\\\\Microsoft\\\\Windows\\\\WER\\\\Temp\\\\WER.67a53646-6c9b-4d63-8fd7-f9474d6ef253.tmp.csv  \\\\\\\\?\\\\C:\\\\ProgramData\\\\Microsoft\\\\Windows\\\\WER\\\\Temp\\\\WER.f0af7149-2f1a-48db-b567-9ccceeb7634f.tmp.txt  \\\\\\\\?\\\\C:\\\\ProgramData\\\\Microsoft\\\\Windows\\\\WER\\\\Temp\\\\WER.fc958de7-dc92-4636-b7dd-619242265c83.tmp.xml", "storePath": "\\\\\\\\?\\\\C:\\\\ProgramData\\\\Microsoft\\\\Windows\\\\WER\\\\ReportQueue\\\\Kernel_1b8_3266ee9f236733789e644ef694ee92749a13023_00000000_7d3f6467-bca2-417a-81dc-b44c62a7063a", "rechecking": "0", "reportId": "7d3f6467-bca2-417a-81dc-b44c62a7063a", "reportStatus": "2051", "cabGuid": "0"}}}, "location": "EventChannel"}
{"timestamp": "2026-09-02T09:19:06.408+0000", "rule": {"level": 4, "description": "Summary event of the report's signatures.", "id": "60608", "firedtimes": 31, "mail": false, "groups": ["windows", "windows_application"]}, "agent": {"id": "001", "name": "DESKTOP-8OTQ7D4", "ip": "172.16.104.253"}, "manager": {"name": "ip-172-31-35-68"}, "id": "1788340746.661023", "decoder": {"name": "windows_eventchannel"}, "data": {"win": {"system": {"providerName": "Windows Error Reporting", "providerGuid": "{0ead09bd-2157-539a-8d6d-c87f95b64d70}", "eventID": "1001", "version": "0", "level": "4", "task": "0", "opcode": "0", "keywords": "0x8000000000000000", "systemTime": "2026-09-02T09:18:48.1847575Z", "eventRecordID": "201392", "processID": "23032", "threadID": "5712", "channel": "Application", "computer": "DESKTOP-8OTQ7D4", "severityValue": "INFORMATION", "message": "\"Fault bucket , type 0\r\nEvent Name: LiveKernelEvent\r\nResponse: Not available\r\nCab Id: 0\r\n\r\nProblem signature:\r\nP1: 1a8\r\nP2: 1\r\nP3: 0\r\nP4: 0\r\nP5: 0\r\nP6: 10_0_26200\r\nP7: 0_0\r\nP8: 256_1\r\nP9: \r\nP10: \r\n\r\nAttached files:\r\n\\\\?\\C:\\WINDOWS\\LiveKernelReports\\WATCHDOG\\WATCHDOG-20260415-1922.dmp\r\n\\\\?\\C:\\WINDOWS\\SystemTemp\\WER-27063312-0.sysdata.xml\r\n\\\\?\\C:\\ProgramData\\Microsoft\\Windows\\WER\\Temp\\WER.0d0b8af3-92d6-43a2-8ce1-fe84531e1afc.tmp.WERInternalMetadata.xml\r\n\\\\?\\C:\\ProgramData\\Microsoft\\Windows\\WER\\Temp\\WER.96221082-24da-4ed3-adfe-81fa0ac36d60.tmp.csv\r\n\\\\?\\C:\\ProgramData\\Microsoft\\Windows\\WER\\Temp\\WER.48cf9ba5-0a96-49d9-94cf-02fac9ceac95.tmp.txt\r\n\\\\?\\C:\\ProgramData\\Microsoft\\Windows\\WER\\Temp\\WER.923b20ee-2c94-4a56-b190-b12b4ab45048.tmp.xml\r\n\r\nThese files may be available here:\r\n\\\\?\\C:\\ProgramData\\Microsoft\\Windows\\WER\\ReportQueue\\Kernel_1a8_c3be8430ad9f60eb75f06b62afa7598beb464e3_00000000_af62a3f6-e8fe-4c35-b313-68e88ccb13bc\r\n\r\nAnalysis symbol: \r\nRechecking for solution: 0\r\nReport Id: af62a3f6-e8fe-4c35-b313-68e88ccb13bc\r\nReport Status: 2051\r\nHashed bucket: \r\nCab Guid: 0\""}, "eventdata": {"bucketType": "0", "eventName": "LiveKernelEvent", "response": "Not available", "cabId": "0", "p1": "1a8", "p2": "1", "p3": "0", "p4": "0", "p5": "0", "p6": "10_0_26200", "p7": "0_0", "p8": "256_1", "attachedFiles": "  \\\\\\\\?\\\\C:\\\\WINDOWS\\\\LiveKernelReports\\\\WATCHDOG\\\\WATCHDOG-20260415-1922.dmp  \\\\\\\\?\\\\C:\\\\WINDOWS\\\\SystemTemp\\\\WER-27063312-0.sysdata.xml  \\\\\\\\?\\\\C:\\\\ProgramData\\\\Microsoft\\\\Windows\\\\WER\\\\Temp\\\\WER.0d0b8af3-92d6-43a2-8ce1-fe84531e1afc.tmp.WERInternalMetadata.xml  \\\\\\\\?\\\\C:\\\\ProgramData\\\\Microsoft\\\\Windows\\\\WER\\\\Temp\\\\WER.96221082-24da-4ed3-adfe-81fa0ac36d60.tmp.csv  \\\\\\\\?\\\\C:\\\\ProgramData\\\\Microsoft\\\\Windows\\\\WER\\\\Temp\\\\WER.48cf9ba5-0a96-49d9-94cf-02fac9ceac95.tmp.txt  \\\\\\\\?\\\\C:\\\\ProgramData\\\\Microsoft\\\\Windows\\\\WER\\\\Temp\\\\WER.923b20ee-2c94-4a56-b190-b12b4ab45048.tmp.xml", "storePath": "\\\\\\\\?\\\\C:\\\\ProgramData\\\\Microsoft\\\\Windows\\\\WER\\\\ReportQueue\\\\Kernel_1a8_c3be8430ad9f60eb75f06b62afa7598beb464e3_00000000_af62a3f6-e8fe-4c35-b313-68e88ccb13bc", "rechecking": "0", "reportId": "af62a3f6-e8fe-4c35-b313-68e88ccb13bc", "reportStatus": "2051", "cabGuid": "0"}}}, "location": "EventChannel"}
{"timestamp": "2026-09-02T09:19:06.414+0000", "rule": {"level": 4, "description": "Summary event of the report's signatures.", "id": "60608", "firedtimes": 32, "mail": false, "groups": ["windows", "windows_application"]}, "agent": {"id": "001", "name": "DESKTOP-8OTQ7D4", "ip": "172.16.104.253"}, "manager": {"name": "ip-172-31-35-68"}, "id": "1788340746.666866", "decoder": {"name": "windows_eventchannel"}, "data": {"win": {"system": {"providerName": "Windows Error Reporting", "providerGuid": "{0ead09bd-2157-539a-8d6d-c87f95b64d70}", "eventID": "1001", "version": "0", "level": "4", "task": "0", "opcode": "0", "keywords": "0x8000000000000000", "systemTime": "2026-09-02T09:18:48.3101058Z", "eventRecordID": "201393", "processID": "23032", "threadID": "5712", "channel": "Application", "computer": "DESKTOP-8OTQ7D4", "severityValue": "INFORMATION", "message": "\"Fault bucket , type 0\r\nEvent Name: AppTermFailureEvent\r\nResponse: Not available\r\nCab Id: 0\r\n\r\nProblem signature:\r\nP1: \r\nP2: \r\nP3: \r\nP4: \r\nP5: \r\nP6: \r\nP7: \r\nP8: \r\nP9: \r\nP10: \r\n\r\nAttached files:\r\n\\\\?\\C:\\Windows\\SystemTemp\\WER.d9f2b7c2-7009-4abf-83f8-62979c1578f6.tmpatk.kdmp\r\n\\\\?\\C:\\Windows\\SystemTemp\\WER.c2bc1e95-33db-49f3-a9b9-2c18be5d3f82.tmp.appcompat.txt\r\n\\\\?\\C:\\ProgramData\\Microsoft\\Windows\\WER\\Temp\\WER.a166e972-e710-4c10-83df-6281b81788fa.tmp.WERInternalMetadata.xml\r\n\\\\?\\C:\\ProgramData\\Microsoft\\Windows\\WER\\Temp\\WER.74ca3d71-31a3-4bed-95e1-e26bbcb018b3.tmp.csv\r\n\\\\?\\C:\\ProgramData\\Microsoft\\Windows\\WER\\Temp\\WER.9e63608b-a5a0-494e-a095-b08b22df7961.tmp.txt\r\n\\\\?\\C:\\ProgramData\\Microsoft\\Windows\\WER\\Temp\\WER.fcf40f43-987d-4761-bb20-8be36e70ba2a.tmp.xml\r\n\r\nThese files may be available here:\r\n\\\\?\\C:\\ProgramData\\Microsoft\\Windows\\WER\\ReportQueue\\Kernel_0_0_00000000_8d6136e6-cdb6-40c3-a96f-548c6b1711c5\r\n\r\nAnalysis symbol: \r\nRechecking for solution: 0\r\nReport Id: 002829fd-b0e2-4bac-a25a-41ee6fb19a83\r\nReport Status: 2051\r\nHashed bucket: \r\nCab Guid: 0\""}, "eventdata": {"bucketType": "0", "eventName": "AppTermFailureEvent", "response": "Not available", "cabId": "0", "attachedFiles": "  \\\\\\\\?\\\\C:\\\\Windows\\\\SystemTemp\\\\WER.d9f2b7c2-7009-4abf-83f8-62979c1578f6.tmpatk.kdmp  \\\\\\\\?\\\\C:\\\\Windows\\\\SystemTemp\\\\WER.c2bc1e95-33db-49f3-a9b9-2c18be5d3f82.tmp.appcompat.txt  \\\\\\\\?\\\\C:\\\\ProgramData\\\\Microsoft\\\\Windows\\\\WER\\\\Temp\\\\WER.a166e972-e710-4c10-83df-6281b81788fa.tmp.WERInternalMetadata.xml  \\\\\\\\?\\\\C:\\\\ProgramData\\\\Microsoft\\\\Windows\\\\WER\\\\Temp\\\\WER.74ca3d71-31a3-4bed-95e1-e26bbcb018b3.tmp.csv  \\\\\\\\?\\\\C:\\\\ProgramData\\\\Microsoft\\\\Windows\\\\WER\\\\Temp\\\\WER.9e63608b-a5a0-494e-a095-b08b22df7961.tmp.txt  \\\\\\\\?\\\\C:\\\\ProgramData\\\\Microsoft\\\\Windows\\\\WER\\\\Temp\\\\WER.fcf40f43-987d-4761-bb20-8be36e70ba2a.tmp.xml", "storePath": "\\\\\\\\?\\\\C:\\\\ProgramData\\\\Microsoft\\\\Windows\\\\WER\\\\ReportQueue\\\\Kernel_0_0_00000000_8d6136e6-cdb6-40c3-a96f-548c6b1711c5", "rechecking": "0", "reportId": "002829fd-b0e2-4bac-a25a-41ee6fb19a83", "reportStatus": "2051", "cabGuid": "0"}}}, "location": "EventChannel"}
{"timestamp": "2026-09-02T09:19:06.414+0000", "rule": {"level": 4, "description": "Summary event of the report's signatures.", "id": "60608", "firedtimes": 33, "mail": false, "groups": ["windows", "windows_application"]}, "agent": {"id": "001", "name": "DESKTOP-8OTQ7D4", "ip": "172.16.104.253"}, "manager": {"name": "ip-172-31-35-68"}, "id": "1788340746.672412", "decoder": {"name": "windows_eventchannel"}, "data": {"win": {"system": {"providerName": "Windows Error Reporting", "providerGuid": "{0ead09bd-2157-539a-8d6d-c87f95b64d70}", "eventID": "1001", "version": "0", "level": "4", "task": "0", "opcode": "0", "keywords": "0x8000000000000000", "systemTime": "2026-09-02T09:18:48.4441627Z", "eventRecordID": "201394", "processID": "23032", "threadID": "5712", "channel": "Application", "computer": "DESKTOP-8OTQ7D4", "severityValue": "INFORMATION", "message": "\"Fault bucket , type 0\r\nEvent Name: LiveKernelEvent\r\nResponse: Not available\r\nCab Id: 0\r\n\r\nProblem signature:\r\nP1: 1a8\r\nP2: 1\r\nP3: 0\r\nP4: 0\r\nP5: 0\r\nP6: 10_0_26200\r\nP7: 0_0\r\nP8: 256_1\r\nP9: \r\nP10: \r\n\r\nAttached files:\r\n\\\\?\\C:\\WINDOWS\\LiveKernelReports\\WATCHDOG\\WATCHDOG-20260421-2151.dmp\r\n\\\\?\\C:\\WINDOWS\\SystemTemp\\WER-554388500-0.sysdata.xml\r\n\\\\?\\C:\\ProgramData\\Microsoft\\Windows\\WER\\Temp\\WER.5555d5b5-d8df-4c3e-804e-a755b46e8f9b.tmp.WERInternalMetadata.xml\r\n\\\\?\\C:\\ProgramData\\Microsoft\\Windows\\WER\\Temp\\WER.29b9c35c-e2b4-4f9c-af46-64bdc55f539b.tmp.csv\r\n\\\\?\\C:\\ProgramData\\Microsoft\\Windows\\WER\\Temp\\WER.9e25c9e2-c88b-4c5f-a877-b183ee21c719.tmp.txt\r\n\\\\?\\C:\\ProgramData\\Microsoft\\Windows\\WER\\Temp\\WER.c394cc61-8265-47f2-b7fa-f53c602b923c.tmp.xml\r\n\r\nThese files may be available here:\r\n\\\\?\\C:\\ProgramData\\Microsoft\\Windows\\WER\\ReportQueue\\Kernel_1a8_c3be8430ad9f60eb75f06b62afa7598beb464e3_00000000_7eb55fde-c111-491d-bafe-07ad1161cec8\r\n\r\nAnalysis symbol: \r\nRechecking for solution: 0\r\nReport Id: 7eb55fde-c111-491d-bafe-07ad1161cec8\r\nReport Status: 2051\r\nHashed bucket: \r\nCab Guid: 0\""}, "eventdata": {"bucketType": "0", "eventName": "LiveKernelEvent", "response": "Not available", "cabId": "0", "p1": "1a8", "p2": "1", "p3": "0", "p4": "0", "p5": "0", "p6": "10_0_26200", "p7": "0_0", "p8": "256_1", "attachedFiles": "  \\\\\\\\?\\\\C:\\\\WINDOWS\\\\LiveKernelReports\\\\WATCHDOG\\\\WATCHDOG-20260421-2151.dmp  \\\\\\\\?\\\\C:\\\\WINDOWS\\\\SystemTemp\\\\WER-554388500-0.sysdata.xml  \\\\\\\\?\\\\C:\\\\ProgramData\\\\Microsoft\\\\Windows\\\\WER\\\\Temp\\\\WER.5555d5b5-d8df-4c3e-804e-a755b46e8f9b.tmp.WERInternalMetadata.xml  \\\\\\\\?\\\\C:\\\\ProgramData\\\\Microsoft\\\\Windows\\\\WER\\\\Temp\\\\WER.29b9c35c-e2b4-4f9c-af46-64bdc55f539b.tmp.csv  \\\\\\\\?\\\\C:\\\\ProgramData\\\\Microsoft\\\\Windows\\\\WER\\\\Temp\\\\WER.9e25c9e2-c88b-4c5f-a877-b183ee21c719.tmp.txt  \\\\\\\\?\\\\C:\\\\ProgramData\\\\Microsoft\\\\Windows\\\\WER\\\\Temp\\\\WER.c394cc61-8265-47f2-b7fa-f53c602b923c.tmp.xml", "storePath": "\\\\\\\\?\\\\C:\\\\ProgramData\\\\Microsoft\\\\Windows\\\\WER\\\\ReportQueue\\\\Kernel_1a8_c3be8430ad9f60eb75f06b62afa7598beb464e3_00000000_7eb55fde-c111-491d-bafe-07ad1161cec8", "rechecking": "0", "reportId": "7eb55fde-c111-491d-bafe-07ad1161cec8", "reportStatus": "2051", "cabGuid": "0"}}}, "location": "EventChannel"}
{"timestamp": "2026-09-02T09:19:06.418+0000", "rule": {"level": 4, "description": "Summary event of the report's signatures.", "id": "60608", "firedtimes": 34, "mail": false, "groups": ["windows", "windows_application"]}, "agent": {"id": "001", "name": "DESKTOP-8OTQ7D4", "ip": "172.16.104.253"}, "manager": {"name": "ip-172-31-35-68"}, "id": "1788340746.678259", "decoder": {"name": "windows_eventchannel"}, "data": {"win": {"system": {"providerName": "Windows Error Reporting", "providerGuid": "{0ead09bd-2157-539a-8d6d-c87f95b64d70}", "eventID": "1001", "version": "0", "level": "4", "task": "0", "opcode": "0", "keywords": "0x8000000000000000", "systemTime": "2026-09-02T09:18:48.5609937Z", "eventRecordID": "201395", "processID": "23032", "threadID": "5712", "channel": "Application", "computer": "DESKTOP-8OTQ7D4", "severityValue": "INFORMATION", "message": "\"Fault bucket , type 0\r\nEvent Name: LiveKernelEvent\r\nResponse: Not available\r\nCab Id: 0\r\n\r\nProblem signature:\r\nP1: 1b8\r\nP2: 1\r\nP3: 0\r\nP4: 0\r\nP5: 0\r\nP6: 10_0_26200\r\nP7: 0_0\r\nP8: 256_1\r\nP9: \r\nP10: \r\n\r\nAttached files:\r\n\\\\?\\C:\\WINDOWS\\LiveKernelReports\\WATCHDOG4401\\WATCHDOG4401-20260421-2151.dmp\r\n\\\\?\\C:\\WINDOWS\\SystemTemp\\WER-554388515-0.sysdata.xml\r\n\\\\?\\C:\\ProgramData\\Microsoft\\Windows\\WER\\Temp\\WER.c880b9f6-8f42-4f4d-9d48-f40af937e5ae.tmp.WERInternalMetadata.xml\r\n\\\\?\\C:\\ProgramData\\Microsoft\\Windows\\WER\\Temp\\WER.c55478cf-cfaa-4fb4-922f-e48983206d1d.tmp.csv\r\n\\\\?\\C:\\ProgramData\\Microsoft\\Windows\\WER\\Temp\\WER.60347b91-bc76-43a2-bb08-07bcdba5a3b9.tmp.txt\r\n\\\\?\\C:\\ProgramData\\Microsoft\\Windows\\WER\\Temp\\WER.baddd2d8-1506-49b0-9bf2-5eb94e8c96cf.tmp.xml\r\n\r\nThese files may be available here:\r\n\\\\?\\C:\\ProgramData\\Microsoft\\Windows\\WER\\ReportQueue\\Kernel_1b8_3266ee9f236733789e644ef694ee92749a13023_00000000_21f244d3-f05d-46f5-b2c0-97c1a89430f2\r\n\r\nAnalysis symbol: \r\nRechecking for solution: 0\r\nReport Id: 21f244d3-f05d-46f5-b2c0-97c1a89430f2\r\nReport Status: 2051\r\nHashed bucket: \r\nCab Guid: 0\""}, "eventdata": {"bucketType": "0", "eventName": "LiveKernelEvent", "response": "Not available", "cabId": "0", "p1": "1b8", "p2": "1", "p3": "0", "p4": "0", "p5": "0", "p6": "10_0_26200", "p7": "0_0", "p8": "256_1", "attachedFiles": "  \\\\\\\\?\\\\C:\\\\WINDOWS\\\\LiveKernelReports\\\\WATCHDOG4401\\\\WATCHDOG4401-20260421-2151.dmp  \\\\\\\\?\\\\C:\\\\WINDOWS\\\\SystemTemp\\\\WER-554388515-0.sysdata.xml  \\\\\\\\?\\\\C:\\\\ProgramData\\\\Microsoft\\\\Windows\\\\WER\\\\Temp\\\\WER.c880b9f6-8f42-4f4d-9d48-f40af937e5ae.tmp.WERInternalMetadata.xml  \\\\\\\\?\\\\C:\\\\ProgramData\\\\Microsoft\\\\Windows\\\\WER\\\\Temp\\\\WER.c55478cf-cfaa-4fb4-922f-e48983206d1d.tmp.csv  \\\\\\\\?\\\\C:\\\\ProgramData\\\\Microsoft\\\\Windows\\\\WER\\\\Temp\\\\WER.60347b91-bc76-43a2-bb08-07bcdba5a3b9.tmp.txt  \\\\\\\\?\\\\C:\\\\ProgramData\\\\Microsoft\\\\Windows\\\\WER\\\\Temp\\\\WER.baddd2d8-1506-49b0-9bf2-5eb94e8c96cf.tmp.xml", "storePath": "\\\\\\\\?\\\\C:\\\\ProgramData\\\\Microsoft\\\\Windows\\\\WER\\\\ReportQueue\\\\Kernel_1b8_3266ee9f236733789e644ef694ee92749a13023_00000000_21f244d3-f05d-46f5-b2c0-97c1a89430f2", "rechecking": "0", "reportId": "21f244d3-f05d-46f5-b2c0-97c1a89430f2", "reportStatus": "2051", "cabGuid": "0"}}}, "location": "EventChannel"}
{"timestamp": "2026-09-02T09:19:06.418+0000", "rule": {"level": 4, "description": "Summary event of the report's signatures.", "id": "60608", "firedtimes": 35, "mail": false, "groups": ["windows", "windows_application"]}, "agent": {"id": "001", "name": "DESKTOP-8OTQ7D4", "ip": "172.16.104.253"}, "manager": {"name": "ip-172-31-35-68"}, "id": "1788340746.684138", "decoder": {"name": "windows_eventchannel"}, "data": {"win": {"system": {"providerName": "Windows Error Reporting", "providerGuid": "{0ead09bd-2157-539a-8d6d-c87f95b64d70}", "eventID": "1001", "version": "0", "level": "4", "task": "0", "opcode": "0", "keywords": "0x8000000000000000", "systemTime": "2026-09-02T09:18:48.6793867Z", "eventRecordID": "201396", "processID": "23032", "threadID": "5712", "channel": "Application", "computer": "DESKTOP-8OTQ7D4", "severityValue": "INFORMATION", "message": "\"Fault bucket , type 0\r\nEvent Name: LiveKernelEvent\r\nResponse: Not available\r\nCab Id: 0\r\n\r\nProblem signature:\r\nP1: 1a8\r\nP2: 1\r\nP3: 0\r\nP4: 0\r\nP5: 0\r\nP6: 10_0_26200\r\nP7: 0_0\r\nP8: 256_1\r\nP9: \r\nP10: \r\n\r\nAttached files:\r\n\\\\?\\C:\\WINDOWS\\LiveKernelReports\\WATCHDOG\\WATCHDOG-20260529-0919.dmp\r\n\\\\?\\C:\\WINDOWS\\SystemTemp\\WER-171750453-0.sysdata.xml\r\n\\\\?\\C:\\ProgramData\\Microsoft\\Windows\\WER\\Temp\\WER.8de97a6b-6423-435f-8aa9-ccad0677d4f4.tmp.WERInternalMetadata.xml\r\n\\\\?\\C:\\ProgramData\\Microsoft\\Windows\\WER\\Temp\\WER.70a22d3b-210f-4afa-87c3-174b33592aa5.tmp.csv\r\n\\\\?\\C:\\ProgramData\\Microsoft\\Windows\\WER\\Temp\\WER.01c3a2a5-e17f-434a-bea1-9e49961b2c12.tmp.txt\r\n\\\\?\\C:\\ProgramData\\Microsoft\\Windows\\WER\\Temp\\WER.d4446148-e760-4690-a5c6-4d4a9f1e7980.tmp.xml\r\n\r\nThese files may be available here:\r\n\\\\?\\C:\\ProgramData\\Microsoft\\Windows\\WER\\ReportQueue\\Kernel_1a8_c3be8430ad9f60eb75f06b62afa7598beb464e3_00000000_c5af0967-6c9a-4d73-a1e2-f9b6cec855d9\r\n\r\nAnalysis symbol: \r\nRechecking for solution: 0\r\nReport Id: c5af0967-6c9a-4d73-a1e2-f9b6cec855d9\r\nReport Status: 2051\r\nHashed bucket: \r\nCab Guid: 0\""}, "eventdata": {"bucketType": "0", "eventName": "LiveKernelEvent", "response": "Not available", "cabId": "0", "p1": "1a8", "p2": "1", "p3": "0", "p4": "0", "p5": "0", "p6": "10_0_26200", "p7": "0_0", "p8": "256_1", "attachedFiles": "  \\\\\\\\?\\\\C:\\\\WINDOWS\\\\LiveKernelReports\\\\WATCHDOG\\\\WATCHDOG-20260529-0919.dmp  \\\\\\\\?\\\\C:\\\\WINDOWS\\\\SystemTemp\\\\WER-171750453-0.sysdata.xml  \\\\\\\\?\\\\C:\\\\ProgramData\\\\Microsoft\\\\Windows\\\\WER\\\\Temp\\\\WER.8de97a6b-6423-435f-8aa9-ccad0677d4f4.tmp.WERInternalMetadata.xml  \\\\\\\\?\\\\C:\\\\ProgramData\\\\Microsoft\\\\Windows\\\\WER\\\\Temp\\\\WER.70a22d3b-210f-4afa-87c3-174b33592aa5.tmp.csv  \\\\\\\\?\\\\C:\\\\ProgramData\\\\Microsoft\\\\Windows\\\\WER\\\\Temp\\\\WER.01c3a2a5-e17f-434a-bea1-9e49961b2c12.tmp.txt  \\\\\\\\?\\\\C:\\\\ProgramData\\\\Microsoft\\\\Windows\\\\WER\\\\Temp\\\\WER.d4446148-e760-4690-a5c6-4d4a9f1e7980.tmp.xml", "storePath": "\\\\\\\\?\\\\C:\\\\ProgramData\\\\Microsoft\\\\Windows\\\\WER\\\\ReportQueue\\\\Kernel_1a8_c3be8430ad9f60eb75f06b62afa7598beb464e3_00000000_c5af0967-6c9a-4d73-a1e2-f9b6cec855d9", "rechecking": "0", "reportId": "c5af0967-6c9a-4d73-a1e2-f9b6cec855d9", "reportStatus": "2051", "cabGuid": "0"}}}, "location": "EventChannel"}
{"timestamp": "2026-09-02T09:19:07.477+0000", "rule": {"level": 4, "description": "Summary event of the report's signatures.", "id": "60608", "firedtimes": 36, "mail": false, "groups": ["windows", "windows_application"]}, "agent": {"id": "001", "name": "DESKTOP-8OTQ7D4", "ip": "172.16.104.253"}, "manager": {"name": "ip-172-31-35-68"}, "id": "1788340747.689985", "decoder": {"name": "windows_eventchannel"}, "data": {"win": {"system": {"providerName": "Windows Error Reporting", "providerGuid": "{0ead09bd-2157-539a-8d6d-c87f95b64d70}", "eventID": "1001", "version": "0", "level": "4", "task": "0", "opcode": "0", "keywords": "0x8000000000000000", "systemTime": "2026-09-02T09:18:48.8079728Z", "eventRecordID": "201397", "processID": "23032", "threadID": "5712", "channel": "Application", "computer": "DESKTOP-8OTQ7D4", "severityValue": "INFORMATION", "message": "\"Fault bucket , type 0\r\nEvent Name: LiveKernelEvent\r\nResponse: Not available\r\nCab Id: 0\r\n\r\nProblem signature:\r\nP1: 1b8\r\nP2: 1\r\nP3: 0\r\nP4: 0\r\nP5: 0\r\nP6: 10_0_26200\r\nP7: 0_0\r\nP8: 256_1\r\nP9: \r\nP10: \r\n\r\nAttached files:\r\n\\\\?\\C:\\WINDOWS\\LiveKernelReports\\WATCHDOG4400\\WATCHDOG4400-20260529-0919.dmp\r\n\\\\?\\C:\\WINDOWS\\SystemTemp\\WER-171750421-0.sysdata.xml\r\n\\\\?\\C:\\ProgramData\\Microsoft\\Windows\\WER\\Temp\\WER.6b3a1518-ff4d-4e51-9149-16688b28003f.tmp.WERInternalMetadata.xml\r\n\\\\?\\C:\\ProgramData\\Microsoft\\Windows\\WER\\Temp\\WER.3a9acb22-e3e8-421b-a685-ee7da84dcc98.tmp.csv\r\n\\\\?\\C:\\ProgramData\\Microsoft\\Windows\\WER\\Temp\\WER.92fca8c5-4b9d-4be4-9359-58e6db750a9b.tmp.txt\r\n\\\\?\\C:\\ProgramData\\Microsoft\\Windows\\WER\\Temp\\WER.5b0c8958-4b43-4174-b346-e8cc09ae9774.tmp.xml\r\n\r\nThese files may be available here:\r\n\\\\?\\C:\\ProgramData\\Microsoft\\Windows\\WER\\ReportQueue\\Kernel_1b8_3266ee9f236733789e644ef694ee92749a13023_00000000_2bdf73bb-d811-41b8-9df5-24a866be7ea7\r\n\r\nAnalysis symbol: \r\nRechecking for solution: 0\r\nReport Id: 2bdf73bb-d811-41b8-9df5-24a866be7ea7\r\nReport Status: 2051\r\nHashed bucket: \r\nCab Guid: 0\""}, "eventdata": {"bucketType": "0", "eventName": "LiveKernelEvent", "response": "Not available", "cabId": "0", "p1": "1b8", "p2": "1", "p3": "0", "p4": "0", "p5": "0", "p6": "10_0_26200", "p7": "0_0", "p8": "256_1", "attachedFiles": "  \\\\\\\\?\\\\C:\\\\WINDOWS\\\\LiveKernelReports\\\\WATCHDOG4400\\\\WATCHDOG4400-20260529-0919.dmp  \\\\\\\\?\\\\C:\\\\WINDOWS\\\\SystemTemp\\\\WER-171750421-0.sysdata.xml  \\\\\\\\?\\\\C:\\\\ProgramData\\\\Microsoft\\\\Windows\\\\WER\\\\Temp\\\\WER.6b3a1518-ff4d-4e51-9149-16688b28003f.tmp.WERInternalMetadata.xml  \\\\\\\\?\\\\C:\\\\ProgramData\\\\Microsoft\\\\Windows\\\\WER\\\\Temp\\\\WER.3a9acb22-e3e8-421b-a685-ee7da84dcc98.tmp.csv  \\\\\\\\?\\\\C:\\\\ProgramData\\\\Microsoft\\\\Windows\\\\WER\\\\Temp\\\\WER.92fca8c5-4b9d-4be4-9359-58e6db750a9b.tmp.txt  \\\\\\\\?\\\\C:\\\\ProgramData\\\\Microsoft\\\\Windows\\\\WER\\\\Temp\\\\WER.5b0c8958-4b43-4174-b346-e8cc09ae9774.tmp.xml", "storePath": "\\\\\\\\?\\\\C:\\\\ProgramData\\\\Microsoft\\\\Windows\\\\WER\\\\ReportQueue\\\\Kernel_1b8_3266ee9f236733789e644ef694ee92749a13023_00000000_2bdf73bb-d811-41b8-9df5-24a866be7ea7", "rechecking": "0", "reportId": "2bdf73bb-d811-41b8-9df5-24a866be7ea7", "reportStatus": "2051", "cabGuid": "0"}}}, "location": "EventChannel"}
{"timestamp": "2026-09-02T09:19:07.477+0000", "rule": {"level": 4, "description": "Summary event of the report's signatures.", "id": "60608", "firedtimes": 37, "mail": false, "groups": ["windows", "windows_application"]}, "agent": {"id": "001", "name": "DESKTOP-8OTQ7D4", "ip": "172.16.104.253"}, "manager": {"name": "ip-172-31-35-68"}, "id": "1788340747.695864", "decoder": {"name": "windows_eventchannel"}, "data": {"win": {"system": {"providerName": "Windows Error Reporting", "providerGuid": "{0ead09bd-2157-539a-8d6d-c87f95b64d70}", "eventID": "1001", "version": "0", "level": "4", "task": "0", "opcode": "0", "keywords": "0x8000000000000000", "systemTime": "2026-09-02T09:18:48.9058762Z", "eventRecordID": "201398", "processID": "23032", "threadID": "5712", "channel": "Application", "computer": "DESKTOP-8OTQ7D4", "severityValue": "INFORMATION", "message": "\"Fault bucket , type 0\r\nEvent Name: LiveKernelEvent\r\nResponse: Not available\r\nCab Id: 0\r\n\r\nProblem signature:\r\nP1: 1a8\r\nP2: 1\r\nP3: 0\r\nP4: 0\r\nP5: 0\r\nP6: 10_0_26200\r\nP7: 0_0\r\nP8: 256_1\r\nP9: \r\nP10: \r\n\r\nAttached files:\r\n\\\\?\\C:\\WINDOWS\\LiveKernelReports\\WATCHDOG\\WATCHDOG-20260530-0854.dmp\r\n\\\\?\\C:\\WINDOWS\\SystemTemp\\WER-80226687-0.sysdata.xml\r\n\\\\?\\C:\\ProgramData\\Microsoft\\Windows\\WER\\Temp\\WER.e1aa3947-591d-4848-a9b7-6f420a0c36df.tmp.WERInternalMetadata.xml\r\n\\\\?\\C:\\ProgramData\\Microsoft\\Windows\\WER\\Temp\\WER.41e98b63-1c8e-4da9-b149-3ec143ca633e.tmp.csv\r\n\\\\?\\C:\\ProgramData\\Microsoft\\Windows\\WER\\Temp\\WER.26db9a9f-0110-47dc-b21e-22dbbb0604d2.tmp.txt\r\n\\\\?\\C:\\ProgramData\\Microsoft\\Windows\\WER\\Temp\\WER.0653afb6-2aca-4ad1-9d6b-b572b247274b.tmp.xml\r\n\r\nThese files may be available here:\r\n\\\\?\\C:\\ProgramData\\Microsoft\\Windows\\WER\\ReportQueue\\Kernel_1a8_c3be8430ad9f60eb75f06b62afa7598beb464e3_00000000_0edd3e96-2108-4bb0-acaa-171e09e894b2\r\n\r\nAnalysis symbol: \r\nRechecking for solution: 0\r\nReport Id: 0edd3e96-2108-4bb0-acaa-171e09e894b2\r\nReport Status: 2051\r\nHashed bucket: \r\nCab Guid: 0\""}, "eventdata": {"bucketType": "0", "eventName": "LiveKernelEvent", "response": "Not available", "cabId": "0", "p1": "1a8", "p2": "1", "p3": "0", "p4": "0", "p5": "0", "p6": "10_0_26200", "p7": "0_0", "p8": "256_1", "attachedFiles": "  \\\\\\\\?\\\\C:\\\\WINDOWS\\\\LiveKernelReports\\\\WATCHDOG\\\\WATCHDOG-20260530-0854.dmp  \\\\\\\\?\\\\C:\\\\WINDOWS\\\\SystemTemp\\\\WER-80226687-0.sysdata.xml  \\\\\\\\?\\\\C:\\\\ProgramData\\\\Microsoft\\\\Windows\\\\WER\\\\Temp\\\\WER.e1aa3947-591d-4848-a9b7-6f420a0c36df.tmp.WERInternalMetadata.xml  \\\\\\\\?\\\\C:\\\\ProgramData\\\\Microsoft\\\\Windows\\\\WER\\\\Temp\\\\WER.41e98b63-1c8e-4da9-b149-3ec143ca633e.tmp.csv  \\\\\\\\?\\\\C:\\\\ProgramData\\\\Microsoft\\\\Windows\\\\WER\\\\Temp\\\\WER.26db9a9f-0110-47dc-b21e-22dbbb0604d2.tmp.txt  \\\\\\\\?\\\\C:\\\\ProgramData\\\\Microsoft\\\\Windows\\\\WER\\\\Temp\\\\WER.0653afb6-2aca-4ad1-9d6b-b572b247274b.tmp.xml", "storePath": "\\\\\\\\?\\\\C:\\\\ProgramData\\\\Microsoft\\\\Windows\\\\WER\\\\ReportQueue\\\\Kernel_1a8_c3be8430ad9f60eb75f06b62afa7598beb464e3_00000000_0edd3e96-2108-4bb0-acaa-171e09e894b2", "rechecking": "0", "reportId": "0edd3e96-2108-4bb0-acaa-171e09e894b2", "reportStatus": "2051", "cabGuid": "0"}}}, "location": "EventChannel"}
{"timestamp": "2026-09-02T09:19:07.477+0000", "rule": {"level": 4, "description": "Summary event of the report's signatures.", "id": "60608", "firedtimes": 38, "mail": false, "groups": ["windows", "windows_application"]}, "agent": {"id": "001", "name": "DESKTOP-8OTQ7D4", "ip": "172.16.104.253"}, "manager": {"name": "ip-172-31-35-68"}, "id": "1788340747.701707", "decoder": {"name": "windows_eventchannel"}, "data": {"win": {"system": {"providerName": "Windows Error Reporting", "providerGuid": "{0ead09bd-2157-539a-8d6d-c87f95b64d70}", "eventID": "1001", "version": "0", "level": "4", "task": "0", "opcode": "0", "keywords": "0x8000000000000000", "systemTime": "2026-09-02T09:18:49.0264156Z", "eventRecordID": "201399", "processID": "23032", "threadID": "5712", "channel": "Application", "computer": "DESKTOP-8OTQ7D4", "severityValue": "INFORMATION", "message": "\"Fault bucket , type 0\r\nEvent Name: LiveKernelEvent\r\nResponse: Not available\r\nCab Id: 0\r\n\r\nProblem signature:\r\nP1: 1b8\r\nP2: 1\r\nP3: 0\r\nP4: 0\r\nP5: 0\r\nP6: 10_0_26200\r\nP7: 0_0\r\nP8: 256_1\r\nP9: \r\nP10: \r\n\r\nAttached files:\r\n\\\\?\\C:\\WINDOWS\\LiveKernelReports\\WATCHDOG4400\\WATCHDOG4400-20260530-0854.dmp\r\n\\\\?\\C:\\WINDOWS\\SystemTemp\\WER-80226796-1.sysdata.xml\r\n\\\\?\\C:\\ProgramData\\Microsoft\\Windows\\WER\\Temp\\WER.914ee9af-5e40-4cb0-ac60-092b5cb4e76e.tmp.WERInternalMetadata.xml\r\n\\\\?\\C:\\ProgramData\\Microsoft\\Windows\\WER\\Temp\\WER.92e428c7-d1b5-4486-84e6-0ecefcc05a8e.tmp.csv\r\n\\\\?\\C:\\ProgramData\\Microsoft\\Windows\\WER\\Temp\\WER.2852a5f6-e938-47a9-8c78-0dc31caaa980.tmp.txt\r\n\\\\?\\C:\\ProgramData\\Microsoft\\Windows\\WER\\Temp\\WER.f022e12b-d536-4450-92ad-9ab28a4f447a.tmp.xml\r\n\r\nThese files may be available here:\r\n\\\\?\\C:\\ProgramData\\Microsoft\\Windows\\WER\\ReportQueue\\Kernel_1b8_3266ee9f236733789e644ef694ee92749a13023_00000000_b0478967-4bbe-4daf-9280-d7e8ac3697d6\r\n\r\nAnalysis symbol: \r\nRechecking for solution: 0\r\nReport Id: b0478967-4bbe-4daf-9280-d7e8ac3697d6\r\nReport Status: 2051\r\nHashed bucket: \r\nCab Guid: 0\""}, "eventdata": {"bucketType": "0", "eventName": "LiveKernelEvent", "response": "Not available", "cabId": "0", "p1": "1b8", "p2": "1", "p3": "0", "p4": "0", "p5": "0", "p6": "10_0_26200", "p7": "0_0", "p8": "256_1", "attachedFiles": "  \\\\\\\\?\\\\C:\\\\WINDOWS\\\\LiveKernelReports\\\\WATCHDOG4400\\\\WATCHDOG4400-20260530-0854.dmp  \\\\\\\\?\\\\C:\\\\WINDOWS\\\\SystemTemp\\\\WER-80226796-1.sysdata.xml  \\\\\\\\?\\\\C:\\\\ProgramData\\\\Microsoft\\\\Windows\\\\WER\\\\Temp\\\\WER.914ee9af-5e40-4cb0-ac60-092b5cb4e76e.tmp.WERInternalMetadata.xml  \\\\\\\\?\\\\C:\\\\ProgramData\\\\Microsoft\\\\Windows\\\\WER\\\\Temp\\\\WER.92e428c7-d1b5-4486-84e6-0ecefcc05a8e.tmp.csv  \\\\\\\\?\\\\C:\\\\ProgramData\\\\Microsoft\\\\Windows\\\\WER\\\\Temp\\\\WER.2852a5f6-e938-47a9-8c78-0dc31caaa980.tmp.txt  \\\\\\\\?\\\\C:\\\\ProgramData\\\\Microsoft\\\\Windows\\\\WER\\\\Temp\\\\WER.f022e12b-d536-4450-92ad-9ab28a4f447a.tmp.xml", "storePath": "\\\\\\\\?\\\\C:\\\\ProgramData\\\\Microsoft\\\\Windows\\\\WER\\\\ReportQueue\\\\Kernel_1b8_3266ee9f236733789e644ef694ee92749a13023_00000000_b0478967-4bbe-4daf-9280-d7e8ac3697d6", "rechecking": "0", "reportId": "b0478967-4bbe-4daf-9280-d7e8ac3697d6", "reportStatus": "2051", "cabGuid": "0"}}}, "location": "EventChannel"}
{"timestamp": "2026-09-02T09:19:07.478+0000", "rule": {"level": 4, "description": "Summary event of the report's signatures.", "id": "60608", "firedtimes": 39, "mail": false, "groups": ["windows", "windows_application"]}, "agent": {"id": "001", "name": "DESKTOP-8OTQ7D4", "ip": "172.16.104.253"}, "manager": {"name": "ip-172-31-35-68"}, "id": "1788340747.707582", "decoder": {"name": "windows_eventchannel"}, "data": {"win": {"system": {"providerName": "Windows Error Reporting", "providerGuid": "{0ead09bd-2157-539a-8d6d-c87f95b64d70}", "eventID": "1001", "version": "0", "level": "4", "task": "0", "opcode": "0", "keywords": "0x8000000000000000", "systemTime": "2026-09-02T09:18:49.1408996Z", "eventRecordID": "201400", "processID": "23032", "threadID": "5712", "channel": "Application", "computer": "DESKTOP-8OTQ7D4", "severityValue": "INFORMATION", "message": "\"Fault bucket , type 0\r\nEvent Name: LiveKernelEvent\r\nResponse: Not available\r\nCab Id: 0\r\n\r\nProblem signature:\r\nP1: 1a8\r\nP2: 1\r\nP3: 0\r\nP4: 0\r\nP5: 0\r\nP6: 10_0_26200\r\nP7: 0_0\r\nP8: 256_1\r\nP9: \r\nP10: \r\n\r\nAttached files:\r\n\\\\?\\C:\\WINDOWS\\LiveKernelReports\\WATCHDOG\\WATCHDOG-20260624-1414.dmp\r\n\\\\?\\C:\\WINDOWS\\SystemTemp\\WER-86682328-0.sysdata.xml\r\n\\\\?\\C:\\ProgramData\\Microsoft\\Windows\\WER\\Temp\\WER.96a87d08-05e4-408d-abcb-7284c98ec42c.tmp.WERInternalMetadata.xml\r\n\\\\?\\C:\\ProgramData\\Microsoft\\Windows\\WER\\Temp\\WER.54526fbc-667b-490a-b9c0-7b5b0d107f47.tmp.csv\r\n\\\\?\\C:\\ProgramData\\Microsoft\\Windows\\WER\\Temp\\WER.c184d213-e42f-4e2f-9f63-33ecbeb13248.tmp.txt\r\n\\\\?\\C:\\ProgramData\\Microsoft\\Windows\\WER\\Temp\\WER.696d77e2-5780-4a4e-9f1b-88ab8235243d.tmp.xml\r\n\r\nThese files may be available here:\r\n\\\\?\\C:\\ProgramData\\Microsoft\\Windows\\WER\\ReportQueue\\Kernel_1a8_c3be8430ad9f60eb75f06b62afa7598beb464e3_00000000_ba514709-0717-430f-b189-d31dd4fbaac2\r\n\r\nAnalysis symbol: \r\nRechecking for solution: 0\r\nReport Id: ba514709-0717-430f-b189-d31dd4fbaac2\r\nReport Status: 2051\r\nHashed bucket: \r\nCab Guid: 0\""}, "eventdata": {"bucketType": "0", "eventName": "LiveKernelEvent", "response": "Not available", "cabId": "0", "p1": "1a8", "p2": "1", "p3": "0", "p4": "0", "p5": "0", "p6": "10_0_26200", "p7": "0_0", "p8": "256_1", "attachedFiles": "  \\\\\\\\?\\\\C:\\\\WINDOWS\\\\LiveKernelReports\\\\WATCHDOG\\\\WATCHDOG-20260624-1414.dmp  \\\\\\\\?\\\\C:\\\\WINDOWS\\\\SystemTemp\\\\WER-86682328-0.sysdata.xml  \\\\\\\\?\\\\C:\\\\ProgramData\\\\Microsoft\\\\Windows\\\\WER\\\\Temp\\\\WER.96a87d08-05e4-408d-abcb-7284c98ec42c.tmp.WERInternalMetadata.xml  \\\\\\\\?\\\\C:\\\\ProgramData\\\\Microsoft\\\\Windows\\\\WER\\\\Temp\\\\WER.54526fbc-667b-490a-b9c0-7b5b0d107f47.tmp.csv  \\\\\\\\?\\\\C:\\\\ProgramData\\\\Microsoft\\\\Windows\\\\WER\\\\Temp\\\\WER.c184d213-e42f-4e2f-9f63-33ecbeb13248.tmp.txt  \\\\\\\\?\\\\C:\\\\ProgramData\\\\Microsoft\\\\Windows\\\\WER\\\\Temp\\\\WER.696d77e2-5780-4a4e-9f1b-88ab8235243d.tmp.xml", "storePath": "\\\\\\\\?\\\\C:\\\\ProgramData\\\\Microsoft\\\\Windows\\\\WER\\\\ReportQueue\\\\Kernel_1a8_c3be8430ad9f60eb75f06b62afa7598beb464e3_00000000_ba514709-0717-430f-b189-d31dd4fbaac2", "rechecking": "0", "reportId": "ba514709-0717-430f-b189-d31dd4fbaac2", "reportStatus": "2051", "cabGuid": "0"}}}, "location": "EventChannel"}
{"timestamp": "2026-09-02T09:19:07.478+0000", "rule": {"level": 4, "description": "Summary event of the report's signatures.", "id": "60608", "firedtimes": 40, "mail": false, "groups": ["windows", "windows_application"]}, "agent": {"id": "001", "name": "DESKTOP-8OTQ7D4", "ip": "172.16.104.253"}, "manager": {"name": "ip-172-31-35-68"}, "id": "1788340747.713425", "decoder": {"name": "windows_eventchannel"}, "data": {"win": {"system": {"providerName": "Windows Error Reporting", "providerGuid": "{0ead09bd-2157-539a-8d6d-c87f95b64d70}", "eventID": "1001", "version": "0", "level": "4", "task": "0", "opcode": "0", "keywords": "0x8000000000000000", "systemTime": "2026-09-02T09:18:49.2553306Z", "eventRecordID": "201401", "processID": "23032", "threadID": "5712", "channel": "Application", "computer": "DESKTOP-8OTQ7D4", "severityValue": "INFORMATION", "message": "\"Fault bucket , type 0\r\nEvent Name: LiveKernelEvent\r\nResponse: Not available\r\nCab Id: 0\r\n\r\nProblem signature:\r\nP1: 1b8\r\nP2: 1\r\nP3: 0\r\nP4: 0\r\nP5: 0\r\nP6: 10_0_26200\r\nP7: 0_0\r\nP8: 256_1\r\nP9: \r\nP10: \r\n\r\nAttached files:\r\n\\\\?\\C:\\WINDOWS\\LiveKernelReports\\WATCHDOG4400\\WATCHDOG4400-20260624-1414.dmp\r\n\\\\?\\C:\\WINDOWS\\SystemTemp\\WER-86682437-1.sysdata.xml\r\n\\\\?\\C:\\ProgramData\\Microsoft\\Windows\\WER\\Temp\\WER.5d201bbd-d4a8-4bff-8d39-8b042f0d5135.tmp.WERInternalMetadata.xml\r\n\\\\?\\C:\\ProgramData\\Microsoft\\Windows\\WER\\Temp\\WER.b3c843f0-8b95-4db6-8e1a-2f3a5a3e44ac.tmp.csv\r\n\\\\?\\C:\\ProgramData\\Microsoft\\Windows\\WER\\Temp\\WER.25fcb536-041b-4b3f-8909-ceaa2f28b23b.tmp.txt\r\n\\\\?\\C:\\ProgramData\\Microsoft\\Windows\\WER\\Temp\\WER.6623a151-51aa-4a95-9e34-b6c1f57ccfc1.tmp.xml\r\n\r\nThese files may be available here:\r\n\\\\?\\C:\\ProgramData\\Microsoft\\Windows\\WER\\ReportQueue\\Kernel_1b8_3266ee9f236733789e644ef694ee92749a13023_00000000_66e8c4c4-f6f8-4d7e-a844-fbd406ff2667\r\n\r\nAnalysis symbol: \r\nRechecking for solution: 0\r\nReport Id: 66e8c4c4-f6f8-4d7e-a844-fbd406ff2667\r\nReport Status: 2051\r\nHashed bucket: \r\nCab Guid: 0\""}, "eventdata": {"bucketType": "0", "eventName": "LiveKernelEvent", "response": "Not available", "cabId": "0", "p1": "1b8", "p2": "1", "p3": "0", "p4": "0", "p5": "0", "p6": "10_0_26200", "p7": "0_0", "p8": "256_1", "attachedFiles": "  \\\\\\\\?\\\\C:\\\\WINDOWS\\\\LiveKernelReports\\\\WATCHDOG4400\\\\WATCHDOG4400-20260624-1414.dmp  \\\\\\\\?\\\\C:\\\\WINDOWS\\\\SystemTemp\\\\WER-86682437-1.sysdata.xml  \\\\\\\\?\\\\C:\\\\ProgramData\\\\Microsoft\\\\Windows\\\\WER\\\\Temp\\\\WER.5d201bbd-d4a8-4bff-8d39-8b042f0d5135.tmp.WERInternalMetadata.xml  \\\\\\\\?\\\\C:\\\\ProgramData\\\\Microsoft\\\\Windows\\\\WER\\\\Temp\\\\WER.b3c843f0-8b95-4db6-8e1a-2f3a5a3e44ac.tmp.csv  \\\\\\\\?\\\\C:\\\\ProgramData\\\\Microsoft\\\\Windows\\\\WER\\\\Temp\\\\WER.25fcb536-041b-4b3f-8909-ceaa2f28b23b.tmp.txt  \\\\\\\\?\\\\C:\\\\ProgramData\\\\Microsoft\\\\Windows\\\\WER\\\\Temp\\\\WER.6623a151-51aa-4a95-9e34-b6c1f57ccfc1.tmp.xml", "storePath": "\\\\\\\\?\\\\C:\\\\ProgramData\\\\Microsoft\\\\Windows\\\\WER\\\\ReportQueue\\\\Kernel_1b8_3266ee9f236733789e644ef694ee92749a13023_00000000_66e8c4c4-f6f8-4d7e-a844-fbd406ff2667", "rechecking": "0", "reportId": "66e8c4c4-f6f8-4d7e-a844-fbd406ff2667", "reportStatus": "2051", "cabGuid": "0"}}}, "location": "EventChannel"}
{"timestamp": "2026-09-02T09:19:07.482+0000", "rule": {"level": 4, "description": "Summary event of the report's signatures.", "id": "60608", "firedtimes": 41, "mail": false, "groups": ["windows", "windows_application"]}, "agent": {"id": "001", "name": "DESKTOP-8OTQ7D4", "ip": "172.16.104.253"}, "manager": {"name": "ip-172-31-35-68"}, "id": "1788340747.719300", "decoder": {"name": "windows_eventchannel"}, "data": {"win": {"system": {"providerName": "Windows Error Reporting", "providerGuid": "{0ead09bd-2157-539a-8d6d-c87f95b64d70}", "eventID": "1001", "version": "0", "level": "4", "task": "0", "opcode": "0", "keywords": "0x8000000000000000", "systemTime": "2026-09-02T09:18:49.3973861Z", "eventRecordID": "201402", "processID": "23032", "threadID": "5712", "channel": "Application", "computer": "DESKTOP-8OTQ7D4", "severityValue": "INFORMATION", "message": "\"Fault bucket , type 0\r\nEvent Name: AppTermFailureEvent\r\nResponse: Not available\r\nCab Id: 0\r\n\r\nProblem signature:\r\nP1: \r\nP2: \r\nP3: \r\nP4: \r\nP5: \r\nP6: \r\nP7: \r\nP8: \r\nP9: \r\nP10: \r\n\r\nAttached files:\r\n\\\\?\\C:\\Windows\\SystemTemp\\WER.d074678a-c64e-457b-931e-fe67decc6509.tmpatk.kdmp\r\n\\\\?\\C:\\Windows\\SystemTemp\\WER.c386b498-b339-4585-967d-61ed4a636648.tmp.appcompat.txt\r\n\\\\?\\C:\\ProgramData\\Microsoft\\Windows\\WER\\Temp\\WER.176789e2-1da1-42fc-87fb-7800ecf6c917.tmp.WERInternalMetadata.xml\r\n\\\\?\\C:\\ProgramData\\Microsoft\\Windows\\WER\\Temp\\WER.15b36469-9513-4a48-b956-f2a6676fb868.tmp.csv\r\n\\\\?\\C:\\ProgramData\\Microsoft\\Windows\\WER\\Temp\\WER.ba021cab-37ce-40e2-ad64-38ce5c82a95a.tmp.txt\r\n\\\\?\\C:\\ProgramData\\Microsoft\\Windows\\WER\\Temp\\WER.5c135446-97ef-43ab-bdce-98172402c26e.tmp.xml\r\n\r\nThese files may be available here:\r\n\\\\?\\C:\\ProgramData\\Microsoft\\Windows\\WER\\ReportQueue\\Kernel_0_0_00000000_2cee0e21-c439-4da9-ba55-4a229c97acd7\r\n\r\nAnalysis symbol: \r\nRechecking for solution: 0\r\nReport Id: 9675233e-ae0a-4ff5-b6ce-159a09e5c1f4\r\nReport Status: 2051\r\nHashed bucket: \r\nCab Guid: 0\""}, "eventdata": {"bucketType": "0", "eventName": "AppTermFailureEvent", "response": "Not available", "cabId": "0", "attachedFiles": "  \\\\\\\\?\\\\C:\\\\Windows\\\\SystemTemp\\\\WER.d074678a-c64e-457b-931e-fe67decc6509.tmpatk.kdmp  \\\\\\\\?\\\\C:\\\\Windows\\\\SystemTemp\\\\WER.c386b498-b339-4585-967d-61ed4a636648.tmp.appcompat.txt  \\\\\\\\?\\\\C:\\\\ProgramData\\\\Microsoft\\\\Windows\\\\WER\\\\Temp\\\\WER.176789e2-1da1-42fc-87fb-7800ecf6c917.tmp.WERInternalMetadata.xml  \\\\\\\\?\\\\C:\\\\ProgramData\\\\Microsoft\\\\Windows\\\\WER\\\\Temp\\\\WER.15b36469-9513-4a48-b956-f2a6676fb868.tmp.csv  \\\\\\\\?\\\\C:\\\\ProgramData\\\\Microsoft\\\\Windows\\\\WER\\\\Temp\\\\WER.ba021cab-37ce-40e2-ad64-38ce5c82a95a.tmp.txt  \\\\\\\\?\\\\C:\\\\ProgramData\\\\Microsoft\\\\Windows\\\\WER\\\\Temp\\\\WER.5c135446-97ef-43ab-bdce-98172402c26e.tmp.xml", "storePath": "\\\\\\\\?\\\\C:\\\\ProgramData\\\\Microsoft\\\\Windows\\\\WER\\\\ReportQueue\\\\Kernel_0_0_00000000_2cee0e21-c439-4da9-ba55-4a229c97acd7", "rechecking": "0", "reportId": "9675233e-ae0a-4ff5-b6ce-159a09e5c1f4", "reportStatus": "2051", "cabGuid": "0"}}}, "location": "EventChannel"}
{"timestamp": "2026-09-02T09:19:07.482+0000", "rule": {"level": 4, "description": "Summary event of the report's signatures.", "id": "60608", "firedtimes": 42, "mail": false, "groups": ["windows", "windows_application"]}, "agent": {"id": "001", "name": "DESKTOP-8OTQ7D4", "ip": "172.16.104.253"}, "manager": {"name": "ip-172-31-35-68"}, "id": "1788340747.724846", "decoder": {"name": "windows_eventchannel"}, "data": {"win": {"system": {"providerName": "Windows Error Reporting", "providerGuid": "{0ead09bd-2157-539a-8d6d-c87f95b64d70}", "eventID": "1001", "version": "0", "level": "4", "task": "0", "opcode": "0", "keywords": "0x8000000000000000", "systemTime": "2026-09-02T09:18:49.4984781Z", "eventRecordID": "201403", "processID": "23032", "threadID": "5712", "channel": "Application", "computer": "DESKTOP-8OTQ7D4", "severityValue": "INFORMATION", "message": "\"Fault bucket , type 0\r\nEvent Name: LiveKernelEvent\r\nResponse: Not available\r\nCab Id: 0\r\n\r\nProblem signature:\r\nP1: 1a8\r\nP2: 8\r\nP3: 0\r\nP4: 0\r\nP5: 0\r\nP6: 10_0_26200\r\nP7: 0_0\r\nP8: 256_1\r\nP9: \r\nP10: \r\n\r\nAttached files:\r\n\\\\?\\C:\\WINDOWS\\LiveKernelReports\\WATCHDOG\\WATCHDOG-20260722-1117.dmp\r\n\\\\?\\C:\\WINDOWS\\SystemTemp\\WER-7168343-0.sysdata.xml\r\n\\\\?\\C:\\ProgramData\\Microsoft\\Windows\\WER\\Temp\\WER.026fd9b1-5ad3-4273-b5b6-4c65d0044816.tmp.xml\r\n\r\nThese files may be available here:\r\n\\\\?\\C:\\ProgramData\\Microsoft\\Windows\\WER\\ReportQueue\\Kernel_1a8_d53e836b1da9e6ae1c72a9a7494e2b1c6ef13ed1_00000000_2ef3b7e8-9ac3-4876-a0cf-93b1c4128be7\r\n\r\nAnalysis symbol: \r\nRechecking for solution: 0\r\nReport Id: 2ef3b7e8-9ac3-4876-a0cf-93b1c4128be7\r\nReport Status: 2051\r\nHashed bucket: \r\nCab Guid: 0\""}, "eventdata": {"bucketType": "0", "eventName": "LiveKernelEvent", "response": "Not available", "cabId": "0", "p1": "1a8", "p2": "8", "p3": "0", "p4": "0", "p5": "0", "p6": "10_0_26200", "p7": "0_0", "p8": "256_1", "attachedFiles": "  \\\\\\\\?\\\\C:\\\\WINDOWS\\\\LiveKernelReports\\\\WATCHDOG\\\\WATCHDOG-20260722-1117.dmp  \\\\\\\\?\\\\C:\\\\WINDOWS\\\\SystemTemp\\\\WER-7168343-0.sysdata.xml  \\\\\\\\?\\\\C:\\\\ProgramData\\\\Microsoft\\\\Windows\\\\WER\\\\Temp\\\\WER.026fd9b1-5ad3-4273-b5b6-4c65d0044816.tmp.xml", "storePath": "\\\\\\\\?\\\\C:\\\\ProgramData\\\\Microsoft\\\\Windows\\\\WER\\\\ReportQueue\\\\Kernel_1a8_d53e836b1da9e6ae1c72a9a7494e2b1c6ef13ed1_00000000_2ef3b7e8-9ac3-4876-a0cf-93b1c4128be7", "rechecking": "0", "reportId": "2ef3b7e8-9ac3-4876-a0cf-93b1c4128be7", "reportStatus": "2051", "cabGuid": "0"}}}, "location": "EventChannel"}
{"timestamp": "2026-09-02T09:19:07.783+0000", "rule": {"level": 4, "description": "Summary event of the report's signatures.", "id": "60608", "firedtimes": 43, "mail": false, "groups": ["windows", "windows_application"]}, "agent": {"id": "001", "name": "DESKTOP-8OTQ7D4", "ip": "172.16.104.253"}, "manager": {"name": "ip-172-31-35-68"}, "id": "1788340747.729316", "decoder": {"name": "windows_eventchannel"}, "data": {"win": {"system": {"providerName": "Windows Error Reporting", "providerGuid": "{0ead09bd-2157-539a-8d6d-c87f95b64d70}", "eventID": "1001", "version": "0", "level": "4", "task": "0", "opcode": "0", "keywords": "0x8000000000000000", "systemTime": "2026-09-02T09:18:49.6131503Z", "eventRecordID": "201404", "processID": "23032", "threadID": "5712", "channel": "Application", "computer": "DESKTOP-8OTQ7D4", "severityValue": "INFORMATION", "message": "\"Fault bucket , type 0\r\nEvent Name: LiveKernelEvent\r\nResponse: Not available\r\nCab Id: 0\r\n\r\nProblem signature:\r\nP1: 1b8\r\nP2: 8\r\nP3: 0\r\nP4: 0\r\nP5: 0\r\nP6: 10_0_26200\r\nP7: 0_0\r\nP8: 256_1\r\nP9: \r\nP10: \r\n\r\nAttached files:\r\n\\\\?\\C:\\WINDOWS\\LiveKernelReports\\WATCHDOG4400\\WATCHDOG4400-20260722-1117.dmp\r\n\\\\?\\C:\\WINDOWS\\SystemTemp\\WER-7168375-0.sysdata.xml\r\n\\\\?\\C:\\ProgramData\\Microsoft\\Windows\\WER\\Temp\\WER.4d8fa1df-b94f-442a-a228-695ea252a61c.tmp.xml\r\n\r\nThese files may be available here:\r\n\\\\?\\C:\\ProgramData\\Microsoft\\Windows\\WER\\ReportQueue\\Kernel_1b8_2b9e1e805f561d63dd89bb7c8acf8b429ce6f72_00000000_5489376c-bdfd-4812-9d94-df8aedd1aacd\r\n\r\nAnalysis symbol: \r\nRechecking for solution: 0\r\nReport Id: 5489376c-bdfd-4812-9d94-df8aedd1aacd\r\nReport Status: 2051\r\nHashed bucket: \r\nCab Guid: 0\""}, "eventdata": {"bucketType": "0", "eventName": "LiveKernelEvent", "response": "Not available", "cabId": "0", "p1": "1b8", "p2": "8", "p3": "0", "p4": "0", "p5": "0", "p6": "10_0_26200", "p7": "0_0", "p8": "256_1", "attachedFiles": "  \\\\\\\\?\\\\C:\\\\WINDOWS\\\\LiveKernelReports\\\\WATCHDOG4400\\\\WATCHDOG4400-20260722-1117.dmp  \\\\\\\\?\\\\C:\\\\WINDOWS\\\\SystemTemp\\\\WER-7168375-0.sysdata.xml  \\\\\\\\?\\\\C:\\\\ProgramData\\\\Microsoft\\\\Windows\\\\WER\\\\Temp\\\\WER.4d8fa1df-b94f-442a-a228-695ea252a61c.tmp.xml", "storePath": "\\\\\\\\?\\\\C:\\\\ProgramData\\\\Microsoft\\\\Windows\\\\WER\\\\ReportQueue\\\\Kernel_1b8_2b9e1e805f561d63dd89bb7c8acf8b429ce6f72_00000000_5489376c-bdfd-4812-9d94-df8aedd1aacd", "rechecking": "0", "reportId": "5489376c-bdfd-4812-9d94-df8aedd1aacd", "reportStatus": "2051", "cabGuid": "0"}}}, "location": "EventChannel"}
