{"timestamp": "2026-09-02T16:03:48.395+0000", "rule": {"level": 4, "description": "Summary event of the report's signatures.", "id": "60608", "firedtimes": 34, "mail": false, "groups": ["windows", "windows_application"]}, "agent": {"id": "001", "name": "DESKTOP-8OTQ7D4", "ip": "172.20.176.199"}, "manager": {"name": "ip-172-31-35-68"}, "id": "1788365028.4331649", "decoder": {"name": "windows_eventchannel"}, "data": {"win": {"system": {"providerName": "Windows Error Reporting", "providerGuid": "{0ead09bd-2157-539a-8d6d-c87f95b64d70}", "eventID": "1001", "version": "0", "level": "4", "task": "0", "opcode": "0", "keywords": "0x8000000000000000", "systemTime": "2026-09-02T16:03:29.5774590Z", "eventRecordID": "202053", "processID": "21120", "threadID": "6612", "channel": "Application", "computer": "DESKTOP-8OTQ7D4", "severityValue": "INFORMATION", "message": "\"Fault bucket , type 0\r\nEvent Name: LiveKernelEvent\r\nResponse: Not available\r\nCab Id: 0\r\n\r\nProblem signature:\r\nP1: 1b8\r\nP2: 1\r\nP3: 0\r\nP4: 0\r\nP5: 0\r\nP6: 10_0_26200\r\nP7: 0_0\r\nP8: 256_1\r\nP9: \r\nP10: \r\n\r\nAttached files:\r\n\\\\?\\C:\\WINDOWS\\LiveKernelReports\\WATCHDOG4401\\WATCHDOG4401-20260421-2151.dmp\r\n\\\\?\\C:\\WINDOWS\\SystemTemp\\WER-554388515-0.sysdata.xml\r\n\\\\?\\C:\\ProgramData\\Microsoft\\Windows\\WER\\Temp\\WER.c880b9f6-8f42-4f4d-9d48-f40af937e5ae.tmp.WERInternalMetadata.xml\r\n\\\\?\\C:\\ProgramData\\Microsoft\\Windows\\WER\\Temp\\WER.c55478cf-cfaa-4fb4-922f-e48983206d1d.tmp.csv\r\n\\\\?\\C:\\ProgramData\\Microsoft\\Windows\\WER\\Temp\\WER.60347b91-bc76-43a2-bb08-07bcdba5a3b9.tmp.txt\r\n\\\\?\\C:\\ProgramData\\Microsoft\\Windows\\WER\\Temp\\WER.baddd2d8-1506-49b0-9bf2-5eb94e8c96cf.tmp.xml\r\n\r\nThese files may be available here:\r\n\\\\?\\C:\\ProgramData\\Microsoft\\Windows\\WER\\ReportQueue\\Kernel_1b8_3266ee9f236733789e644ef694ee92749a13023_00000000_21f244d3-f05d-46f5-b2c0-97c1a89430f2\r\n\r\nAnalysis symbol: \r\nRechecking for solution: 0\r\nReport Id: 21f244d3-f05d-46f5-b2c0-97c1a89430f2\r\nReport Status: 2051\r\nHashed bucket: \r\nCab Guid: 0\""}, "eventdata": {"bucketType": "0", "eventName": "LiveKernelEvent", "response": "Not available", "cabId": "0", "p1": "1b8", "p2": "1", "p3": "0", "p4": "0", "p5": "0", "p6": "10_0_26200", "p7": "0_0", "p8": "256_1", "attachedFiles": "  \\\\\\\\?\\\\C:\\\\WINDOWS\\\\LiveKernelReports\\\\WATCHDOG4401\\\\WATCHDOG4401-20260421-2151.dmp  \\\\\\\\?\\\\C:\\\\WINDOWS\\\\SystemTemp\\\\WER-554388515-0.sysdata.xml  \\\\\\\\?\\\\C:\\\\ProgramData\\\\Microsoft\\\\Windows\\\\WER\\\\Temp\\\\WER.c880b9f6-8f42-4f4d-9d48-f40af937e5ae.tmp.WERInternalMetadata.xml  \\\\\\\\?\\\\C:\\\\ProgramData\\\\Microsoft\\\\Windows\\\\WER\\\\Temp\\\\WER.c55478cf-cfaa-4fb4-922f-e48983206d1d.tmp.csv  \\\\\\\\?\\\\C:\\\\ProgramData\\\\Microsoft\\\\Windows\\\\WER\\\\Temp\\\\WER.60347b91-bc76-43a2-bb08-07bcdba5a3b9.tmp.txt  \\\\\\\\?\\\\C:\\\\ProgramData\\\\Microsoft\\\\Windows\\\\WER\\\\Temp\\\\WER.baddd2d8-1506-49b0-9bf2-5eb94e8c96cf.tmp.xml", "storePath": "\\\\\\\\?\\\\C:\\\\ProgramData\\\\Microsoft\\\\Windows\\\\WER\\\\ReportQueue\\\\Kernel_1b8_3266ee9f236733789e644ef694ee92749a13023_00000000_21f244d3-f05d-46f5-b2c0-97c1a89430f2", "rechecking": "0", "reportId": "21f244d3-f05d-46f5-b2c0-97c1a89430f2", "reportStatus": "2051", "cabGuid": "0"}}}, "location": "EventChannel"}
{"timestamp": "2026-09-02T16:03:48.396+0000", "rule": {"level": 4, "description": "Summary event of the report's signatures.", "id": "60608", "firedtimes": 35, "mail": false, "groups": ["windows", "windows_application"]}, "agent": {"id": "001", "name": "DESKTOP-8OTQ7D4", "ip": "172.20.176.199"}, "manager": {"name": "ip-172-31-35-68"}, "id": "1788365028.4337529", "decoder": {"name": "windows_eventchannel"}, "data": {"win": {"system": {"providerName": "Windows Error Reporting", "providerGuid": "{0ead09bd-2157-539a-8d6d-c87f95b64d70}", "eventID": "1001", "version": "0", "level": "4", "task": "0", "opcode": "0", "keywords": "0x8000000000000000", "systemTime": "2026-09-02T16:03:29.6987833Z", "eventRecordID": "202054", "processID": "21120", "threadID": "6612", "channel": "Application", "computer": "DESKTOP-8OTQ7D4", "severityValue": "INFORMATION", "message": "\"Fault bucket , type 0\r\nEvent Name: LiveKernelEvent\r\nResponse: Not available\r\nCab Id: 0\r\n\r\nProblem signature:\r\nP1: 1a8\r\nP2: 1\r\nP3: 0\r\nP4: 0\r\nP5: 0\r\nP6: 10_0_26200\r\nP7: 0_0\r\nP8: 256_1\r\nP9: \r\nP10: \r\n\r\nAttached files:\r\n\\\\?\\C:\\WINDOWS\\LiveKernelReports\\WATCHDOG\\WATCHDOG-20260529-0919.dmp\r\n\\\\?\\C:\\WINDOWS\\SystemTemp\\WER-171750453-0.sysdata.xml\r\n\\\\?\\C:\\ProgramData\\Microsoft\\Windows\\WER\\Temp\\WER.8de97a6b-6423-435f-8aa9-ccad0677d4f4.tmp.WERInternalMetadata.xml\r\n\\\\?\\C:\\ProgramData\\Microsoft\\Windows\\WER\\Temp\\WER.70a22d3b-210f-4afa-87c3-174b33592aa5.tmp.csv\r\n\\\\?\\C:\\ProgramData\\Microsoft\\Windows\\WER\\Temp\\WER.01c3a2a5-e17f-434a-bea1-9e49961b2c12.tmp.txt\r\n\\\\?\\C:\\ProgramData\\Microsoft\\Windows\\WER\\Temp\\WER.d4446148-e760-4690-a5c6-4d4a9f1e7980.tmp.xml\r\n\r\nThese files may be available here:\r\n\\\\?\\C:\\ProgramData\\Microsoft\\Windows\\WER\\ReportQueue\\Kernel_1a8_c3be8430ad9f60eb75f06b62afa7598beb464e3_00000000_c5af0967-6c9a-4d73-a1e2-f9b6cec855d9\r\n\r\nAnalysis symbol: \r\nRechecking for solution: 0\r\nReport Id: c5af0967-6c9a-4d73-a1e2-f9b6cec855d9\r\nReport Status: 2051\r\nHashed bucket: \r\nCab Guid: 0\""}, "eventdata": {"bucketType": "0", "eventName": "LiveKernelEvent", "response": "Not available", "cabId": "0", "p1": "1a8", "p2": "1", "p3": "0", "p4": "0", "p5": "0", "p6": "10_0_26200", "p7": "0_0", "p8": "256_1", "attachedFiles": "  \\\\\\\\?\\\\C:\\\\WINDOWS\\\\LiveKernelReports\\\\WATCHDOG\\\\WATCHDOG-20260529-0919.dmp  \\\\\\\\?\\\\C:\\\\WINDOWS\\\\SystemTemp\\\\WER-171750453-0.sysdata.xml  \\\\\\\\?\\\\C:\\\\ProgramData\\\\Microsoft\\\\Windows\\\\WER\\\\Temp\\\\WER.8de97a6b-6423-435f-8aa9-ccad0677d4f4.tmp.WERInternalMetadata.xml  \\\\\\\\?\\\\C:\\\\ProgramData\\\\Microsoft\\\\Windows\\\\WER\\\\Temp\\\\WER.70a22d3b-210f-4afa-87c3-174b33592aa5.tmp.csv  \\\\\\\\?\\\\C:\\\\ProgramData\\\\Microsoft\\\\Windows\\\\WER\\\\Temp\\\\WER.01c3a2a5-e17f-434a-bea1-9e49961b2c12.tmp.txt  \\\\\\\\?\\\\C:\\\\ProgramData\\\\Microsoft\\\\Windows\\\\WER\\\\Temp\\\\WER.d4446148-e760-4690-a5c6-4d4a9f1e7980.tmp.xml", "storePath": "\\\\\\\\?\\\\C:\\\\ProgramData\\\\Microsoft\\\\Windows\\\\WER\\\\ReportQueue\\\\Kernel_1a8_c3be8430ad9f60eb75f06b62afa7598beb464e3_00000000_c5af0967-6c9a-4d73-a1e2-f9b6cec855d9", "rechecking": "0", "reportId": "c5af0967-6c9a-4d73-a1e2-f9b6cec855d9", "reportStatus": "2051", "cabGuid": "0"}}}, "location": "EventChannel"}
{"timestamp": "2026-09-02T16:03:49.430+0000", "rule": {"level": 4, "description": "Summary event of the report's signatures.", "id": "60608", "firedtimes": 36, "mail": false, "groups": ["windows", "windows_application"]}, "agent": {"id": "001", "name": "DESKTOP-8OTQ7D4", "ip": "172.20.176.199"}, "manager": {"name": "ip-172-31-35-68"}, "id": "1788365029.4343377", "decoder": {"name": "windows_eventchannel"}, "data": {"win": {"system": {"providerName": "Windows Error Reporting", "providerGuid": "{0ead09bd-2157-539a-8d6d-c87f95b64d70}", "eventID": "1001", "version": "0", "level": "4", "task": "0", "opcode": "0", "keywords": "0x8000000000000000", "systemTime": "2026-09-02T16:03:29.8282556Z", "eventRecordID": "202055", "processID": "21120", "threadID": "6612", "channel": "Application", "computer": "DESKTOP-8OTQ7D4", "severityValue": "INFORMATION", "message": "\"Fault bucket , type 0\r\nEvent Name: LiveKernelEvent\r\nResponse: Not available\r\nCab Id: 0\r\n\r\nProblem signature:\r\nP1: 1b8\r\nP2: 1\r\nP3: 0\r\nP4: 0\r\nP5: 0\r\nP6: 10_0_26200\r\nP7: 0_0\r\nP8: 256_1\r\nP9: \r\nP10: \r\n\r\nAttached files:\r\n\\\\?\\C:\\WINDOWS\\LiveKernelReports\\WATCHDOG4400\\WATCHDOG4400-20260529-0919.dmp\r\n\\\\?\\C:\\WINDOWS\\SystemTemp\\WER-171750421-0.sysdata.xml\r\n\\\\?\\C:\\ProgramData\\Microsoft\\Windows\\WER\\Temp\\WER.6b3a1518-ff4d-4e51-9149-16688b28003f.tmp.WERInternalMetadata.xml\r\n\\\\?\\C:\\ProgramData\\Microsoft\\Windows\\WER\\Temp\\WER.3a9acb22-e3e8-421b-a685-ee7da84dcc98.tmp.csv\r\n\\\\?\\C:\\ProgramData\\Microsoft\\Windows\\WER\\Temp\\WER.92fca8c5-4b9d-4be4-9359-58e6db750a9b.tmp.txt\r\n\\\\?\\C:\\ProgramData\\Microsoft\\Windows\\WER\\Temp\\WER.5b0c8958-4b43-4174-b346-e8cc09ae9774.tmp.xml\r\n\r\nThese files may be available here:\r\n\\\\?\\C:\\ProgramData\\Microsoft\\Windows\\WER\\ReportQueue\\Kernel_1b8_3266ee9f236733789e644ef694ee92749a13023_00000000_2bdf73bb-d811-41b8-9df5-24a866be7ea7\r\n\r\nAnalysis symbol: \r\nRechecking for solution: 0\r\nReport Id: 2bdf73bb-d811-41b8-9df5-24a866be7ea7\r\nReport Status: 2051\r\nHashed bucket: \r\nCab Guid: 0\""}, "eventdata": {"bucketType": "0", "eventName": "LiveKernelEvent", "response": "Not available", "cabId": "0", "p1": "1b8", "p2": "1", "p3": "0", "p4": "0", "p5": "0", "p6": "10_0_26200", "p7": "0_0", "p8": "256_1", "attachedFiles": "  \\\\\\\\?\\\\C:\\\\WINDOWS\\\\LiveKernelReports\\\\WATCHDOG4400\\\\WATCHDOG4400-20260529-0919.dmp  \\\\\\\\?\\\\C:\\\\WINDOWS\\\\SystemTemp\\\\WER-171750421-0.sysdata.xml  \\\\\\\\?\\\\C:\\\\ProgramData\\\\Microsoft\\\\Windows\\\\WER\\\\Temp\\\\WER.6b3a1518-ff4d-4e51-9149-16688b28003f.tmp.WERInternalMetadata.xml  \\\\\\\\?\\\\C:\\\\ProgramData\\\\Microsoft\\\\Windows\\\\WER\\\\Temp\\\\WER.3a9acb22-e3e8-421b-a685-ee7da84dcc98.tmp.csv  \\\\\\\\?\\\\C:\\\\ProgramData\\\\Microsoft\\\\Windows\\\\WER\\\\Temp\\\\WER.92fca8c5-4b9d-4be4-9359-58e6db750a9b.tmp.txt  \\\\\\\\?\\\\C:\\\\ProgramData\\\\Microsoft\\\\Windows\\\\WER\\\\Temp\\\\WER.5b0c8958-4b43-4174-b346-e8cc09ae9774.tmp.xml", "storePath": "\\\\\\\\?\\\\C:\\\\ProgramData\\\\Microsoft\\\\Windows\\\\WER\\\\ReportQueue\\\\Kernel_1b8_3266ee9f236733789e644ef694ee92749a13023_00000000_2bdf73bb-d811-41b8-9df5-24a866be7ea7", "rechecking": "0", "reportId": "2bdf73bb-d811-41b8-9df5-24a866be7ea7", "reportStatus": "2051", "cabGuid": "0"}}}, "location": "EventChannel"}
{"timestamp": "2026-09-02T16:03:49.441+0000", "rule": {"level": 4, "description": "Summary event of the report's signatures.", "id": "60608", "firedtimes": 37, "mail": false, "groups": ["windows", "windows_application"]}, "agent": {"id": "001", "name": "DESKTOP-8OTQ7D4", "ip": "172.20.176.199"}, "manager": {"name": "ip-172-31-35-68"}, "id": "1788365029.4349257", "decoder": {"name": "windows_eventchannel"}, "data": {"win": {"system": {"providerName": "Windows Error Reporting", "providerGuid": "{0ead09bd-2157-539a-8d6d-c87f95b64d70}", "eventID": "1001", "version": "0", "level": "4", "task": "0", "opcode": "0", "keywords": "0x8000000000000000", "systemTime": "2026-09-02T16:03:29.9595049Z", "eventRecordID": "202056", "processID": "21120", "threadID": "6612", "channel": "Application", "computer": "DESKTOP-8OTQ7D4", "severityValue": "INFORMATION", "message": "\"Fault bucket , type 0\r\nEvent Name: LiveKernelEvent\r\nResponse: Not available\r\nCab Id: 0\r\n\r\nProblem signature:\r\nP1: 1a8\r\nP2: 1\r\nP3: 0\r\nP4: 0\r\nP5: 0\r\nP6: 10_0_26200\r\nP7: 0_0\r\nP8: 256_1\r\nP9: \r\nP10: \r\n\r\nAttached files:\r\n\\\\?\\C:\\WINDOWS\\LiveKernelReports\\WATCHDOG\\WATCHDOG-20260530-0854.dmp\r\n\\\\?\\C:\\WINDOWS\\SystemTemp\\WER-80226687-0.sysdata.xml\r\n\\\\?\\C:\\ProgramData\\Microsoft\\Windows\\WER\\Temp\\WER.e1aa3947-591d-4848-a9b7-6f420a0c36df.tmp.WERInternalMetadata.xml\r\n\\\\?\\C:\\ProgramData\\Microsoft\\Windows\\WER\\Temp\\WER.41e98b63-1c8e-4da9-b149-3ec143ca633e.tmp.csv\r\n\\\\?\\C:\\ProgramData\\Microsoft\\Windows\\WER\\Temp\\WER.26db9a9f-0110-47dc-b21e-22dbbb0604d2.tmp.txt\r\n\\\\?\\C:\\ProgramData\\Microsoft\\Windows\\WER\\Temp\\WER.0653afb6-2aca-4ad1-9d6b-b572b247274b.tmp.xml\r\n\r\nThese files may be available here:\r\n\\\\?\\C:\\ProgramData\\Microsoft\\Windows\\WER\\ReportQueue\\Kernel_1a8_c3be8430ad9f60eb75f06b62afa7598beb464e3_00000000_0edd3e96-2108-4bb0-acaa-171e09e894b2\r\n\r\nAnalysis symbol: \r\nRechecking for solution: 0\r\nReport Id: 0edd3e96-2108-4bb0-acaa-171e09e894b2\r\nReport Status: 2051\r\nHashed bucket: \r\nCab Guid: 0\""}, "eventdata": {"bucketType": "0", "eventName": "LiveKernelEvent", "response": "Not available", "cabId": "0", "p1": "1a8", "p2": "1", "p3": "0", "p4": "0", "p5": "0", "p6": "10_0_26200", "p7": "0_0", "p8": "256_1", "attachedFiles": "  \\\\\\\\?\\\\C:\\\\WINDOWS\\\\LiveKernelReports\\\\WATCHDOG\\\\WATCHDOG-20260530-0854.dmp  \\\\\\\\?\\\\C:\\\\WINDOWS\\\\SystemTemp\\\\WER-80226687-0.sysdata.xml  \\\\\\\\?\\\\C:\\\\ProgramData\\\\Microsoft\\\\Windows\\\\WER\\\\Temp\\\\WER.e1aa3947-591d-4848-a9b7-6f420a0c36df.tmp.WERInternalMetadata.xml  \\\\\\\\?\\\\C:\\\\ProgramData\\\\Microsoft\\\\Windows\\\\WER\\\\Temp\\\\WER.41e98b63-1c8e-4da9-b149-3ec143ca633e.tmp.csv  \\\\\\\\?\\\\C:\\\\ProgramData\\\\Microsoft\\\\Windows\\\\WER\\\\Temp\\\\WER.26db9a9f-0110-47dc-b21e-22dbbb0604d2.tmp.txt  \\\\\\\\?\\\\C:\\\\ProgramData\\\\Microsoft\\\\Windows\\\\WER\\\\Temp\\\\WER.0653afb6-2aca-4ad1-9d6b-b572b247274b.tmp.xml", "storePath": "\\\\\\\\?\\\\C:\\\\ProgramData\\\\Microsoft\\\\Windows\\\\WER\\\\ReportQueue\\\\Kernel_1a8_c3be8430ad9f60eb75f06b62afa7598beb464e3_00000000_0edd3e96-2108-4bb0-acaa-171e09e894b2", "rechecking": "0", "reportId": "0edd3e96-2108-4bb0-acaa-171e09e894b2", "reportStatus": "2051", "cabGuid": "0"}}}, "location": "EventChannel"}
{"timestamp": "2026-09-02T16:03:49.441+0000", "rule": {"level": 4, "description": "Summary event of the report's signatures.", "id": "60608", "firedtimes": 38, "mail": false, "groups": ["windows", "windows_application"]}, "agent": {"id": "001", "name": "DESKTOP-8OTQ7D4", "ip": "172.20.176.199"}, "manager": {"name": "ip-172-31-35-68"}, "id": "1788365029.4355101", "decoder": {"name": "windows_eventchannel"}, "data": {"win": {"system": {"providerName": "Windows Error Reporting", "providerGuid": "{0ead09bd-2157-539a-8d6d-c87f95b64d70}", "eventID": "1001", "version": "0", "level": "4", "task": "0", "opcode": "0", "keywords": "0x8000000000000000", "systemTime": "2026-09-02T16:03:30.0905050Z", "eventRecordID": "202057", "processID": "21120", "threadID": "6612", "channel": "Application", "computer": "DESKTOP-8OTQ7D4", "severityValue": "INFORMATION", "message": "\"Fault bucket , type 0\r\nEvent Name: LiveKernelEvent\r\nResponse: Not available\r\nCab Id: 0\r\n\r\nProblem signature:\r\nP1: 1b8\r\nP2: 1\r\nP3: 0\r\nP4: 0\r\nP5: 0\r\nP6: 10_0_26200\r\nP7: 0_0\r\nP8: 256_1\r\nP9: \r\nP10: \r\n\r\nAttached files:\r\n\\\\?\\C:\\WINDOWS\\LiveKernelReports\\WATCHDOG4400\\WATCHDOG4400-20260530-0854.dmp\r\n\\\\?\\C:\\WINDOWS\\SystemTemp\\WER-80226796-1.sysdata.xml\r\n\\\\?\\C:\\ProgramData\\Microsoft\\Windows\\WER\\Temp\\WER.914ee9af-5e40-4cb0-ac60-092b5cb4e76e.tmp.WERInternalMetadata.xml\r\n\\\\?\\C:\\ProgramData\\Microsoft\\Windows\\WER\\Temp\\WER.92e428c7-d1b5-4486-84e6-0ecefcc05a8e.tmp.csv\r\n\\\\?\\C:\\ProgramData\\Microsoft\\Windows\\WER\\Temp\\WER.2852a5f6-e938-47a9-8c78-0dc31caaa980.tmp.txt\r\n\\\\?\\C:\\ProgramData\\Microsoft\\Windows\\WER\\Temp\\WER.f022e12b-d536-4450-92ad-9ab28a4f447a.tmp.xml\r\n\r\nThese files may be available here:\r\n\\\\?\\C:\\ProgramData\\Microsoft\\Windows\\WER\\ReportQueue\\Kernel_1b8_3266ee9f236733789e644ef694ee92749a13023_00000000_b0478967-4bbe-4daf-9280-d7e8ac3697d6\r\n\r\nAnalysis symbol: \r\nRechecking for solution: 0\r\nReport Id: b0478967-4bbe-4daf-9280-d7e8ac3697d6\r\nReport Status: 2051\r\nHashed bucket: \r\nCab Guid: 0\""}, "eventdata": {"bucketType": "0", "eventName": "LiveKernelEvent", "response": "Not available", "cabId": "0", "p1": "1b8", "p2": "1", "p3": "0", "p4": "0", "p5": "0", "p6": "10_0_26200", "p7": "0_0", "p8": "256_1", "attachedFiles": "  \\\\\\\\?\\\\C:\\\\WINDOWS\\\\LiveKernelReports\\\\WATCHDOG4400\\\\WATCHDOG4400-20260530-0854.dmp  \\\\\\\\?\\\\C:\\\\WINDOWS\\\\SystemTemp\\\\WER-80226796-1.sysdata.xml  \\\\\\\\?\\\\C:\\\\ProgramData\\\\Microsoft\\\\Windows\\\\WER\\\\Temp\\\\WER.914ee9af-5e40-4cb0-ac60-092b5cb4e76e.tmp.WERInternalMetadata.xml  \\\\\\\\?\\\\C:\\\\ProgramData\\\\Microsoft\\\\Windows\\\\WER\\\\Temp\\\\WER.92e428c7-d1b5-4486-84e6-0ecefcc05a8e.tmp.csv  \\\\\\\\?\\\\C:\\\\ProgramData\\\\Microsoft\\\\Windows\\\\WER\\\\Temp\\\\WER.2852a5f6-e938-47a9-8c78-0dc31caaa980.tmp.txt  \\\\\\\\?\\\\C:\\\\ProgramData\\\\Microsoft\\\\Windows\\\\WER\\\\Temp\\\\WER.f022e12b-d536-4450-92ad-9ab28a4f447a.tmp.xml", "storePath": "\\\\\\\\?\\\\C:\\\\ProgramData\\\\Microsoft\\\\Windows\\\\WER\\\\ReportQueue\\\\Kernel_1b8_3266ee9f236733789e644ef694ee92749a13023_00000000_b0478967-4bbe-4daf-9280-d7e8ac3697d6", "rechecking": "0", "reportId": "b0478967-4bbe-4daf-9280-d7e8ac3697d6", "reportStatus": "2051", "cabGuid": "0"}}}, "location": "EventChannel"}
{"timestamp": "2026-09-02T16:03:49.446+0000", "rule": {"level": 4, "description": "Summary event of the report's signatures.", "id": "60608", "firedtimes": 39, "mail": false, "groups": ["windows", "windows_application"]}, "agent": {"id": "001", "name": "DESKTOP-8OTQ7D4", "ip": "172.20.176.199"}, "manager": {"name": "ip-172-31-35-68"}, "id": "1788365029.4360977", "decoder": {"name": "windows_eventchannel"}, "data": {"win": {"system": {"providerName": "Windows Error Reporting", "providerGuid": "{0ead09bd-2157-539a-8d6d-c87f95b64d70}", "eventID": "1001", "version": "0", "level": "4", "task": "0", "opcode": "0", "keywords": "0x8000000000000000", "systemTime": "2026-09-02T16:03:30.3214533Z", "eventRecordID": "202059", "processID": "21120", "threadID": "6612", "channel": "Application", "computer": "DESKTOP-8OTQ7D4", "severityValue": "INFORMATION", "message": "\"Fault bucket , type 0\r\nEvent Name: LiveKernelEvent\r\nResponse: Not available\r\nCab Id: 0\r\n\r\nProblem signature:\r\nP1: 1b8\r\nP2: 1\r\nP3: 0\r\nP4: 0\r\nP5: 0\r\nP6: 10_0_26200\r\nP7: 0_0\r\nP8: 256_1\r\nP9: \r\nP10: \r\n\r\nAttached files:\r\n\\\\?\\C:\\WINDOWS\\LiveKernelReports\\WATCHDOG4400\\WATCHDOG4400-20260624-1414.dmp\r\n\\\\?\\C:\\WINDOWS\\SystemTemp\\WER-86682437-1.sysdata.xml\r\n\\\\?\\C:\\ProgramData\\Microsoft\\Windows\\WER\\Temp\\WER.5d201bbd-d4a8-4bff-8d39-8b042f0d5135.tmp.WERInternalMetadata.xml\r\n\\\\?\\C:\\ProgramData\\Microsoft\\Windows\\WER\\Temp\\WER.b3c843f0-8b95-4db6-8e1a-2f3a5a3e44ac.tmp.csv\r\n\\\\?\\C:\\ProgramData\\Microsoft\\Windows\\WER\\Temp\\WER.25fcb536-041b-4b3f-8909-ceaa2f28b23b.tmp.txt\r\n\\\\?\\C:\\ProgramData\\Microsoft\\Windows\\WER\\Temp\\WER.6623a151-51aa-4a95-9e34-b6c1f57ccfc1.tmp.xml\r\n\r\nThese files may be available here:\r\n\\\\?\\C:\\ProgramData\\Microsoft\\Windows\\WER\\ReportQueue\\Kernel_1b8_3266ee9f236733789e644ef694ee92749a13023_00000000_66e8c4c4-f6f8-4d7e-a844-fbd406ff2667\r\n\r\nAnalysis symbol: \r\nRechecking for solution: 0\r\nReport Id: 66e8c4c4-f6f8-4d7e-a844-fbd406ff2667\r\nReport Status: 2051\r\nHashed bucket: \r\nCab Guid: 0\""}, "eventdata": {"bucketType": "0", "eventName": "LiveKernelEvent", "response": "Not available", "cabId": "0", "p1": "1b8", "p2": "1", "p3": "0", "p4": "0", "p5": "0", "p6": "10_0_26200", "p7": "0_0", "p8": "256_1", "attachedFiles": "  \\\\\\\\?\\\\C:\\\\WINDOWS\\\\LiveKernelReports\\\\WATCHDOG4400\\\\WATCHDOG4400-20260624-1414.dmp  \\\\\\\\?\\\\C:\\\\WINDOWS\\\\SystemTemp\\\\WER-86682437-1.sysdata.xml  \\\\\\\\?\\\\C:\\\\ProgramData\\\\Microsoft\\\\Windows\\\\WER\\\\Temp\\\\WER.5d201bbd-d4a8-4bff-8d39-8b042f0d5135.tmp.WERInternalMetadata.xml  \\\\\\\\?\\\\C:\\\\ProgramData\\\\Microsoft\\\\Windows\\\\WER\\\\Temp\\\\WER.b3c843f0-8b95-4db6-8e1a-2f3a5a3e44ac.tmp.csv  \\\\\\\\?\\\\C:\\\\ProgramData\\\\Microsoft\\\\Windows\\\\WER\\\\Temp\\\\WER.25fcb536-041b-4b3f-8909-ceaa2f28b23b.tmp.txt  \\\\\\\\?\\\\C:\\\\ProgramData\\\\Microsoft\\\\Windows\\\\WER\\\\Temp\\\\WER.6623a151-51aa-4a95-9e34-b6c1f57ccfc1.tmp.xml", "storePath": "\\\\\\\\?\\\\C:\\\\ProgramData\\\\Microsoft\\\\Windows\\\\WER\\\\ReportQueue\\\\Kernel_1b8_3266ee9f236733789e644ef694ee92749a13023_00000000_66e8c4c4-f6f8-4d7e-a844-fbd406ff2667", "rechecking": "0", "reportId": "66e8c4c4-f6f8-4d7e-a844-fbd406ff2667", "reportStatus": "2051", "cabGuid": "0"}}}, "location": "EventChannel"}
{"timestamp": "2026-09-02T16:03:49.445+0000", "rule": {"level": 4, "description": "Summary event of the report's signatures.", "id": "60608", "firedtimes": 40, "mail": false, "groups": ["windows", "windows_application"]}, "agent": {"id": "001", "name": "DESKTOP-8OTQ7D4", "ip": "172.20.176.199"}, "manager": {"name": "ip-172-31-35-68"}, "id": "1788365029.4366853", "decoder": {"name": "windows_eventchannel"}, "data": {"win": {"system": {"providerName": "Windows Error Reporting", "providerGuid": "{0ead09bd-2157-539a-8d6d-c87f95b64d70}", "eventID": "1001", "version": "0", "level": "4", "task": "0", "opcode": "0", "keywords": "0x8000000000000000", "systemTime": "2026-09-02T16:03:30.2042455Z", "eventRecordID": "202058", "processID": "21120", "threadID": "6612", "channel": "Application", "computer": "DESKTOP-8OTQ7D4", "severityValue": "INFORMATION", "message": "\"Fault bucket , type 0\r\nEvent Name: LiveKernelEvent\r\nResponse: Not available\r\nCab Id: 0\r\n\r\nProblem signature:\r\nP1: 1a8\r\nP2: 1\r\nP3: 0\r\nP4: 0\r\nP5: 0\r\nP6: 10_0_26200\r\nP7: 0_0\r\nP8: 256_1\r\nP9: \r\nP10: \r\n\r\nAttached files:\r\n\\\\?\\C:\\WINDOWS\\LiveKernelReports\\WATCHDOG\\WATCHDOG-20260624-1414.dmp\r\n\\\\?\\C:\\WINDOWS\\SystemTemp\\WER-86682328-0.sysdata.xml\r\n\\\\?\\C:\\ProgramData\\Microsoft\\Windows\\WER\\Temp\\WER.96a87d08-05e4-408d-abcb-7284c98ec42c.tmp.WERInternalMetadata.xml\r\n\\\\?\\C:\\ProgramData\\Microsoft\\Windows\\WER\\Temp\\WER.54526fbc-667b-490a-b9c0-7b5b0d107f47.tmp.csv\r\n\\\\?\\C:\\ProgramData\\Microsoft\\Windows\\WER\\Temp\\WER.c184d213-e42f-4e2f-9f63-33ecbeb13248.tmp.txt\r\n\\\\?\\C:\\ProgramData\\Microsoft\\Windows\\WER\\Temp\\WER.696d77e2-5780-4a4e-9f1b-88ab8235243d.tmp.xml\r\n\r\nThese files may be available here:\r\n\\\\?\\C:\\ProgramData\\Microsoft\\Windows\\WER\\ReportQueue\\Kernel_1a8_c3be8430ad9f60eb75f06b62afa7598beb464e3_00000000_ba514709-0717-430f-b189-d31dd4fbaac2\r\n\r\nAnalysis symbol: \r\nRechecking for solution: 0\r\nReport Id: ba514709-0717-430f-b189-d31dd4fbaac2\r\nReport Status: 2051\r\nHashed bucket: \r\nCab Guid: 0\""}, "eventdata": {"bucketType": "0", "eventName": "LiveKernelEvent", "response": "Not available", "cabId": "0", "p1": "1a8", "p2": "1", "p3": "0", "p4": "0", "p5": "0", "p6": "10_0_26200", "p7": "0_0", "p8": "256_1", "attachedFiles": "  \\\\\\\\?\\\\C:\\\\WINDOWS\\\\LiveKernelReports\\\\WATCHDOG\\\\WATCHDOG-20260624-1414.dmp  \\\\\\\\?\\\\C:\\\\WINDOWS\\\\SystemTemp\\\\WER-86682328-0.sysdata.xml  \\\\\\\\?\\\\C:\\\\ProgramData\\\\Microsoft\\\\Windows\\\\WER\\\\Temp\\\\WER.96a87d08-05e4-408d-abcb-7284c98ec42c.tmp.WERInternalMetadata.xml  \\\\\\\\?\\\\C:\\\\ProgramData\\\\Microsoft\\\\Windows\\\\WER\\\\Temp\\\\WER.54526fbc-667b-490a-b9c0-7b5b0d107f47.tmp.csv  \\\\\\\\?\\\\C:\\\\ProgramData\\\\Microsoft\\\\Windows\\\\WER\\\\Temp\\\\WER.c184d213-e42f-4e2f-9f63-33ecbeb13248.tmp.txt  \\\\\\\\?\\\\C:\\\\ProgramData\\\\Microsoft\\\\Windows\\\\WER\\\\Temp\\\\WER.696d77e2-5780-4a4e-9f1b-88ab8235243d.tmp.xml", "storePath": "\\\\\\\\?\\\\C:\\\\ProgramData\\\\Microsoft\\\\Windows\\\\WER\\\\ReportQueue\\\\Kernel_1a8_c3be8430ad9f60eb75f06b62afa7598beb464e3_00000000_ba514709-0717-430f-b189-d31dd4fbaac2", "rechecking": "0", "reportId": "ba514709-0717-430f-b189-d31dd4fbaac2", "reportStatus": "2051", "cabGuid": "0"}}}, "location": "EventChannel"}
{"timestamp": "2026-09-02T16:03:49.455+0000", "rule": {"level": 4, "description": "Summary event of the report's signatures.", "id": "60608", "firedtimes": 41, "mail": false, "groups": ["windows", "windows_application"]}, "agent": {"id": "001", "name": "DESKTOP-8OTQ7D4", "ip": "172.20.176.199"}, "manager": {"name": "ip-172-31-35-68"}, "id": "1788365029.4372697", "decoder": {"name": "windows_eventchannel"}, "data": {"win": {"system": {"providerName": "Windows Error Reporting", "providerGuid": "{0ead09bd-2157-539a-8d6d-c87f95b64d70}", "eventID": "1001", "version": "0", "level": "4", "task": "0", "opcode": "0", "keywords": "0x8000000000000000", "systemTime": "2026-09-02T16:03:30.4417121Z", "eventRecordID": "202060", "processID": "21120", "threadID": "6612", "channel": "Application", "computer": "DESKTOP-8OTQ7D4", "severityValue": "INFORMATION", "message": "\"Fault bucket , type 0\r\nEvent Name: AppTermFailureEvent\r\nResponse: Not available\r\nCab Id: 0\r\n\r\nProblem signature:\r\nP1: \r\nP2: \r\nP3: \r\nP4: \r\nP5: \r\nP6: \r\nP7: \r\nP8: \r\nP9: \r\nP10: \r\n\r\nAttached files:\r\n\\\\?\\C:\\Windows\\SystemTemp\\WER.d074678a-c64e-457b-931e-fe67decc6509.tmpatk.kdmp\r\n\\\\?\\C:\\Windows\\SystemTemp\\WER.c386b498-b339-4585-967d-61ed4a636648.tmp.appcompat.txt\r\n\\\\?\\C:\\ProgramData\\Microsoft\\Windows\\WER\\Temp\\WER.176789e2-1da1-42fc-87fb-7800ecf6c917.tmp.WERInternalMetadata.xml\r\n\\\\?\\C:\\ProgramData\\Microsoft\\Windows\\WER\\Temp\\WER.15b36469-9513-4a48-b956-f2a6676fb868.tmp.csv\r\n\\\\?\\C:\\ProgramData\\Microsoft\\Windows\\WER\\Temp\\WER.ba021cab-37ce-40e2-ad64-38ce5c82a95a.tmp.txt\r\n\\\\?\\C:\\ProgramData\\Microsoft\\Windows\\WER\\Temp\\WER.5c135446-97ef-43ab-bdce-98172402c26e.tmp.xml\r\n\r\nThese files may be available here:\r\n\\\\?\\C:\\ProgramData\\Microsoft\\Windows\\WER\\ReportQueue\\Kernel_0_0_00000000_2cee0e21-c439-4da9-ba55-4a229c97acd7\r\n\r\nAnalysis symbol: \r\nRechecking for solution: 0\r\nReport Id: 9675233e-ae0a-4ff5-b6ce-159a09e5c1f4\r\nReport Status: 2051\r\nHashed bucket: \r\nCab Guid: 0\""}, "eventdata": {"bucketType": "0", "eventName": "AppTermFailureEvent", "response": "Not available", "cabId": "0", "attachedFiles": "  \\\\\\\\?\\\\C:\\\\Windows\\\\SystemTemp\\\\WER.d074678a-c64e-457b-931e-fe67decc6509.tmpatk.kdmp  \\\\\\\\?\\\\C:\\\\Windows\\\\SystemTemp\\\\WER.c386b498-b339-4585-967d-61ed4a636648.tmp.appcompat.txt  \\\\\\\\?\\\\C:\\\\ProgramData\\\\Microsoft\\\\Windows\\\\WER\\\\Temp\\\\WER.176789e2-1da1-42fc-87fb-7800ecf6c917.tmp.WERInternalMetadata.xml  \\\\\\\\?\\\\C:\\\\ProgramData\\\\Microsoft\\\\Windows\\\\WER\\\\Temp\\\\WER.15b36469-9513-4a48-b956-f2a6676fb868.tmp.csv  \\\\\\\\?\\\\C:\\\\ProgramData\\\\Microsoft\\\\Windows\\\\WER\\\\Temp\\\\WER.ba021cab-37ce-40e2-ad64-38ce5c82a95a.tmp.txt  \\\\\\\\?\\\\C:\\\\ProgramData\\\\Microsoft\\\\Windows\\\\WER\\\\Temp\\\\WER.5c135446-97ef-43ab-bdce-98172402c26e.tmp.xml", "storePath": "\\\\\\\\?\\\\C:\\\\ProgramData\\\\Microsoft\\\\Windows\\\\WER\\\\ReportQueue\\\\Kernel_0_0_00000000_2cee0e21-c439-4da9-ba55-4a229c97acd7", "rechecking": "0", "reportId": "9675233e-ae0a-4ff5-b6ce-159a09e5c1f4", "reportStatus": "2051", "cabGuid": "0"}}}, "location": "EventChannel"}
{"timestamp": "2026-09-02T16:03:49.456+0000", "rule": {"level": 4, "description": "Summary event of the report's signatures.", "id": "60608", "firedtimes": 42, "mail": false, "groups": ["windows", "windows_application"]}, "agent": {"id": "001", "name": "DESKTOP-8OTQ7D4", "ip": "172.20.176.199"}, "manager": {"name": "ip-172-31-35-68"}, "id": "1788365029.4378244", "decoder": {"name": "windows_eventchannel"}, "data": {"win": {"system": {"providerName": "Windows Error Reporting", "providerGuid": "{0ead09bd-2157-539a-8d6d-c87f95b64d70}", "eventID": "1001", "version": "0", "level": "4", "task": "0", "opcode": "0", "keywords": "0x8000000000000000", "systemTime": "2026-09-02T16:03:30.5381465Z", "eventRecordID": "202061", "processID": "21120", "threadID": "6612", "channel": "Application", "computer": "DESKTOP-8OTQ7D4", "severityValue": "INFORMATION", "message": "\"Fault bucket , type 0\r\nEvent Name: LiveKernelEvent\r\nResponse: Not available\r\nCab Id: 0\r\n\r\nProblem signature:\r\nP1: 1a8\r\nP2: 8\r\nP3: 0\r\nP4: 0\r\nP5: 0\r\nP6: 10_0_26200\r\nP7: 0_0\r\nP8: 256_1\r\nP9: \r\nP10: \r\n\r\nAttached files:\r\n\\\\?\\C:\\WINDOWS\\LiveKernelReports\\WATCHDOG\\WATCHDOG-20260722-1117.dmp\r\n\\\\?\\C:\\WINDOWS\\SystemTemp\\WER-7168343-0.sysdata.xml\r\n\\\\?\\C:\\ProgramData\\Microsoft\\Windows\\WER\\Temp\\WER.026fd9b1-5ad3-4273-b5b6-4c65d0044816.tmp.xml\r\n\r\nThese files may be available here:\r\n\\\\?\\C:\\ProgramData\\Microsoft\\Windows\\WER\\ReportQueue\\Kernel_1a8_d53e836b1da9e6ae1c72a9a7494e2b1c6ef13ed1_00000000_2ef3b7e8-9ac3-4876-a0cf-93b1c4128be7\r\n\r\nAnalysis symbol: \r\nRechecking for solution: 0\r\nReport Id: 2ef3b7e8-9ac3-4876-a0cf-93b1c4128be7\r\nReport Status: 2051\r\nHashed bucket: \r\nCab Guid: 0\""}, "eventdata": {"bucketType": "0", "eventName": "LiveKernelEvent", "response": "Not available", "cabId": "0", "p1": "1a8", "p2": "8", "p3": "0", "p4": "0", "p5": "0", "p6": "10_0_26200", "p7": "0_0", "p8": "256_1", "attachedFiles": "  \\\\\\\\?\\\\C:\\\\WINDOWS\\\\LiveKernelReports\\\\WATCHDOG\\\\WATCHDOG-20260722-1117.dmp  \\\\\\\\?\\\\C:\\\\WINDOWS\\\\SystemTemp\\\\WER-7168343-0.sysdata.xml  \\\\\\\\?\\\\C:\\\\ProgramData\\\\Microsoft\\\\Windows\\\\WER\\\\Temp\\\\WER.026fd9b1-5ad3-4273-b5b6-4c65d0044816.tmp.xml", "storePath": "\\\\\\\\?\\\\C:\\\\ProgramData\\\\Microsoft\\\\Windows\\\\WER\\\\ReportQueue\\\\Kernel_1a8_d53e836b1da9e6ae1c72a9a7494e2b1c6ef13ed1_00000000_2ef3b7e8-9ac3-4876-a0cf-93b1c4128be7", "rechecking": "0", "reportId": "2ef3b7e8-9ac3-4876-a0cf-93b1c4128be7", "reportStatus": "2051", "cabGuid": "0"}}}, "location": "EventChannel"}
{"timestamp": "2026-09-02T16:03:49.715+0000", "rule": {"level": 4, "description": "Summary event of the report's signatures.", "id": "60608", "firedtimes": 43, "mail": false, "groups": ["windows", "windows_application"]}, "agent": {"id": "001", "name": "DESKTOP-8OTQ7D4", "ip": "172.20.176.199"}, "manager": {"name": "ip-172-31-35-68"}, "id": "1788365029.4382715", "decoder": {"name": "windows_eventchannel"}, "data": {"win": {"system": {"providerName": "Windows Error Reporting", "providerGuid": "{0ead09bd-2157-539a-8d6d-c87f95b64d70}", "eventID": "1001", "version": "0", "level": "4", "task": "0", "opcode": "0", "keywords": "0x8000000000000000", "systemTime": "2026-09-02T16:03:30.6347561Z", "eventRecordID": "202062", "processID": "21120", "threadID": "6612", "channel": "Application", "computer": "DESKTOP-8OTQ7D4", "severityValue": "INFORMATION", "message": "\"Fault bucket , type 0\r\nEvent Name: LiveKernelEvent\r\nResponse: Not available\r\nCab Id: 0\r\n\r\nProblem signature:\r\nP1: 1b8\r\nP2: 8\r\nP3: 0\r\nP4: 0\r\nP5: 0\r\nP6: 10_0_26200\r\nP7: 0_0\r\nP8: 256_1\r\nP9: \r\nP10: \r\n\r\nAttached files:\r\n\\\\?\\C:\\WINDOWS\\LiveKernelReports\\WATCHDOG4400\\WATCHDOG4400-20260722-1117.dmp\r\n\\\\?\\C:\\WINDOWS\\SystemTemp\\WER-7168375-0.sysdata.xml\r\n\\\\?\\C:\\ProgramData\\Microsoft\\Windows\\WER\\Temp\\WER.4d8fa1df-b94f-442a-a228-695ea252a61c.tmp.xml\r\n\r\nThese files may be available here:\r\n\\\\?\\C:\\ProgramData\\Microsoft\\Windows\\WER\\ReportQueue\\Kernel_1b8_2b9e1e805f561d63dd89bb7c8acf8b429ce6f72_00000000_5489376c-bdfd-4812-9d94-df8aedd1aacd\r\n\r\nAnalysis symbol: \r\nRechecking for solution: 0\r\nReport Id: 5489376c-bdfd-4812-9d94-df8aedd1aacd\r\nReport Status: 2051\r\nHashed bucket: \r\nCab Guid: 0\""}, "eventdata": {"bucketType": "0", "eventName": "LiveKernelEvent", "response": "Not available", "cabId": "0", "p1": "1b8", "p2": "8", "p3": "0", "p4": "0", "p5": "0", "p6": "10_0_26200", "p7": "0_0", "p8": "256_1", "attachedFiles": "  \\\\\\\\?\\\\C:\\\\WINDOWS\\\\LiveKernelReports\\\\WATCHDOG4400\\\\WATCHDOG4400-20260722-1117.dmp  \\\\\\\\?\\\\C:\\\\WINDOWS\\\\SystemTemp\\\\WER-7168375-0.sysdata.xml  \\\\\\\\?\\\\C:\\\\ProgramData\\\\Microsoft\\\\Windows\\\\WER\\\\Temp\\\\WER.4d8fa1df-b94f-442a-a228-695ea252a61c.tmp.xml", "storePath": "\\\\\\\\?\\\\C:\\\\ProgramData\\\\Microsoft\\\\Windows\\\\WER\\\\ReportQueue\\\\Kernel_1b8_2b9e1e805f561d63dd89bb7c8acf8b429ce6f72_00000000_5489376c-bdfd-4812-9d94-df8aedd1aacd", "rechecking": "0", "reportId": "5489376c-bdfd-4812-9d94-df8aedd1aacd", "reportStatus": "2051", "cabGuid": "0"}}}, "location": "EventChannel"}
{"timestamp": "2026-09-02T16:06:04.540+0000", "rule": {"level": 5, "description": "Windows System error event", "id": "61102", "firedtimes": 1, "mail": false, "groups": ["windows", "windows_system", "system_error"], "gpg13": ["4.3"], "gdpr": ["IV_35.7.d"]}, "agent": {"id": "001", "name": "DESKTOP-8OTQ7D4", "ip": "172.20.176.199"}, "manager": {"name": "ip-172-31-35-68"}, "id": "1788365164.4387214", "decoder": {"name": "windows_eventchannel"}, "data": {"win": {"system": {"providerName": "Microsoft-Windows-DistributedCOM", "providerGuid": "{1B562E86-B7AA-4131-BADC-B6F3A001407E}", "eventSourceName": "DCOM", "eventID": "10001", "version": "0", "level": "2", "task": "0", "opcode": "0", "keywords": "0x8080000000000000", "systemTime": "2026-09-02T16:05:44.9416772Z", "eventRecordID": "314314", "processID": "1588", "threadID": "21220", "channel": "System", "computer": "DESKTOP-8OTQ7D4", "severityValue": "ERROR", "message": "\"Unable to start a DCOM Server: {F3B5324B-98B2-4523-BBE5-1ABAB8B4D7D3} as Unavailable/Unavailable. The error:\r\n\"2147942403\"\r\nHappened while starting this command:\r\n\"C:\\Program Files\\WindowsApps\\7EE7776C.LinkedInforWindows_3.0.43.0_x64__w1wdnht996qgy\\LinkedIn\\LinkedIn.exe\" ----WindowsAppRuntimePushServer: -Embedding\""}, "eventdata": {"param1": "\\\"C:\\\\Program Files\\\\WindowsApps\\\\7EE7776C.LinkedInforWindows_3.0.43.0_x64__w1wdnht996qgy\\\\LinkedIn\\\\LinkedIn.exe\\\" ----WindowsAppRuntimePushServer: -Embedding", "param2": "2147942403", "param3": "{F3B5324B-98B2-4523-BBE5-1ABAB8B4D7D3}", "param4": "Unavailable", "param5": "Unavailable"}}}, "location": "EventChannel"}
{"timestamp": "2026-09-02T16:06:55.064+0000", "rule": {"level": 3, "description": "PAM: Login session closed.", "id": "5502", "firedtimes": 1, "mail": false, "groups": ["pam", "syslog"], "pci_dss": ["10.2.5"], "gpg13": ["7.8", "7.9"], "gdpr": ["IV_32.2"], "hipaa": ["164.312.b"], "nist_800_53": ["AU.14", "AC.7"], "tsc": ["CC6.8", "CC7.2", "CC7.3"]}, "agent": {"id": "000", "name": "ip-172-31-35-68"}, "manager": {"name": "ip-172-31-35-68"}, "id": "1788365215.4389734", "full_log": "Sep 02 16:06:53 ip-172-31-35-68 sshd-session[36130]: pam_unix(sshd:session): session closed for user ubuntu", "predecoder": {"program_name": "sshd-session", "timestamp": "Sep 02 16:06:53", "hostname": "ip-172-31-35-68"}, "decoder": {"parent": "pam", "name": "pam"}, "data": {"dstuser": "ubuntu"}, "location": "journald"}
{"timestamp": "2026-09-02T16:09:07.845+0000", "rule": {"level": 3, "description": "Software protection service scheduled successfully.", "id": "60642", "firedtimes": 1, "mail": false, "groups": ["windows", "windows_application"]}, "agent": {"id": "001", "name": "DESKTOP-8OTQ7D4", "ip": "172.20.176.199"}, "manager": {"name": "ip-172-31-35-68"}, "id": "1788365347.4390128", "decoder": {"name": "windows_eventchannel"}, "data": {"win": {"system": {"providerName": "Microsoft-Windows-Security-SPP", "providerGuid": "{E23B33B0-C8C9-472C-A5F9-F2BDFEA0F156}", "eventSourceName": "Software Protection Platform Service", "eventID": "16384", "version": "0", "level": "4", "task": "0", "opcode": "0", "keywords": "0x80000000000000", "systemTime": "2026-09-02T16:08:49.2587852Z", "eventRecordID": "202064", "processID": "15268", "threadID": "0", "channel": "Application", "computer": "DESKTOP-8OTQ7D4", "severityValue": "INFORMATION", "message": "\"Successfully scheduled Software Protection service for re-start at 2126-08-09T16:08:49Z. Reason: RulesEngine.\""}, "eventdata": {"data": "2126-08-09T16:08:49Z, RulesEngine"}}}, "location": "EventChannel"}
{"timestamp": "2026-09-02T16:16:35.596+0000", "rule": {"level": 3, "description": "The database engine is starting a new instance.", "id": "60805", "firedtimes": 1, "mail": false, "groups": ["windows", "windows_application"]}, "agent": {"id": "001", "name": "DESKTOP-8OTQ7D4", "ip": "172.20.176.199"}, "manager": {"name": "ip-172-31-35-68"}, "id": "1788365795.4391735", "decoder": {"name": "windows_eventchannel"}, "data": {"win": {"system": {"providerName": "ESENT", "eventID": "102", "version": "0", "level": "4", "task": "1", "opcode": "0", "keywords": "0x80000000000000", "systemTime": "2026-09-02T16:16:16.9109418Z", "eventRecordID": "202066", "processID": "23364", "threadID": "0", "channel": "Application", "computer": "DESKTOP-8OTQ7D4", "severityValue": "INFORMATION", "message": "\"svchost (23364,P,98,0) DS_Token_DB: The database engine (10.00.26200.0000) is starting a new instance (0).\""}, "eventdata": {"data": "svchost, 23364,P,98,0, DS_Token_DB:, 0, 10, 00, 26200, 0000"}}}, "location": "EventChannel"}
{"timestamp": "2026-09-02T16:16:35.600+0000", "rule": {"level": 3, "description": "The database engine is initiating recovery steps.", "id": "60807", "firedtimes": 1, "mail": false, "groups": ["windows", "windows_application"]}, "agent": {"id": "001", "name": "DESKTOP-8OTQ7D4", "ip": "172.20.176.199"}, "manager": {"name": "ip-172-31-35-68"}, "id": "1788365795.4393088", "decoder": {"name": "windows_eventchannel"}, "data": {"win": {"system": {"providerName": "ESENT", "eventID": "300", "version": "0", "level": "4", "task": "3", "opcode": "0", "keywords": "0x80000000000000", "systemTime": "2026-09-02T16:16:16.9245857Z", "eventRecordID": "202067", "processID": "23364", "threadID": "0", "channel": "Application", "computer": "DESKTOP-8OTQ7D4", "severityValue": "INFORMATION", "message": "\"svchost (23364,R,98,0) DS_Token_DB: The database engine is initiating recovery steps.\""}, "eventdata": {"data": "svchost, 23364,R,98,0, DS_Token_DB:"}}}, "location": "EventChannel"}
{"timestamp": "2026-09-02T16:16:35.685+0000", "rule": {"level": 3, "description": "The database engine is replaying log file C:\\Winnt\\system32\\wins\\j50.log.", "id": "60808", "firedtimes": 1, "mail": false, "groups": ["windows", "windows_application"]}, "agent": {"id": "001", "name": "DESKTOP-8OTQ7D4", "ip": "172.20.176.199"}, "manager": {"name": "ip-172-31-35-68"}, "id": "1788365795.4394353", "decoder": {"name": "windows_eventchannel"}, "data": {"win": {"system": {"providerName": "ESENT", "eventID": "301", "version": "0", "level": "4", "task": "3", "opcode": "0", "keywords": "0x80000000000000", "systemTime": "2026-09-02T16:16:16.9572027Z", "eventRecordID": "202068", "processID": "23364", "threadID": "0", "channel": "Application", "computer": "DESKTOP-8OTQ7D4", "severityValue": "INFORMATION", "message": "\"svchost (23364,R,98,0) DS_Token_DB: The database engine has finished replaying logfile C:\\WINDOWS\\syswow64\\config\\systemprofile\\AppData\\Local\\DataSharing\\Storage\\DSS.log. \r\n \r\nProcessing Stats: \n[1] 0.029642 -0.010661 (9) WT +J(CM:0, PgRf:0, Rd:0/0, Dy:0/0, Lg:40560/48) +M(C:0K, Fs:122, WS:276K # 280K, PF:164K # 168K, P:164K). \r\nLog record of type 'Insert   ' was seen most frequently (8 times)\""}, "eventdata": {"data": "svchost, 23364,R,98,0, DS_Token_DB:, C:\\\\WINDOWS\\\\syswow64\\\\config\\\\systemprofile\\\\AppData\\\\Local\\\\DataSharing\\\\Storage\\\\DSS.log,  [1] 0.029642 -0.010661 (9) WT +J(CM:0, PgRf:0, Rd:0/0, Dy:0/0, Lg:40560/48) +M(C:0K, Fs:122, WS:276K # 280K, PF:164K # 168K, P:164K)., Insert, 8"}}}, "location": "EventChannel"}
{"timestamp": "2026-09-02T16:16:35.726+0000", "rule": {"level": 3, "description": "The database engine has completed recovery steps.", "id": "60809", "firedtimes": 1, "mail": false, "groups": ["windows", "windows_application"]}, "agent": {"id": "001", "name": "DESKTOP-8OTQ7D4", "ip": "172.20.176.199"}, "manager": {"name": "ip-172-31-35-68"}, "id": "1788365795.4396778", "decoder": {"name": "windows_eventchannel"}, "data": {"win": {"system": {"providerName": "ESENT", "eventID": "302", "version": "0", "level": "4", "task": "3", "opcode": "0", "keywords": "0x80000000000000", "systemTime": "2026-09-02T16:16:16.9854069Z", "eventRecordID": "202069", "processID": "23364", "threadID": "0", "channel": "Application", "computer": "DESKTOP-8OTQ7D4", "severityValue": "INFORMATION", "message": "\"svchost (23364,U,98,0) DS_Token_DB: The database engine has successfully completed recovery steps.\""}, "eventdata": {"data": "svchost, 23364,U,98,0, DS_Token_DB:"}}}, "location": "EventChannel"}
{"timestamp": "2026-09-02T16:16:35.785+0000", "rule": {"level": 3, "description": "The database engine attached a database.", "id": "60798", "firedtimes": 1, "mail": false, "groups": ["windows", "windows_application"]}, "agent": {"id": "001", "name": "DESKTOP-8OTQ7D4", "ip": "172.20.176.199"}, "manager": {"name": "ip-172-31-35-68"}, "id": "1788365795.4398069", "decoder": {"name": "windows_eventchannel"}, "data": {"win": {"system": {"providerName": "ESENT", "eventID": "326", "version": "0", "level": "4", "task": "1", "opcode": "0", "keywords": "0x80000000000000", "systemTime": "2026-09-02T16:16:17.0278669Z", "eventRecordID": "202071", "processID": "23364", "threadID": "0", "channel": "Application", "computer": "DESKTOP-8OTQ7D4", "severityValue": "INFORMATION", "message": "\"svchost (23364,D,50,0) DS_Token_DB: The database engine attached a database (1, C:\\WINDOWS\\syswow64\\config\\systemprofile\\AppData\\Local\\DataSharing\\Storage\\DSTokenDB2.dat). (Time=0 seconds) \r\n \r\nSaved Cache: 1 0 \r\nAdditional Data: lgposAttach = 00000014:000D:0268,\ndbv = 1568.300.620 (9620) \r\n \r\nInternal Timing Sequence: \n[1] 0.000011 +J(0) +M(C:0K, Fs:1, WS:4K # 0K, PF:0K # 0K, P:0K)\n[2] 0.002012 -0.000268 (1) WT +J(0) +M(C:0K, Fs:17, WS:4K # 12K, PF:4K # 8K, P:4K)\n[3] 0.012082 -0.003622 (6) WT +J(CM:0, PgRf:0, Rd:0/0, Dy:0/0, Lg:3480/2) +M(C:0K, Fs:6, WS:20K # 0K, PF:20K # 0K, P:20K)\n[4] 0.003146 +J(0)\n[5] -\n[6] 0.000745 -0.000646 (2) CM -0.000428 (2) WT +J(CM:2, PgRf:2, Rd:0/2, Dy:0/0, Lg:0/0) +M(C:0K, Fs:2, WS:8K # 0K, PF:0K # 0K, P:0K)\n[7] 0.000003 +J(0)\n[8] 0.000311 -0.000127 (1) CM -0.000094 (1) WT +J(CM:1, PgRf:1, Rd:4/1, Dy:0/0, Lg:0/0) +M(C:16K, Fs:25, WS:100K # 64K, PF:208K # 168K, P:208K)\n[9] -\n[10] -\n[11] -\n[12] 0.000017 +J(CM:0, PgRf:0, Rd:0/0, Dy:0/0, Lg:54/1) +M(C:0K, Fs:1, WS:4K # 4K, PF:20K # 16K, P:20K)\n[13] 0.000652 -0.000448 (3) CM -0.000336 (3) WT +J(CM:3, PgRf:23, Rd:0/3, Dy:0/0, Lg:0/0) +M(C:-8K, Fs:19, WS:68K # 68K, PF:-4K # 4K, P:-4K)\n[14] 0.000429 -0.000297 (2) CM -0.000240 (2) WT +J(CM:2, PgRf:40, Rd:0/2, Dy:0/0, Lg:0/0) +M(C:0K, Fs:3, WS:12K # 12K, PF:64K # 56K, P:64K)\n[15] 0.000164 -0.000139 (1) CM -0.000107 (1) WT +J(CM:1, PgRf:1, Rd:0/1, Dy:0/0, Lg:0/0)\n[16] 0.000014 +J(CM:0, PgRf:1, Rd:0/0, Dy:0/0, Lg:0/0) +M(C:0K, Fs:1, WS:4K # 4K, PF:0K # 0K, P:0K)\n[17] 0.000231 -0.000146 (1) CM -0.000108 (1) WT +J(CM:1, PgRf:42, Rd:0/1, Dy:0/0, Lg:0/0) +M(C:0K, Fs:9, WS:36K # 36K, PF:0K # 0K, P:0K)\n[18] 0.000001 +J(0)\n[19] 0.000001 +J(0)\n[20] 0.000184 -0.000136 (1) CM -0.000102 (1) WT +J(CM:1, PgRf:3, Rd:0/1, Dy:0/0, Lg:0/0) +M(C:0K, Fs:3, WS:12K # 12K, PF:0K # 0K, P:0K).\""}, "eventdata": {"data": "svchost, 23364,D,50,0, DS_Token_DB:, 1, C:\\\\WINDOWS\\\\syswow64\\\\config\\\\systemprofile\\\\AppData\\\\Local\\\\DataSharing\\\\Storage\\\\DSTokenDB2.dat, 0,  [1] 0.000011 +J(0) +M(C:0K, Fs:1, WS:4K # 0K, PF:0K # 0K, P:0K) [2] 0.002012 -0.000268 (1) WT +J(0) +M(C:0K, Fs:17, WS:4K # 12K, PF:4K # 8K, P:4K) [3] 0.012082 -0.003622 (6) WT +J(CM:0, PgRf:0, Rd:0/0, Dy:0/0, Lg:3480/2) +M(C:0K, Fs:6, WS:20K # 0K, PF:20K # 0K, P:20K) [4] 0.003146 +J(0) [5] - [6] 0.000745 -0.000646 (2) CM -0.000428 (2) WT +J(CM:2, PgRf:2, Rd:0/2, Dy:0/0, Lg:0/0) +M(C:0K, Fs:2, WS:8K # 0K, PF:0K # 0K, P:0K) [7] 0.000003 +J(0) [8] 0.000311 -0.000127 (1) CM -0.000094 (1) WT +J(CM:1, PgRf:1, Rd:4/1, Dy:0/0, Lg:0/0) +M(C:16K, Fs:25, WS:100K # 64K, PF:208K # 168K, P:208K) [9] - [10] - [11] - [12] 0.000017 +J(CM:0, PgRf:0, Rd:0/0, Dy:0/0, Lg:54/1) +M(C:0K, Fs:1, WS:4K # 4K, PF:20K # 16K, P:20K) [13] 0.000652 -0.000448 (3) CM -0.000336 (3) WT +J(CM:3, PgRf:23, Rd:0/3, Dy:0/0, Lg:0/0) +M(C:-8K, Fs:19, WS:68K # 68K, PF:-4K # 4K, P:-4K) [14] 0.000429 -0.000297 (2) CM -0.000240 (2) WT +J(CM:2, PgRf:40, Rd:0/2, Dy:0/0, Lg:0/0) +M(C:0K, Fs:3, WS:12K # 12K, PF:64K # 56K, P:64K) [15] 0.000164 -0.000139 (1) CM -0.000107 (1) WT +J(CM:1, PgRf:1, Rd:0/1, Dy:0/0, Lg:0/0) [16] 0.000014 +J(CM:0, PgRf:1, Rd:0/0, Dy:0/0, Lg:0/0) +M(C:0K, Fs:1, WS:4K # 4K, PF:0K # 0K, P:0K) [17] 0.000231 -0.000146 (1) CM -0.000108 (1) WT +J(CM:1, PgRf:42, Rd:0/1, Dy:0/0, Lg:0/0) +M(C:0K, Fs:9, WS:36K # 36K, PF:0K # 0K, P:0K) [18] 0.000001 +J(0) [19] 0.000001 +J(0) [20] 0.000184 -0.000136 (1) CM -0.000102 (1) WT +J(CM:1, PgRf:3, Rd:0/1, Dy:0/0, Lg:0/0) +M(C:0K, Fs:3, WS:12K # 12K, PF:0K # 0K, P:0K)., 1 0, lgposAttach = 00000014:000D:0268, dbv = 1568.300.620 (9620)"}}}, "location": "EventChannel"}
{"timestamp": "2026-09-02T16:19:37.415+0000", "rule": {"level": 5, "description": "The VSS service is shutting down due to idle timeout.", "id": "60702", "firedtimes": 1, "mail": false, "groups": ["windows", "windows_application"]}, "agent": {"id": "001", "name": "DESKTOP-8OTQ7D4", "ip": "172.20.176.199"}, "manager": {"name": "ip-172-31-35-68"}, "id": "1788365977.4406195", "decoder": {"name": "windows_eventchannel"}, "data": {"win": {"system": {"providerName": "VSS", "eventID": "8224", "version": "0", "level": "4", "task": "0", "opcode": "0", "keywords": "0x80000000000000", "systemTime": "2026-09-02T16:19:18.7086061Z", "eventRecordID": "202074", "processID": "21148", "threadID": "0", "channel": "Application", "computer": "DESKTOP-8OTQ7D4", "severityValue": "INFORMATION", "message": "\"The VSS service is shutting down due to idle timeout. \""}, "eventdata": {"binary": "2D20436F64653A2020434F525356434330303030303737322D2043616C6C3A2020434F525356434330303030303735342D205049443A202030303032313134382D205449443A202030303031343538302D20434D443A2020433A5C57494E444F57535C73797374656D33325C76737376632E6578652020202D20557365723A204E616D653A204E5420415554484F524954595C53595354454D2C205349443A532D312D352D313820"}}}, "location": "EventChannel"}
{"timestamp": "2026-09-02T16:35:14.936+0000", "rule": {"level": 3, "description": "Software protection service scheduled successfully.", "id": "60642", "firedtimes": 2, "mail": false, "groups": ["windows", "windows_application"]}, "agent": {"id": "001", "name": "DESKTOP-8OTQ7D4", "ip": "172.20.176.199"}, "manager": {"name": "ip-172-31-35-68"}, "id": "1788366914.4408006", "decoder": {"name": "windows_eventchannel"}, "data": {"win": {"system": {"providerName": "Microsoft-Windows-Security-SPP", "providerGuid": "{E23B33B0-C8C9-472C-A5F9-F2BDFEA0F156}", "eventSourceName": "Software Protection Platform Service", "eventID": "16384", "version": "0", "level": "4", "task": "0", "opcode": "0", "keywords": "0x80000000000000", "systemTime": "2026-09-02T16:34:56.3205246Z", "eventRecordID": "202076", "processID": "24124", "threadID": "0", "channel": "Application", "computer": "DESKTOP-8OTQ7D4", "severityValue": "INFORMATION", "message": "\"Successfully scheduled Software Protection service for re-start at 2126-08-09T16:34:56Z. Reason: RulesEngine.\""}, "eventdata": {"data": "2126-08-09T16:34:56Z, RulesEngine"}}}, "location": "EventChannel"}
{"timestamp": "2026-09-02T16:50:13.066+0000", "rule": {"level": 5, "description": ".NET Runtime - CLR 2.0 does not support profilers written for CLR 1.x.", "id": "61020", "firedtimes": 1, "mail": false, "groups": ["windows", "windows_application"]}, "agent": {"id": "001", "name": "DESKTOP-8OTQ7D4", "ip": "172.20.176.199"}, "manager": {"name": "ip-172-31-35-68"}, "id": "1788367813.4409613", "decoder": {"name": "windows_eventchannel"}, "data": {"win": {"system": {"providerName": ".NET Runtime", "eventID": "1022", "version": "0", "level": "2", "task": "0", "opcode": "0", "keywords": "0x80000000000000", "systemTime": "2026-09-02T16:49:54.3701238Z", "eventRecordID": "202077", "processID": "21008", "threadID": "0", "channel": "Application", "computer": "DESKTOP-8OTQ7D4", "severityValue": "ERROR", "message": "\".NET Runtime version 4.0.30319.0 - There was a failure initializing profiling API attach infrastructure.  This process will not allow a profiler to attach.  HRESULT: 0x80004005.  Process ID (decimal): 21008.  Message ID: [0x2509].\""}, "eventdata": {"data": ".NET Runtime version 4.0.30319.0 - There was a failure initializing profiling API attach infrastructure.  This process will not allow a profiler to attach.  HRESULT: 0x80004005.  Process ID (decimal): 21008.  Message ID: [0x2509]."}}}, "location": "EventChannel"}
