{"rule": {"id": "9999", "description": "AI-SOC TEST ALERT", "level": 10}, "agent": {"id": "001", "name": "TEST-AGENT"}}
{"timestamp": "2026-09-02T09:08:34.028+0000", "rule": {"level": 9, "description": "Windows application error event.", "id": "60602", "firedtimes": 1, "mail": false, "groups": ["windows", "windows_application", "system_error"], "gdpr": ["IV_35.7.d"], "gpg13": ["4.3"]}, "agent": {"id": "001", "name": "DESKTOP-8OTQ7D4", "ip": "172.16.104.253"}, "manager": {"name": "ip-172-31-35-68"}, "id": "1788340114.481013", "decoder": {"name": "windows_eventchannel"}, "data": {"win": {"system": {"providerName": "AI-SOC-Test", "eventID": "1000", "version": "0", "level": "2", "task": "0", "opcode": "0", "keywords": "0x80000000000000", "systemTime": "2026-09-02T09:08:16.3030838Z", "eventRecordID": "201359", "processID": "21756", "threadID": "0", "channel": "Application", "computer": "DESKTOP-8OTQ7D4", "severityValue": "ERROR", "message": "\"AI-SOC real Wazuh detection test\""}, "eventdata": {"data": "AI-SOC real Wazuh detection test"}}}, "location": "EventChannel"}
{"timestamp": "2026-09-02T09:09:09.465+0000", "rule": {"level": 3, "description": "Successful sudo to ROOT executed.", "id": "5402", "mitre": {"id": ["T1548.003"], "tactic": ["Privilege Escalation", "Defense Evasion"], "technique": ["Sudo and Sudo Caching"]}, "firedtimes": 1, "mail": false, "groups": ["syslog", "sudo"], "pci_dss": ["10.2.5", "10.2.2"], "gpg13": ["7.6", "7.8", "7.13"], "gdpr": ["IV_32.2"], "hipaa": ["164.312.b"], "nist_800_53": ["AU.14", "AC.7", "AC.6"], "tsc": ["CC6.8", "CC7.2", "CC7.3"]}, "agent": {"id": "000", "name": "ip-172-31-35-68"}, "manager": {"name": "ip-172-31-35-68"}, "id": "1788340149.482188", "full_log": "Sep 02 09:09:08 ip-172-31-35-68 sudo[31575]: ubuntu : TTY=/dev/pts/0 ; PWD=/home/ubuntu ; USER=root ; COMMAND=/usr/bin/tail -n 20 /var/ossec/logs/alerts/alerts.json", "predecoder": {"program_name": "sudo", "timestamp": "Sep 02 09:09:08", "hostname": "ip-172-31-35-68"}, "decoder": {"parent": "sudo", "name": "sudo", "ftscomment": "First time user executed the sudo command"}, "data": {"srcuser": "ubuntu", "dstuser": "root", "tty": "/dev/pts/0", "pwd": "/home/ubuntu", "command": "/usr/bin/tail -n 20 /var/ossec/logs/alerts/alerts.json"}, "location": "journald"}
{"timestamp": "2026-09-02T09:09:09.465+0000", "rule": {"level": 3, "description": "PAM: Login session opened.", "id": "5501", "mitre": {"id": ["T1078"], "tactic": ["Defense Evasion", "Persistence", "Privilege Escalation", "Initial Access"], "technique": ["Valid Accounts"]}, "firedtimes": 1, "mail": false, "groups": ["pam", "syslog", "authentication_success"], "pci_dss": ["10.2.5"], "gpg13": ["7.8", "7.9"], "gdpr": ["IV_32.2"], "hipaa": ["164.312.b"], "nist_800_53": ["AU.14", "AC.7"], "tsc": ["CC6.8", "CC7.2", "CC7.3"]}, "agent": {"id": "000", "name": "ip-172-31-35-68"}, "manager": {"name": "ip-172-31-35-68"}, "id": "1788340149.482785", "full_log": "Sep 02 09:09:08 ip-172-31-35-68 sudo[31575]: pam_unix(sudo:session): session opened for user root(uid=0) by ubuntu(uid=1000)", "predecoder": {"program_name": "sudo", "timestamp": "Sep 02 09:09:08", "hostname": "ip-172-31-35-68"}, "decoder": {"parent": "pam", "name": "pam"}, "data": {"srcuser": "ubuntu", "dstuser": "root", "uid": "1000"}, "location": "journald"}
{"timestamp": "2026-09-02T09:09:09.465+0000", "rule": {"level": 3, "description": "PAM: Login session closed.", "id": "5502", "firedtimes": 1, "mail": false, "groups": ["pam", "syslog"], "pci_dss": ["10.2.5"], "gpg13": ["7.8", "7.9"], "gdpr": ["IV_32.2"], "hipaa": ["164.312.b"], "nist_800_53": ["AU.14", "AC.7"], "tsc": ["CC6.8", "CC7.2", "CC7.3"]}, "agent": {"id": "000", "name": "ip-172-31-35-68"}, "manager": {"name": "ip-172-31-35-68"}, "id": "1788340149.483226", "full_log": "Sep 02 09:09:08 ip-172-31-35-68 sudo[31575]: pam_unix(sudo:session): session closed for user root", "predecoder": {"program_name": "sudo", "timestamp": "Sep 02 09:09:08", "hostname": "ip-172-31-35-68"}, "decoder": {"parent": "pam", "name": "pam"}, "data": {"dstuser": "root"}, "location": "journald"}
{"timestamp": "2026-09-02T09:16:38.638+0000", "rule": {"level": 3, "description": "Software protection service scheduled successfully.", "id": "60642", "firedtimes": 1, "mail": false, "groups": ["windows", "windows_application"]}, "agent": {"id": "001", "name": "DESKTOP-8OTQ7D4", "ip": "172.16.104.253"}, "manager": {"name": "ip-172-31-35-68"}, "id": "1788340598.483607", "decoder": {"name": "windows_eventchannel"}, "data": {"win": {"system": {"providerName": "Microsoft-Windows-Security-SPP", "providerGuid": "{E23B33B0-C8C9-472C-A5F9-F2BDFEA0F156}", "eventSourceName": "Software Protection Platform Service", "eventID": "16384", "version": "0", "level": "4", "task": "0", "opcode": "0", "keywords": "0x80000000000000", "systemTime": "2026-09-02T09:16:20.9829649Z", "eventRecordID": "201361", "processID": "20236", "threadID": "0", "channel": "Application", "computer": "DESKTOP-8OTQ7D4", "severityValue": "INFORMATION", "message": "\"Successfully scheduled Software Protection service for re-start at 2126-08-09T09:16:20Z. Reason: RulesEngine.\""}, "eventdata": {"data": "2126-08-09T09:16:20Z, RulesEngine"}}}, "location": "EventChannel"}
{"timestamp": "2026-09-02T09:19:03.217+0000", "rule": {"level": 4, "description": "Summary event of the report's signatures.", "id": "60608", "firedtimes": 1, "mail": false, "groups": ["windows", "windows_application"]}, "agent": {"id": "001", "name": "DESKTOP-8OTQ7D4", "ip": "172.16.104.253"}, "manager": {"name": "ip-172-31-35-68"}, "id": "1788340743.485213", "decoder": {"name": "windows_eventchannel"}, "data": {"win": {"system": {"providerName": "Windows Error Reporting", "providerGuid": "{0ead09bd-2157-539a-8d6d-c87f95b64d70}", "eventID": "1001", "version": "0", "level": "4", "task": "0", "opcode": "0", "keywords": "0x8000000000000000", "systemTime": "2026-09-02T09:18:44.5578034Z", "eventRecordID": "201362", "processID": "23032", "threadID": "5712", "channel": "Application", "computer": "DESKTOP-8OTQ7D4", "severityValue": "INFORMATION", "message": "\"Fault bucket , type 0\r\nEvent Name: LiveKernelEvent\r\nResponse: Not available\r\nCab Id: 0\r\n\r\nProblem signature:\r\nP1: 1a8\r\nP2: 1\r\nP3: 0\r\nP4: 0\r\nP5: 0\r\nP6: 10_0_26200\r\nP7: 0_0\r\nP8: 256_1\r\nP9: \r\nP10: \r\n\r\nAttached files:\r\n\\\\?\\C:\\WINDOWS\\LiveKernelReports\\WATCHDOG\\WATCHDOG-20260402-1438.dmp\r\n\\\\?\\C:\\WINDOWS\\SystemTemp\\WER-534656-0.sysdata.xml\r\n\\\\?\\C:\\ProgramData\\Microsoft\\Windows\\WER\\Temp\\WER.c87ef300-7371-42a0-9539-a2c415e55f30.tmp.WERInternalMetadata.xml\r\n\\\\?\\C:\\ProgramData\\Microsoft\\Windows\\WER\\Temp\\WER.1dbfc55f-df99-43b0-a48a-a283b405520b.tmp.csv\r\n\\\\?\\C:\\ProgramData\\Microsoft\\Windows\\WER\\Temp\\WER.d1255cac-382d-4dd6-86b6-41e0c4da98aa.tmp.txt\r\n\\\\?\\C:\\ProgramData\\Microsoft\\Windows\\WER\\Temp\\WER.9fde3c17-69e3-43b2-a9a9-ab87d22bb9fb.tmp.xml\r\n\r\nThese files may be available here:\r\n\\\\?\\C:\\ProgramData\\Microsoft\\Windows\\WER\\ReportQueue\\Kernel_1a8_c3be8430ad9f60eb75f06b62afa7598beb464e3_00000000_76791948-1aec-4cf8-bd19-04e448c84421\r\n\r\nAnalysis symbol: \r\nRechecking for solution: 0\r\nReport Id: 76791948-1aec-4cf8-bd19-04e448c84421\r\nReport Status: 2051\r\nHashed bucket: \r\nCab Guid: 0\""}, "eventdata": {"bucketType": "0", "eventName": "LiveKernelEvent", "response": "Not available", "cabId": "0", "p1": "1a8", "p2": "1", "p3": "0", "p4": "0", "p5": "0", "p6": "10_0_26200", "p7": "0_0", "p8": "256_1", "attachedFiles": "  \\\\\\\\?\\\\C:\\\\WINDOWS\\\\LiveKernelReports\\\\WATCHDOG\\\\WATCHDOG-20260402-1438.dmp  \\\\\\\\?\\\\C:\\\\WINDOWS\\\\SystemTemp\\\\WER-534656-0.sysdata.xml  \\\\\\\\?\\\\C:\\\\ProgramData\\\\Microsoft\\\\Windows\\\\WER\\\\Temp\\\\WER.c87ef300-7371-42a0-9539-a2c415e55f30.tmp.WERInternalMetadata.xml  \\\\\\\\?\\\\C:\\\\ProgramData\\\\Microsoft\\\\Windows\\\\WER\\\\Temp\\\\WER.1dbfc55f-df99-43b0-a48a-a283b405520b.tmp.csv  \\\\\\\\?\\\\C:\\\\ProgramData\\\\Microsoft\\\\Windows\\\\WER\\\\Temp\\\\WER.d1255cac-382d-4dd6-86b6-41e0c4da98aa.tmp.txt  \\\\\\\\?\\\\C:\\\\ProgramData\\\\Microsoft\\\\Windows\\\\WER\\\\Temp\\\\WER.9fde3c17-69e3-43b2-a9a9-ab87d22bb9fb.tmp.xml", "storePath": "\\\\\\\\?\\\\C:\\\\ProgramData\\\\Microsoft\\\\Windows\\\\WER\\\\ReportQueue\\\\Kernel_1a8_c3be8430ad9f60eb75f06b62afa7598beb464e3_00000000_76791948-1aec-4cf8-bd19-04e448c84421", "rechecking": "0", "reportId": "76791948-1aec-4cf8-bd19-04e448c84421", "reportStatus": "2051", "cabGuid": "0"}}}, "location": "EventChannel"}
{"timestamp": "2026-09-02T09:19:03.227+0000", "rule": {"level": 4, "description": "Summary event of the report's signatures.", "id": "60608", "firedtimes": 3, "mail": false, "groups": ["windows", "windows_application"]}, "agent": {"id": "001", "name": "DESKTOP-8OTQ7D4", "ip": "172.16.104.253"}, "manager": {"name": "ip-172-31-35-68"}, "id": "1788340743.491048", "decoder": {"name": "windows_eventchannel"}, "data": {"win": {"system": {"providerName": "Windows Error Reporting", "providerGuid": "{0ead09bd-2157-539a-8d6d-c87f95b64d70}", "eventID": "1001", "version": "0", "level": "4", "task": "0", "opcode": "0", "keywords": "0x8000000000000000", "systemTime": "2026-09-02T09:18:44.6939303Z", "eventRecordID": "201363", "processID": "23032", "threadID": "5712", "channel": "Application", "computer": "DESKTOP-8OTQ7D4", "severityValue": "INFORMATION", "message": "\"Fault bucket , type 0\r\nEvent Name: LiveKernelEvent\r\nResponse: Not available\r\nCab Id: 0\r\n\r\nProblem signature:\r\nP1: 1a8\r\nP2: 1\r\nP3: 0\r\nP4: 0\r\nP5: 0\r\nP6: 10_0_26200\r\nP7: 0_0\r\nP8: 256_1\r\nP9: \r\nP10: \r\n\r\nAttached files:\r\n\\\\?\\C:\\WINDOWS\\LiveKernelReports\\WATCHDOG\\WATCHDOG-20260402-1623.dmp\r\n\\\\?\\C:\\WINDOWS\\SystemTemp\\WER-6855828-0.sysdata.xml\r\n\\\\?\\C:\\ProgramData\\Microsoft\\Windows\\WER\\Temp\\WER.cdfbc9a6-3370-46b7-8378-ef5eed2c808a.tmp.WERInternalMetadata.xml\r\n\\\\?\\C:\\ProgramData\\Microsoft\\Windows\\WER\\Temp\\WER.7cd20148-6e9f-408b-acb6-cb1a928c867c.tmp.csv\r\n\\\\?\\C:\\ProgramData\\Microsoft\\Windows\\WER\\Temp\\WER.bc00f881-c0e8-4d26-a066-4b1e44ef97a2.tmp.txt\r\n\\\\?\\C:\\ProgramData\\Microsoft\\Windows\\WER\\Temp\\WER.9958c591-cf38-4442-bfd2-169f10b858f4.tmp.xml\r\n\r\nThese files may be available here:\r\n\\\\?\\C:\\ProgramData\\Microsoft\\Windows\\WER\\ReportQueue\\Kernel_1a8_c3be8430ad9f60eb75f06b62afa7598beb464e3_00000000_6815846d-b8fe-4e77-96f2-53c929a25f78\r\n\r\nAnalysis symbol: \r\nRechecking for solution: 0\r\nReport Id: 6815846d-b8fe-4e77-96f2-53c929a25f78\r\nReport Status: 2051\r\nHashed bucket: \r\nCab Guid: 0\""}, "eventdata": {"bucketType": "0", "eventName": "LiveKernelEvent", "response": "Not available", "cabId": "0", "p1": "1a8", "p2": "1", "p3": "0", "p4": "0", "p5": "0", "p6": "10_0_26200", "p7": "0_0", "p8": "256_1", "attachedFiles": "  \\\\\\\\?\\\\C:\\\\WINDOWS\\\\LiveKernelReports\\\\WATCHDOG\\\\WATCHDOG-20260402-1623.dmp  \\\\\\\\?\\\\C:\\\\WINDOWS\\\\SystemTemp\\\\WER-6855828-0.sysdata.xml  \\\\\\\\?\\\\C:\\\\ProgramData\\\\Microsoft\\\\Windows\\\\WER\\\\Temp\\\\WER.cdfbc9a6-3370-46b7-8378-ef5eed2c808a.tmp.WERInternalMetadata.xml  \\\\\\\\?\\\\C:\\\\ProgramData\\\\Microsoft\\\\Windows\\\\WER\\\\Temp\\\\WER.7cd20148-6e9f-408b-acb6-cb1a928c867c.tmp.csv  \\\\\\\\?\\\\C:\\\\ProgramData\\\\Microsoft\\\\Windows\\\\WER\\\\Temp\\\\WER.bc00f881-c0e8-4d26-a066-4b1e44ef97a2.tmp.txt  \\\\\\\\?\\\\C:\\\\ProgramData\\\\Microsoft\\\\Windows\\\\WER\\\\Temp\\\\WER.9958c591-cf38-4442-bfd2-169f10b858f4.tmp.xml", "storePath": "\\\\\\\\?\\\\C:\\\\ProgramData\\\\Microsoft\\\\Windows\\\\WER\\\\ReportQueue\\\\Kernel_1a8_c3be8430ad9f60eb75f06b62afa7598beb464e3_00000000_6815846d-b8fe-4e77-96f2-53c929a25f78", "rechecking": "0", "reportId": "6815846d-b8fe-4e77-96f2-53c929a25f78", "reportStatus": "2051", "cabGuid": "0"}}}, "location": "EventChannel"}
{"timestamp": "2026-09-02T09:19:03.227+0000", "rule": {"level": 4, "description": "Summary event of the report's signatures.", "id": "60608", "firedtimes": 2, "mail": false, "groups": ["windows", "windows_application"]}, "agent": {"id": "001", "name": "DESKTOP-8OTQ7D4", "ip": "172.16.104.253"}, "manager": {"name": "ip-172-31-35-68"}, "id": "1788340743.496887", "decoder": {"name": "windows_eventchannel"}, "data": {"win": {"system": {"providerName": "Windows Error Reporting", "providerGuid": "{0ead09bd-2157-539a-8d6d-c87f95b64d70}", "eventID": "1001", "version": "0", "level": "4", "task": "0", "opcode": "0", "keywords": "0x8000000000000000", "systemTime": "2026-09-02T09:18:44.8180676Z", "eventRecordID": "201364", "processID": "23032", "threadID": "5712", "channel": "Application", "computer": "DESKTOP-8OTQ7D4", "severityValue": "INFORMATION", "message": "\"Fault bucket , type 0\r\nEvent Name: LiveKernelEvent\r\nResponse: Not available\r\nCab Id: 0\r\n\r\nProblem signature:\r\nP1: 1b8\r\nP2: 1\r\nP3: 0\r\nP4: 0\r\nP5: 0\r\nP6: 10_0_26200\r\nP7: 0_0\r\nP8: 256_1\r\nP9: \r\nP10: \r\n\r\nAttached files:\r\n\\\\?\\C:\\WINDOWS\\LiveKernelReports\\WATCHDOG4401\\WATCHDOG4401-20260402-1623.dmp\r\n\\\\?\\C:\\WINDOWS\\SystemTemp\\WER-6855843-0.sysdata.xml\r\n\\\\?\\C:\\ProgramData\\Microsoft\\Windows\\WER\\Temp\\WER.c0f2febc-caa8-432d-9cf7-25883dd7becf.tmp.WERInternalMetadata.xml\r\n\\\\?\\C:\\ProgramData\\Microsoft\\Windows\\WER\\Temp\\WER.cee2d48d-0628-475c-9693-c9e29e5b9ad7.tmp.csv\r\n\\\\?\\C:\\ProgramData\\Microsoft\\Windows\\WER\\Temp\\WER.1022b4a4-5ac2-42f1-92f7-fc836fd8a145.tmp.txt\r\n\\\\?\\C:\\ProgramData\\Microsoft\\Windows\\WER\\Temp\\WER.fcd3e2cf-4c28-4478-8c1d-e8f6ac3ab30f.tmp.xml\r\n\r\nThese files may be available here:\r\n\\\\?\\C:\\ProgramData\\Microsoft\\Windows\\WER\\ReportQueue\\Kernel_1b8_3266ee9f236733789e644ef694ee92749a13023_00000000_1afbffc8-b5be-4f82-afb0-b88c3c46d3a9\r\n\r\nAnalysis symbol: \r\nRechecking for solution: 0\r\nReport Id: 1afbffc8-b5be-4f82-afb0-b88c3c46d3a9\r\nReport Status: 2051\r\nHashed bucket: \r\nCab Guid: 0\""}, "eventdata": {"bucketType": "0", "eventName": "LiveKernelEvent", "response": "Not available", "cabId": "0", "p1": "1b8", "p2": "1", "p3": "0", "p4": "0", "p5": "0", "p6": "10_0_26200", "p7": "0_0", "p8": "256_1", "attachedFiles": "  \\\\\\\\?\\\\C:\\\\WINDOWS\\\\LiveKernelReports\\\\WATCHDOG4401\\\\WATCHDOG4401-20260402-1623.dmp  \\\\\\\\?\\\\C:\\\\WINDOWS\\\\SystemTemp\\\\WER-6855843-0.sysdata.xml  \\\\\\\\?\\\\C:\\\\ProgramData\\\\Microsoft\\\\Windows\\\\WER\\\\Temp\\\\WER.c0f2febc-caa8-432d-9cf7-25883dd7becf.tmp.WERInternalMetadata.xml  \\\\\\\\?\\\\C:\\\\ProgramData\\\\Microsoft\\\\Windows\\\\WER\\\\Temp\\\\WER.cee2d48d-0628-475c-9693-c9e29e5b9ad7.tmp.csv  \\\\\\\\?\\\\C:\\\\ProgramData\\\\Microsoft\\\\Windows\\\\WER\\\\Temp\\\\WER.1022b4a4-5ac2-42f1-92f7-fc836fd8a145.tmp.txt  \\\\\\\\?\\\\C:\\\\ProgramData\\\\Microsoft\\\\Windows\\\\WER\\\\Temp\\\\WER.fcd3e2cf-4c28-4478-8c1d-e8f6ac3ab30f.tmp.xml", "storePath": "\\\\\\\\?\\\\C:\\\\ProgramData\\\\Microsoft\\\\Windows\\\\WER\\\\ReportQueue\\\\Kernel_1b8_3266ee9f236733789e644ef694ee92749a13023_00000000_1afbffc8-b5be-4f82-afb0-b88c3c46d3a9", "rechecking": "0", "reportId": "1afbffc8-b5be-4f82-afb0-b88c3c46d3a9", "reportStatus": "2051", "cabGuid": "0"}}}, "location": "EventChannel"}
{"timestamp": "2026-09-02T09:19:03.237+0000", "rule": {"level": 4, "description": "Summary event of the report's signatures.", "id": "60608", "firedtimes": 4, "mail": false, "groups": ["windows", "windows_application"]}, "agent": {"id": "001", "name": "DESKTOP-8OTQ7D4", "ip": "172.16.104.253"}, "manager": {"name": "ip-172-31-35-68"}, "id": "1788340743.502758", "decoder": {"name": "windows_eventchannel"}, "data": {"win": {"system": {"providerName": "Windows Error Reporting", "providerGuid": "{0ead09bd-2157-539a-8d6d-c87f95b64d70}", "eventID": "1001", "version": "0", "level": "4", "task": "0", "opcode": "0", "keywords": "0x8000000000000000", "systemTime": "2026-09-02T09:18:44.9425454Z", "eventRecordID": "201365", "processID": "23032", "threadID": "5712", "channel": "Application", "computer": "DESKTOP-8OTQ7D4", "severityValue": "INFORMATION", "message": "\"Fault bucket , type 0\r\nEvent Name: LiveKernelEvent\r\nResponse: Not available\r\nCab Id: 0\r\n\r\nProblem signature:\r\nP1: 1b8\r\nP2: 1\r\nP3: 0\r\nP4: 0\r\nP5: 0\r\nP6: 10_0_26200\r\nP7: 0_0\r\nP8: 256_1\r\nP9: \r\nP10: \r\n\r\nAttached files:\r\n\\\\?\\C:\\WINDOWS\\LiveKernelReports\\WATCHDOG4400\\WATCHDOG4400-20260405-1830.dmp\r\n\\\\?\\C:\\WINDOWS\\SystemTemp\\WER-102134281-1.sysdata.xml\r\n\\\\?\\C:\\ProgramData\\Microsoft\\Windows\\WER\\Temp\\WER.967a0cac-9138-47db-9318-7ed59a8c0c34.tmp.WERInternalMetadata.xml\r\n\\\\?\\C:\\ProgramData\\Microsoft\\Windows\\WER\\Temp\\WER.6731b5ab-1c6c-4a3c-9b59-83e6e26352a6.tmp.csv\r\n\\\\?\\C:\\ProgramData\\Microsoft\\Windows\\WER\\Temp\\WER.442be557-303c-4e4f-be21-f586200dacc0.tmp.txt\r\n\\\\?\\C:\\ProgramData\\Microsoft\\Windows\\WER\\Temp\\WER.6bd4a468-0792-4e8d-ae63-465fc719f10a.tmp.xml\r\n\r\nThese files may be available here:\r\n\\\\?\\C:\\ProgramData\\Microsoft\\Windows\\WER\\ReportQueue\\Kernel_1b8_3266ee9f236733789e644ef694ee92749a13023_00000000_74e1f01c-91ea-4b9b-859a-7db4f5c3614b\r\n\r\nAnalysis symbol: \r\nRechecking for solution: 0\r\nReport Id: 74e1f01c-91ea-4b9b-859a-7db4f5c3614b\r\nReport Status: 2051\r\nHashed bucket: \r\nCab Guid: 0\""}, "eventdata": {"bucketType": "0", "eventName": "LiveKernelEvent", "response": "Not available", "cabId": "0", "p1": "1b8", "p2": "1", "p3": "0", "p4": "0", "p5": "0", "p6": "10_0_26200", "p7": "0_0", "p8": "256_1", "attachedFiles": "  \\\\\\\\?\\\\C:\\\\WINDOWS\\\\LiveKernelReports\\\\WATCHDOG4400\\\\WATCHDOG4400-20260405-1830.dmp  \\\\\\\\?\\\\C:\\\\WINDOWS\\\\SystemTemp\\\\WER-102134281-1.sysdata.xml  \\\\\\\\?\\\\C:\\\\ProgramData\\\\Microsoft\\\\Windows\\\\WER\\\\Temp\\\\WER.967a0cac-9138-47db-9318-7ed59a8c0c34.tmp.WERInternalMetadata.xml  \\\\\\\\?\\\\C:\\\\ProgramData\\\\Microsoft\\\\Windows\\\\WER\\\\Temp\\\\WER.6731b5ab-1c6c-4a3c-9b59-83e6e26352a6.tmp.csv  \\\\\\\\?\\\\C:\\\\ProgramData\\\\Microsoft\\\\Windows\\\\WER\\\\Temp\\\\WER.442be557-303c-4e4f-be21-f586200dacc0.tmp.txt  \\\\\\\\?\\\\C:\\\\ProgramData\\\\Microsoft\\\\Windows\\\\WER\\\\Temp\\\\WER.6bd4a468-0792-4e8d-ae63-465fc719f10a.tmp.xml", "storePath": "\\\\\\\\?\\\\C:\\\\ProgramData\\\\Microsoft\\\\Windows\\\\WER\\\\ReportQueue\\\\Kernel_1b8_3266ee9f236733789e644ef694ee92749a13023_00000000_74e1f01c-91ea-4b9b-859a-7db4f5c3614b", "rechecking": "0", "reportId": "74e1f01c-91ea-4b9b-859a-7db4f5c3614b", "reportStatus": "2051", "cabGuid": "0"}}}, "location": "EventChannel"}
{"timestamp": "2026-09-02T09:19:03.238+0000", "rule": {"level": 4, "description": "Summary event of the report's signatures.", "id": "60608", "firedtimes": 5, "mail": false, "groups": ["windows", "windows_application"]}, "agent": {"id": "001", "name": "DESKTOP-8OTQ7D4", "ip": "172.16.104.253"}, "manager": {"name": "ip-172-31-35-68"}, "id": "1788340743.508637", "decoder": {"name": "windows_eventchannel"}, "data": {"win": {"system": {"providerName": "Windows Error Reporting", "providerGuid": "{0ead09bd-2157-539a-8d6d-c87f95b64d70}", "eventID": "1001", "version": "0", "level": "4", "task": "0", "opcode": "0", "keywords": "0x8000000000000000", "systemTime": "2026-09-02T09:18:45.0242867Z", "eventRecordID": "201366", "processID": "23032", "threadID": "5712", "channel": "Application", "computer": "DESKTOP-8OTQ7D4", "severityValue": "INFORMATION", "message": "\"Fault bucket , type 0\r\nEvent Name: LiveKernelEvent\r\nResponse: Not available\r\nCab Id: 0\r\n\r\nProblem signature:\r\nP1: 1a8\r\nP2: 1\r\nP3: 0\r\nP4: 0\r\nP5: 0\r\nP6: 10_0_26200\r\nP7: 0_0\r\nP8: 256_1\r\nP9: \r\nP10: \r\n\r\nAttached files:\r\n\\\\?\\C:\\WINDOWS\\LiveKernelReports\\WATCHDOG\\WATCHDOG-20260405-1830.dmp\r\n\\\\?\\C:\\WINDOWS\\SystemTemp\\WER-102134171-0.sysdata.xml\r\n\\\\?\\C:\\ProgramData\\Microsoft\\Windows\\WER\\Temp\\WER.8fa95240-7b05-495b-8ec2-f578faf369aa.tmp.WERInternalMetadata.xml\r\n\\\\?\\C:\\ProgramData\\Microsoft\\Windows\\WER\\Temp\\WER.3e9a5723-73f1-4d5b-a7ee-fc967882a0ae.tmp.csv\r\n\\\\?\\C:\\ProgramData\\Microsoft\\Windows\\WER\\Temp\\WER.30cee190-0f6a-4f88-89a6-f1d6a2c07b99.tmp.txt\r\n\\\\?\\C:\\ProgramData\\Microsoft\\Windows\\WER\\Temp\\WER.30377ca2-7536-4a4b-84b7-671352f932e3.tmp.xml\r\n\r\nThese files may be available here:\r\n\\\\?\\C:\\ProgramData\\Microsoft\\Windows\\WER\\ReportQueue\\Kernel_1a8_c3be8430ad9f60eb75f06b62afa7598beb464e3_00000000_96732a3b-5511-4697-bbc1-80cd18ec493b\r\n\r\nAnalysis symbol: \r\nRechecking for solution: 0\r\nReport Id: 96732a3b-5511-4697-bbc1-80cd18ec493b\r\nReport Status: 2051\r\nHashed bucket: \r\nCab Guid: 0\""}, "eventdata": {"bucketType": "0", "eventName": "LiveKernelEvent", "response": "Not available", "cabId": "0", "p1": "1a8", "p2": "1", "p3": "0", "p4": "0", "p5": "0", "p6": "10_0_26200", "p7": "0_0", "p8": "256_1", "attachedFiles": "  \\\\\\\\?\\\\C:\\\\WINDOWS\\\\LiveKernelReports\\\\WATCHDOG\\\\WATCHDOG-20260405-1830.dmp  \\\\\\\\?\\\\C:\\\\WINDOWS\\\\SystemTemp\\\\WER-102134171-0.sysdata.xml  \\\\\\\\?\\\\C:\\\\ProgramData\\\\Microsoft\\\\Windows\\\\WER\\\\Temp\\\\WER.8fa95240-7b05-495b-8ec2-f578faf369aa.tmp.WERInternalMetadata.xml  \\\\\\\\?\\\\C:\\\\ProgramData\\\\Microsoft\\\\Windows\\\\WER\\\\Temp\\\\WER.3e9a5723-73f1-4d5b-a7ee-fc967882a0ae.tmp.csv  \\\\\\\\?\\\\C:\\\\ProgramData\\\\Microsoft\\\\Windows\\\\WER\\\\Temp\\\\WER.30cee190-0f6a-4f88-89a6-f1d6a2c07b99.tmp.txt  \\\\\\\\?\\\\C:\\\\ProgramData\\\\Microsoft\\\\Windows\\\\WER\\\\Temp\\\\WER.30377ca2-7536-4a4b-84b7-671352f932e3.tmp.xml", "storePath": "\\\\\\\\?\\\\C:\\\\ProgramData\\\\Microsoft\\\\Windows\\\\WER\\\\ReportQueue\\\\Kernel_1a8_c3be8430ad9f60eb75f06b62afa7598beb464e3_00000000_96732a3b-5511-4697-bbc1-80cd18ec493b", "rechecking": "0", "reportId": "96732a3b-5511-4697-bbc1-80cd18ec493b", "reportStatus": "2051", "cabGuid": "0"}}}, "location": "EventChannel"}
{"timestamp": "2026-09-02T09:19:03.247+0000", "rule": {"level": 4, "description": "Summary event of the report's signatures.", "id": "60608", "firedtimes": 7, "mail": false, "groups": ["windows", "windows_application"]}, "agent": {"id": "001", "name": "DESKTOP-8OTQ7D4", "ip": "172.16.104.253"}, "manager": {"name": "ip-172-31-35-68"}, "id": "1788340743.514484", "decoder": {"name": "windows_eventchannel"}, "data": {"win": {"system": {"providerName": "Windows Error Reporting", "providerGuid": "{0ead09bd-2157-539a-8d6d-c87f95b64d70}", "eventID": "1001", "version": "0", "level": "4", "task": "0", "opcode": "0", "keywords": "0x8000000000000000", "systemTime": "2026-09-02T09:18:45.1614193Z", "eventRecordID": "201367", "processID": "23032", "threadID": "5712", "channel": "Application", "computer": "DESKTOP-8OTQ7D4", "severityValue": "INFORMATION", "message": "\"Fault bucket , type 0\r\nEvent Name: LiveKernelEvent\r\nResponse: Not available\r\nCab Id: 0\r\n\r\nProblem signature:\r\nP1: 1a8\r\nP2: 1\r\nP3: 0\r\nP4: 0\r\nP5: 0\r\nP6: 10_0_26200\r\nP7: 0_0\r\nP8: 256_1\r\nP9: \r\nP10: \r\n\r\nAttached files:\r\n\\\\?\\C:\\WINDOWS\\LiveKernelReports\\WATCHDOG\\WATCHDOG-20260406-1857.dmp\r\n\\\\?\\C:\\WINDOWS\\SystemTemp\\WER-190150906-0.sysdata.xml\r\n\\\\?\\C:\\ProgramData\\Microsoft\\Windows\\WER\\Temp\\WER.9210c7f2-c55e-48bf-a1dd-aaa83c824a77.tmp.WERInternalMetadata.xml\r\n\\\\?\\C:\\ProgramData\\Microsoft\\Windows\\WER\\Temp\\WER.850eb183-3ba8-4a17-9bcd-a720402a0d98.tmp.csv\r\n\\\\?\\C:\\ProgramData\\Microsoft\\Windows\\WER\\Temp\\WER.a30f52a2-f7c9-44f6-8f5b-91aa048058ee.tmp.txt\r\n\\\\?\\C:\\ProgramData\\Microsoft\\Windows\\WER\\Temp\\WER.c612c4af-bb21-4ec7-b45b-856ae21bf37c.tmp.xml\r\n\r\nThese files may be available here:\r\n\\\\?\\C:\\ProgramData\\Microsoft\\Windows\\WER\\ReportQueue\\Kernel_1a8_c3be8430ad9f60eb75f06b62afa7598beb464e3_00000000_85668d6e-5dc9-4a56-b3dd-2412bd5538fc\r\n\r\nAnalysis symbol: \r\nRechecking for solution: 0\r\nReport Id: 85668d6e-5dc9-4a56-b3dd-2412bd5538fc\r\nReport Status: 2051\r\nHashed bucket: \r\nCab Guid: 0\""}, "eventdata": {"bucketType": "0", "eventName": "LiveKernelEvent", "response": "Not available", "cabId": "0", "p1": "1a8", "p2": "1", "p3": "0", "p4": "0", "p5": "0", "p6": "10_0_26200", "p7": "0_0", "p8": "256_1", "attachedFiles": "  \\\\\\\\?\\\\C:\\\\WINDOWS\\\\LiveKernelReports\\\\WATCHDOG\\\\WATCHDOG-20260406-1857.dmp  \\\\\\\\?\\\\C:\\\\WINDOWS\\\\SystemTemp\\\\WER-190150906-0.sysdata.xml  \\\\\\\\?\\\\C:\\\\ProgramData\\\\Microsoft\\\\Windows\\\\WER\\\\Temp\\\\WER.9210c7f2-c55e-48bf-a1dd-aaa83c824a77.tmp.WERInternalMetadata.xml  \\\\\\\\?\\\\C:\\\\ProgramData\\\\Microsoft\\\\Windows\\\\WER\\\\Temp\\\\WER.850eb183-3ba8-4a17-9bcd-a720402a0d98.tmp.csv  \\\\\\\\?\\\\C:\\\\ProgramData\\\\Microsoft\\\\Windows\\\\WER\\\\Temp\\\\WER.a30f52a2-f7c9-44f6-8f5b-91aa048058ee.tmp.txt  \\\\\\\\?\\\\C:\\\\ProgramData\\\\Microsoft\\\\Windows\\\\WER\\\\Temp\\\\WER.c612c4af-bb21-4ec7-b45b-856ae21bf37c.tmp.xml", "storePath": "\\\\\\\\?\\\\C:\\\\ProgramData\\\\Microsoft\\\\Windows\\\\WER\\\\ReportQueue\\\\Kernel_1a8_c3be8430ad9f60eb75f06b62afa7598beb464e3_00000000_85668d6e-5dc9-4a56-b3dd-2412bd5538fc", "rechecking": "0", "reportId": "85668d6e-5dc9-4a56-b3dd-2412bd5538fc", "reportStatus": "2051", "cabGuid": "0"}}}, "location": "EventChannel"}
{"timestamp": "2026-09-02T09:19:03.247+0000", "rule": {"level": 4, "description": "Summary event of the report's signatures.", "id": "60608", "firedtimes": 6, "mail": false, "groups": ["windows", "windows_application"]}, "agent": {"id": "001", "name": "DESKTOP-8OTQ7D4", "ip": "172.16.104.253"}, "manager": {"name": "ip-172-31-35-68"}, "id": "1788340743.520331", "decoder": {"name": "windows_eventchannel"}, "data": {"win": {"system": {"providerName": "Windows Error Reporting", "providerGuid": "{0ead09bd-2157-539a-8d6d-c87f95b64d70}", "eventID": "1001", "version": "0", "level": "4", "task": "0", "opcode": "0", "keywords": "0x8000000000000000", "systemTime": "2026-09-02T09:18:45.2936665Z", "eventRecordID": "201368", "processID": "23032", "threadID": "5712", "channel": "Application", "computer": "DESKTOP-8OTQ7D4", "severityValue": "INFORMATION", "message": "\"Fault bucket , type 0\r\nEvent Name: LiveKernelEvent\r\nResponse: Not available\r\nCab Id: 0\r\n\r\nProblem signature:\r\nP1: 1b8\r\nP2: 1\r\nP3: 0\r\nP4: 0\r\nP5: 0\r\nP6: 10_0_26200\r\nP7: 0_0\r\nP8: 256_1\r\nP9: \r\nP10: \r\n\r\nAttached files:\r\n\\\\?\\C:\\WINDOWS\\LiveKernelReports\\WATCHDOG4401\\WATCHDOG4401-20260406-1857.dmp\r\n\\\\?\\C:\\WINDOWS\\SystemTemp\\WER-190151031-1.sysdata.xml\r\n\\\\?\\C:\\ProgramData\\Microsoft\\Windows\\WER\\Temp\\WER.cd326d89-f9bf-4e43-be78-62b6322f6e5b.tmp.WERInternalMetadata.xml\r\n\\\\?\\C:\\ProgramData\\Microsoft\\Windows\\WER\\Temp\\WER.14378c22-495c-44f4-bb43-aaa68e892957.tmp.csv\r\n\\\\?\\C:\\ProgramData\\Microsoft\\Windows\\WER\\Temp\\WER.f2e9000f-0d95-489a-8f94-574e58e87b38.tmp.txt\r\n\\\\?\\C:\\ProgramData\\Microsoft\\Windows\\WER\\Temp\\WER.be07cd5a-361e-422b-bc3e-2b22cb8ccf3a.tmp.xml\r\n\r\nThese files may be available here:\r\n\\\\?\\C:\\ProgramData\\Microsoft\\Windows\\WER\\ReportQueue\\Kernel_1b8_3266ee9f236733789e644ef694ee92749a13023_00000000_60aab63b-d569-46f1-8b16-f9c9bad71c22\r\n\r\nAnalysis symbol: \r\nRechecking for solution: 0\r\nReport Id: 60aab63b-d569-46f1-8b16-f9c9bad71c22\r\nReport Status: 2051\r\nHashed bucket: \r\nCab Guid: 0\""}, "eventdata": {"bucketType": "0", "eventName": "LiveKernelEvent", "response": "Not available", "cabId": "0", "p1": "1b8", "p2": "1", "p3": "0", "p4": "0", "p5": "0", "p6": "10_0_26200", "p7": "0_0", "p8": "256_1", "attachedFiles": "  \\\\\\\\?\\\\C:\\\\WINDOWS\\\\LiveKernelReports\\\\WATCHDOG4401\\\\WATCHDOG4401-20260406-1857.dmp  \\\\\\\\?\\\\C:\\\\WINDOWS\\\\SystemTemp\\\\WER-190151031-1.sysdata.xml  \\\\\\\\?\\\\C:\\\\ProgramData\\\\Microsoft\\\\Windows\\\\WER\\\\Temp\\\\WER.cd326d89-f9bf-4e43-be78-62b6322f6e5b.tmp.WERInternalMetadata.xml  \\\\\\\\?\\\\C:\\\\ProgramData\\\\Microsoft\\\\Windows\\\\WER\\\\Temp\\\\WER.14378c22-495c-44f4-bb43-aaa68e892957.tmp.csv  \\\\\\\\?\\\\C:\\\\ProgramData\\\\Microsoft\\\\Windows\\\\WER\\\\Temp\\\\WER.f2e9000f-0d95-489a-8f94-574e58e87b38.tmp.txt  \\\\\\\\?\\\\C:\\\\ProgramData\\\\Microsoft\\\\Windows\\\\WER\\\\Temp\\\\WER.be07cd5a-361e-422b-bc3e-2b22cb8ccf3a.tmp.xml", "storePath": "\\\\\\\\?\\\\C:\\\\ProgramData\\\\Microsoft\\\\Windows\\\\WER\\\\ReportQueue\\\\Kernel_1b8_3266ee9f236733789e644ef694ee92749a13023_00000000_60aab63b-d569-46f1-8b16-f9c9bad71c22", "rechecking": "0", "reportId": "60aab63b-d569-46f1-8b16-f9c9bad71c22", "reportStatus": "2051", "cabGuid": "0"}}}, "location": "EventChannel"}
{"timestamp": "2026-09-02T09:19:03.256+0000", "rule": {"level": 4, "description": "Summary event of the report's signatures.", "id": "60608", "firedtimes": 8, "mail": false, "groups": ["windows", "windows_application"]}, "agent": {"id": "001", "name": "DESKTOP-8OTQ7D4", "ip": "172.16.104.253"}, "manager": {"name": "ip-172-31-35-68"}, "id": "1788340743.526210", "decoder": {"name": "windows_eventchannel"}, "data": {"win": {"system": {"providerName": "Windows Error Reporting", "providerGuid": "{0ead09bd-2157-539a-8d6d-c87f95b64d70}", "eventID": "1001", "version": "0", "level": "4", "task": "0", "opcode": "0", "keywords": "0x8000000000000000", "systemTime": "2026-09-02T09:18:45.4166708Z", "eventRecordID": "201369", "processID": "23032", "threadID": "5712", "channel": "Application", "computer": "DESKTOP-8OTQ7D4", "severityValue": "INFORMATION", "message": "\"Fault bucket , type 0\r\nEvent Name: LiveKernelEvent\r\nResponse: Not available\r\nCab Id: 0\r\n\r\nProblem signature:\r\nP1: 1b8\r\nP2: 1\r\nP3: 0\r\nP4: 0\r\nP5: 0\r\nP6: 10_0_26200\r\nP7: 0_0\r\nP8: 256_1\r\nP9: \r\nP10: \r\n\r\nAttached files:\r\n\\\\?\\C:\\WINDOWS\\LiveKernelReports\\WATCHDOG4402\\WATCHDOG4402-20260407-1313.dmp\r\n\\\\?\\C:\\WINDOWS\\SystemTemp\\WER-255934125-0.sysdata.xml\r\n\\\\?\\C:\\ProgramData\\Microsoft\\Windows\\WER\\Temp\\WER.4447f309-5794-4de0-9f9b-42db0568a040.tmp.WERInternalMetadata.xml\r\n\\\\?\\C:\\ProgramData\\Microsoft\\Windows\\WER\\Temp\\WER.1c71dcf8-1ac4-449e-a826-ff6c2a3ed01f.tmp.csv\r\n\\\\?\\C:\\ProgramData\\Microsoft\\Windows\\WER\\Temp\\WER.597e6a07-58ea-4975-8997-bee1af738930.tmp.txt\r\n\\\\?\\C:\\ProgramData\\Microsoft\\Windows\\WER\\Temp\\WER.93f75e15-39b3-46ef-b952-f919b30ff8d9.tmp.xml\r\n\r\nThese files may be available here:\r\n\\\\?\\C:\\ProgramData\\Microsoft\\Windows\\WER\\ReportQueue\\Kernel_1b8_3266ee9f236733789e644ef694ee92749a13023_00000000_8f65e199-41a0-4d23-a7b3-8adc84636779\r\n\r\nAnalysis symbol: \r\nRechecking for solution: 0\r\nReport Id: 8f65e199-41a0-4d23-a7b3-8adc84636779\r\nReport Status: 2051\r\nHashed bucket: \r\nCab Guid: 0\""}, "eventdata": {"bucketType": "0", "eventName": "LiveKernelEvent", "response": "Not available", "cabId": "0", "p1": "1b8", "p2": "1", "p3": "0", "p4": "0", "p5": "0", "p6": "10_0_26200", "p7": "0_0", "p8": "256_1", "attachedFiles": "  \\\\\\\\?\\\\C:\\\\WINDOWS\\\\LiveKernelReports\\\\WATCHDOG4402\\\\WATCHDOG4402-20260407-1313.dmp  \\\\\\\\?\\\\C:\\\\WINDOWS\\\\SystemTemp\\\\WER-255934125-0.sysdata.xml  \\\\\\\\?\\\\C:\\\\ProgramData\\\\Microsoft\\\\Windows\\\\WER\\\\Temp\\\\WER.4447f309-5794-4de0-9f9b-42db0568a040.tmp.WERInternalMetadata.xml  \\\\\\\\?\\\\C:\\\\ProgramData\\\\Microsoft\\\\Windows\\\\WER\\\\Temp\\\\WER.1c71dcf8-1ac4-449e-a826-ff6c2a3ed01f.tmp.csv  \\\\\\\\?\\\\C:\\\\ProgramData\\\\Microsoft\\\\Windows\\\\WER\\\\Temp\\\\WER.597e6a07-58ea-4975-8997-bee1af738930.tmp.txt  \\\\\\\\?\\\\C:\\\\ProgramData\\\\Microsoft\\\\Windows\\\\WER\\\\Temp\\\\WER.93f75e15-39b3-46ef-b952-f919b30ff8d9.tmp.xml", "storePath": "\\\\\\\\?\\\\C:\\\\ProgramData\\\\Microsoft\\\\Windows\\\\WER\\\\ReportQueue\\\\Kernel_1b8_3266ee9f236733789e644ef694ee92749a13023_00000000_8f65e199-41a0-4d23-a7b3-8adc84636779", "rechecking": "0", "reportId": "8f65e199-41a0-4d23-a7b3-8adc84636779", "reportStatus": "2051", "cabGuid": "0"}}}, "location": "EventChannel"}
{"timestamp": "2026-09-02T09:19:03.256+0000", "rule": {"level": 4, "description": "Summary event of the report's signatures.", "id": "60608", "firedtimes": 9, "mail": false, "groups": ["windows", "windows_application"]}, "agent": {"id": "001", "name": "DESKTOP-8OTQ7D4", "ip": "172.16.104.253"}, "manager": {"name": "ip-172-31-35-68"}, "id": "1788340743.532089", "decoder": {"name": "windows_eventchannel"}, "data": {"win": {"system": {"providerName": "Windows Error Reporting", "providerGuid": "{0ead09bd-2157-539a-8d6d-c87f95b64d70}", "eventID": "1001", "version": "0", "level": "4", "task": "0", "opcode": "0", "keywords": "0x8000000000000000", "systemTime": "2026-09-02T09:18:45.5312355Z", "eventRecordID": "201370", "processID": "23032", "threadID": "5712", "channel": "Application", "computer": "DESKTOP-8OTQ7D4", "severityValue": "INFORMATION", "message": "\"Fault bucket , type 0\r\nEvent Name: LiveKernelEvent\r\nResponse: Not available\r\nCab Id: 0\r\n\r\nProblem signature:\r\nP1: 1a8\r\nP2: 1\r\nP3: 0\r\nP4: 0\r\nP5: 0\r\nP6: 10_0_26200\r\nP7: 0_0\r\nP8: 256_1\r\nP9: \r\nP10: \r\n\r\nAttached files:\r\n\\\\?\\C:\\WINDOWS\\LiveKernelReports\\WATCHDOG\\WATCHDOG-20260407-1313.dmp\r\n\\\\?\\C:\\WINDOWS\\SystemTemp\\WER-255934109-0.sysdata.xml\r\n\\\\?\\C:\\ProgramData\\Microsoft\\Windows\\WER\\Temp\\WER.0306e822-4a18-4140-9471-899ede357710.tmp.WERInternalMetadata.xml\r\n\\\\?\\C:\\ProgramData\\Microsoft\\Windows\\WER\\Temp\\WER.d916dc12-068a-4b57-8678-cf4d204a5382.tmp.csv\r\n\\\\?\\C:\\ProgramData\\Microsoft\\Windows\\WER\\Temp\\WER.244e2e27-6bcc-4adb-bf50-9a53a666c8eb.tmp.txt\r\n\\\\?\\C:\\ProgramData\\Microsoft\\Windows\\WER\\Temp\\WER.75f29319-91bf-4ef1-9bf1-c1b454f300aa.tmp.xml\r\n\r\nThese files may be available here:\r\n\\\\?\\C:\\ProgramData\\Microsoft\\Windows\\WER\\ReportQueue\\Kernel_1a8_c3be8430ad9f60eb75f06b62afa7598beb464e3_00000000_9ea8d2f1-bc14-43de-ab3b-62291f577ff7\r\n\r\nAnalysis symbol: \r\nRechecking for solution: 0\r\nReport Id: 9ea8d2f1-bc14-43de-ab3b-62291f577ff7\r\nReport Status: 2051\r\nHashed bucket: \r\nCab Guid: 0\""}, "eventdata": {"bucketType": "0", "eventName": "LiveKernelEvent", "response": "Not available", "cabId": "0", "p1": "1a8", "p2": "1", "p3": "0", "p4": "0", "p5": "0", "p6": "10_0_26200", "p7": "0_0", "p8": "256_1", "attachedFiles": "  \\\\\\\\?\\\\C:\\\\WINDOWS\\\\LiveKernelReports\\\\WATCHDOG\\\\WATCHDOG-20260407-1313.dmp  \\\\\\\\?\\\\C:\\\\WINDOWS\\\\SystemTemp\\\\WER-255934109-0.sysdata.xml  \\\\\\\\?\\\\C:\\\\ProgramData\\\\Microsoft\\\\Windows\\\\WER\\\\Temp\\\\WER.0306e822-4a18-4140-9471-899ede357710.tmp.WERInternalMetadata.xml  \\\\\\\\?\\\\C:\\\\ProgramData\\\\Microsoft\\\\Windows\\\\WER\\\\Temp\\\\WER.d916dc12-068a-4b57-8678-cf4d204a5382.tmp.csv  \\\\\\\\?\\\\C:\\\\ProgramData\\\\Microsoft\\\\Windows\\\\WER\\\\Temp\\\\WER.244e2e27-6bcc-4adb-bf50-9a53a666c8eb.tmp.txt  \\\\\\\\?\\\\C:\\\\ProgramData\\\\Microsoft\\\\Windows\\\\WER\\\\Temp\\\\WER.75f29319-91bf-4ef1-9bf1-c1b454f300aa.tmp.xml", "storePath": "\\\\\\\\?\\\\C:\\\\ProgramData\\\\Microsoft\\\\Windows\\\\WER\\\\ReportQueue\\\\Kernel_1a8_c3be8430ad9f60eb75f06b62afa7598beb464e3_00000000_9ea8d2f1-bc14-43de-ab3b-62291f577ff7", "rechecking": "0", "reportId": "9ea8d2f1-bc14-43de-ab3b-62291f577ff7", "reportStatus": "2051", "cabGuid": "0"}}}, "location": "EventChannel"}
{"timestamp": "2026-09-02T09:19:04.324+0000", "rule": {"level": 4, "description": "Summary event of the report's signatures.", "id": "60608", "firedtimes": 10, "mail": false, "groups": ["windows", "windows_application"]}, "agent": {"id": "001", "name": "DESKTOP-8OTQ7D4", "ip": "172.16.104.253"}, "manager": {"name": "ip-172-31-35-68"}, "id": "1788340744.537936", "decoder": {"name": "windows_eventchannel"}, "data": {"win": {"system": {"providerName": "Windows Error Reporting", "providerGuid": "{0ead09bd-2157-539a-8d6d-c87f95b64d70}", "eventID": "1001", "version": "0", "level": "4", "task": "0", "opcode": "0", "keywords": "0x8000000000000000", "systemTime": "2026-09-02T09:18:45.6580943Z", "eventRecordID": "201371", "processID": "23032", "threadID": "5712", "channel": "Application", "computer": "DESKTOP-8OTQ7D4", "severityValue": "INFORMATION", "message": "\"Fault bucket , type 0\r\nEvent Name: LiveKernelEvent\r\nResponse: Not available\r\nCab Id: 0\r\n\r\nProblem signature:\r\nP1: 1a8\r\nP2: 1\r\nP3: 0\r\nP4: 0\r\nP5: 0\r\nP6: 10_0_26200\r\nP7: 0_0\r\nP8: 256_1\r\nP9: \r\nP10: \r\n\r\nAttached files:\r\n\\\\?\\C:\\WINDOWS\\LiveKernelReports\\WATCHDOG\\WATCHDOG-20260407-1539.dmp\r\n\\\\?\\C:\\WINDOWS\\SystemTemp\\WER-264666906-0.sysdata.xml\r\n\\\\?\\C:\\ProgramData\\Microsoft\\Windows\\WER\\Temp\\WER.a0c3fa8d-5fff-485b-8ba3-2f7c348f4c39.tmp.WERInternalMetadata.xml\r\n\\\\?\\C:\\ProgramData\\Microsoft\\Windows\\WER\\Temp\\WER.b6997256-7775-4ccc-8624-89939e4f3ec6.tmp.csv\r\n\\\\?\\C:\\ProgramData\\Microsoft\\Windows\\WER\\Temp\\WER.0c29c8c4-1360-4f80-8e4a-2e5404b00f90.tmp.txt\r\n\\\\?\\C:\\ProgramData\\Microsoft\\Windows\\WER\\Temp\\WER.8b7c74f5-882d-4801-91d0-c3615dc2c078.tmp.xml\r\n\r\nThese files may be available here:\r\n\\\\?\\C:\\ProgramData\\Microsoft\\Windows\\WER\\ReportQueue\\Kernel_1a8_c3be8430ad9f60eb75f06b62afa7598beb464e3_00000000_398f39df-3aef-4ae7-880d-9bf2b8474a87\r\n\r\nAnalysis symbol: \r\nRechecking for solution: 0\r\nReport Id: 398f39df-3aef-4ae7-880d-9bf2b8474a87\r\nReport Status: 2051\r\nHashed bucket: \r\nCab Guid: 0\""}, "eventdata": {"bucketType": "0", "eventName": "LiveKernelEvent", "response": "Not available", "cabId": "0", "p1": "1a8", "p2": "1", "p3": "0", "p4": "0", "p5": "0", "p6": "10_0_26200", "p7": "0_0", "p8": "256_1", "attachedFiles": "  \\\\\\\\?\\\\C:\\\\WINDOWS\\\\LiveKernelReports\\\\WATCHDOG\\\\WATCHDOG-20260407-1539.dmp  \\\\\\\\?\\\\C:\\\\WINDOWS\\\\SystemTemp\\\\WER-264666906-0.sysdata.xml  \\\\\\\\?\\\\C:\\\\ProgramData\\\\Microsoft\\\\Windows\\\\WER\\\\Temp\\\\WER.a0c3fa8d-5fff-485b-8ba3-2f7c348f4c39.tmp.WERInternalMetadata.xml  \\\\\\\\?\\\\C:\\\\ProgramData\\\\Microsoft\\\\Windows\\\\WER\\\\Temp\\\\WER.b6997256-7775-4ccc-8624-89939e4f3ec6.tmp.csv  \\\\\\\\?\\\\C:\\\\ProgramData\\\\Microsoft\\\\Windows\\\\WER\\\\Temp\\\\WER.0c29c8c4-1360-4f80-8e4a-2e5404b00f90.tmp.txt  \\\\\\\\?\\\\C:\\\\ProgramData\\\\Microsoft\\\\Windows\\\\WER\\\\Temp\\\\WER.8b7c74f5-882d-4801-91d0-c3615dc2c078.tmp.xml", "storePath": "\\\\\\\\?\\\\C:\\\\ProgramData\\\\Microsoft\\\\Windows\\\\WER\\\\ReportQueue\\\\Kernel_1a8_c3be8430ad9f60eb75f06b62afa7598beb464e3_00000000_398f39df-3aef-4ae7-880d-9bf2b8474a87", "rechecking": "0", "reportId": "398f39df-3aef-4ae7-880d-9bf2b8474a87", "reportStatus": "2051", "cabGuid": "0"}}}, "location": "EventChannel"}
{"timestamp": "2026-09-02T09:19:04.335+0000", "rule": {"level": 4, "description": "Summary event of the report's signatures.", "id": "60608", "firedtimes": 11, "mail": false, "groups": ["windows", "windows_application"]}, "agent": {"id": "001", "name": "DESKTOP-8OTQ7D4", "ip": "172.16.104.253"}, "manager": {"name": "ip-172-31-35-68"}, "id": "1788340744.543783", "decoder": {"name": "windows_eventchannel"}, "data": {"win": {"system": {"providerName": "Windows Error Reporting", "providerGuid": "{0ead09bd-2157-539a-8d6d-c87f95b64d70}", "eventID": "1001", "version": "0", "level": "4", "task": "0", "opcode": "0", "keywords": "0x8000000000000000", "systemTime": "2026-09-02T09:18:45.7859379Z", "eventRecordID": "201372", "processID": "23032", "threadID": "5712", "channel": "Application", "computer": "DESKTOP-8OTQ7D4", "severityValue": "INFORMATION", "message": "\"Fault bucket , type 0\r\nEvent Name: LiveKernelEvent\r\nResponse: Not available\r\nCab Id: 0\r\n\r\nProblem signature:\r\nP1: 1b8\r\nP2: 1\r\nP3: 0\r\nP4: 0\r\nP5: 0\r\nP6: 10_0_26200\r\nP7: 0_0\r\nP8: 256_1\r\nP9: \r\nP10: \r\n\r\nAttached files:\r\n\\\\?\\C:\\WINDOWS\\LiveKernelReports\\WATCHDOG4403\\WATCHDOG4403-20260407-1539.dmp\r\n\\\\?\\C:\\WINDOWS\\SystemTemp\\WER-264666859-0.sysdata.xml\r\n\\\\?\\C:\\ProgramData\\Microsoft\\Windows\\WER\\Temp\\WER.4b526699-8e3c-4911-bcb4-7ca96ece980f.tmp.WERInternalMetadata.xml\r\n\\\\?\\C:\\ProgramData\\Microsoft\\Windows\\WER\\Temp\\WER.2aaeee7a-fe58-4709-a845-011976739c65.tmp.csv\r\n\\\\?\\C:\\ProgramData\\Microsoft\\Windows\\WER\\Temp\\WER.a4875a02-e1b4-4999-a1d0-398b3284760f.tmp.txt\r\n\\\\?\\C:\\ProgramData\\Microsoft\\Windows\\WER\\Temp\\WER.32cd7ef8-5621-43d4-9122-6c1ca5563bae.tmp.xml\r\n\r\nThese files may be available here:\r\n\\\\?\\C:\\ProgramData\\Microsoft\\Windows\\WER\\ReportQueue\\Kernel_1b8_3266ee9f236733789e644ef694ee92749a13023_00000000_e5b3943a-dadf-4fb4-9676-956392acf010\r\n\r\nAnalysis symbol: \r\nRechecking for solution: 0\r\nReport Id: e5b3943a-dadf-4fb4-9676-956392acf010\r\nReport Status: 2051\r\nHashed bucket: \r\nCab Guid: 0\""}, "eventdata": {"bucketType": "0", "eventName": "LiveKernelEvent", "response": "Not available", "cabId": "0", "p1": "1b8", "p2": "1", "p3": "0", "p4": "0", "p5": "0", "p6": "10_0_26200", "p7": "0_0", "p8": "256_1", "attachedFiles": "  \\\\\\\\?\\\\C:\\\\WINDOWS\\\\LiveKernelReports\\\\WATCHDOG4403\\\\WATCHDOG4403-20260407-1539.dmp  \\\\\\\\?\\\\C:\\\\WINDOWS\\\\SystemTemp\\\\WER-264666859-0.sysdata.xml  \\\\\\\\?\\\\C:\\\\ProgramData\\\\Microsoft\\\\Windows\\\\WER\\\\Temp\\\\WER.4b526699-8e3c-4911-bcb4-7ca96ece980f.tmp.WERInternalMetadata.xml  \\\\\\\\?\\\\C:\\\\ProgramData\\\\Microsoft\\\\Windows\\\\WER\\\\Temp\\\\WER.2aaeee7a-fe58-4709-a845-011976739c65.tmp.csv  \\\\\\\\?\\\\C:\\\\ProgramData\\\\Microsoft\\\\Windows\\\\WER\\\\Temp\\\\WER.a4875a02-e1b4-4999-a1d0-398b3284760f.tmp.txt  \\\\\\\\?\\\\C:\\\\ProgramData\\\\Microsoft\\\\Windows\\\\WER\\\\Temp\\\\WER.32cd7ef8-5621-43d4-9122-6c1ca5563bae.tmp.xml", "storePath": "\\\\\\\\?\\\\C:\\\\ProgramData\\\\Microsoft\\\\Windows\\\\WER\\\\ReportQueue\\\\Kernel_1b8_3266ee9f236733789e644ef694ee92749a13023_00000000_e5b3943a-dadf-4fb4-9676-956392acf010", "rechecking": "0", "reportId": "e5b3943a-dadf-4fb4-9676-956392acf010", "reportStatus": "2051", "cabGuid": "0"}}}, "location": "EventChannel"}
{"timestamp": "2026-09-02T09:19:04.335+0000", "rule": {"level": 4, "description": "Summary event of the report's signatures.", "id": "60608", "firedtimes": 12, "mail": false, "groups": ["windows", "windows_application"]}, "agent": {"id": "001", "name": "DESKTOP-8OTQ7D4", "ip": "172.16.104.253"}, "manager": {"name": "ip-172-31-35-68"}, "id": "1788340744.549662", "decoder": {"name": "windows_eventchannel"}, "data": {"win": {"system": {"providerName": "Windows Error Reporting", "providerGuid": "{0ead09bd-2157-539a-8d6d-c87f95b64d70}", "eventID": "1001", "version": "0", "level": "4", "task": "0", "opcode": "0", "keywords": "0x8000000000000000", "systemTime": "2026-09-02T09:18:45.9088223Z", "eventRecordID": "201373", "processID": "23032", "threadID": "5712", "channel": "Application", "computer": "DESKTOP-8OTQ7D4", "severityValue": "INFORMATION", "message": "\"Fault bucket , type 0\r\nEvent Name: LiveKernelEvent\r\nResponse: Not available\r\nCab Id: 0\r\n\r\nProblem signature:\r\nP1: 1b8\r\nP2: 1\r\nP3: 0\r\nP4: 0\r\nP5: 0\r\nP6: 10_0_26200\r\nP7: 0_0\r\nP8: 256_1\r\nP9: \r\nP10: \r\n\r\nAttached files:\r\n\\\\?\\C:\\WINDOWS\\LiveKernelReports\\WATCHDOG4400\\WATCHDOG4400-20260408-2013.dmp\r\n\\\\?\\C:\\WINDOWS\\SystemTemp\\WER-367546562-0.sysdata.xml\r\n\\\\?\\C:\\ProgramData\\Microsoft\\Windows\\WER\\Temp\\WER.078fdb72-57d5-4679-9194-08253aa9ca83.tmp.WERInternalMetadata.xml\r\n\\\\?\\C:\\ProgramData\\Microsoft\\Windows\\WER\\Temp\\WER.9900e117-a032-4376-8dd3-5b58b3c35cae.tmp.csv\r\n\\\\?\\C:\\ProgramData\\Microsoft\\Windows\\WER\\Temp\\WER.ea7f9d20-0879-4cc4-995d-7405a9140d1e.tmp.txt\r\n\\\\?\\C:\\ProgramData\\Microsoft\\Windows\\WER\\Temp\\WER.cc1abbc6-2ef1-4a55-be7c-598f1fce2e27.tmp.xml\r\n\r\nThese files may be available here:\r\n\\\\?\\C:\\ProgramData\\Microsoft\\Windows\\WER\\ReportQueue\\Kernel_1b8_3266ee9f236733789e644ef694ee92749a13023_00000000_4bcdc21e-b10f-4c4a-af38-75fac851b260\r\n\r\nAnalysis symbol: \r\nRechecking for solution: 0\r\nReport Id: 4bcdc21e-b10f-4c4a-af38-75fac851b260\r\nReport Status: 2051\r\nHashed bucket: \r\nCab Guid: 0\""}, "eventdata": {"bucketType": "0", "eventName": "LiveKernelEvent", "response": "Not available", "cabId": "0", "p1": "1b8", "p2": "1", "p3": "0", "p4": "0", "p5": "0", "p6": "10_0_26200", "p7": "0_0", "p8": "256_1", "attachedFiles": "  \\\\\\\\?\\\\C:\\\\WINDOWS\\\\LiveKernelReports\\\\WATCHDOG4400\\\\WATCHDOG4400-20260408-2013.dmp  \\\\\\\\?\\\\C:\\\\WINDOWS\\\\SystemTemp\\\\WER-367546562-0.sysdata.xml  \\\\\\\\?\\\\C:\\\\ProgramData\\\\Microsoft\\\\Windows\\\\WER\\\\Temp\\\\WER.078fdb72-57d5-4679-9194-08253aa9ca83.tmp.WERInternalMetadata.xml  \\\\\\\\?\\\\C:\\\\ProgramData\\\\Microsoft\\\\Windows\\\\WER\\\\Temp\\\\WER.9900e117-a032-4376-8dd3-5b58b3c35cae.tmp.csv  \\\\\\\\?\\\\C:\\\\ProgramData\\\\Microsoft\\\\Windows\\\\WER\\\\Temp\\\\WER.ea7f9d20-0879-4cc4-995d-7405a9140d1e.tmp.txt  \\\\\\\\?\\\\C:\\\\ProgramData\\\\Microsoft\\\\Windows\\\\WER\\\\Temp\\\\WER.cc1abbc6-2ef1-4a55-be7c-598f1fce2e27.tmp.xml", "storePath": "\\\\\\\\?\\\\C:\\\\ProgramData\\\\Microsoft\\\\Windows\\\\WER\\\\ReportQueue\\\\Kernel_1b8_3266ee9f236733789e644ef694ee92749a13023_00000000_4bcdc21e-b10f-4c4a-af38-75fac851b260", "rechecking": "0", "reportId": "4bcdc21e-b10f-4c4a-af38-75fac851b260", "reportStatus": "2051", "cabGuid": "0"}}}, "location": "EventChannel"}
{"timestamp": "2026-09-02T09:19:04.340+0000", "rule": {"level": 4, "description": "Summary event of the report's signatures.", "id": "60608", "firedtimes": 13, "mail": false, "groups": ["windows", "windows_application"]}, "agent": {"id": "001", "name": "DESKTOP-8OTQ7D4", "ip": "172.16.104.253"}, "manager": {"name": "ip-172-31-35-68"}, "id": "1788340744.555541", "decoder": {"name": "windows_eventchannel"}, "data": {"win": {"system": {"providerName": "Windows Error Reporting", "providerGuid": "{0ead09bd-2157-539a-8d6d-c87f95b64d70}", "eventID": "1001", "version": "0", "level": "4", "task": "0", "opcode": "0", "keywords": "0x8000000000000000", "systemTime": "2026-09-02T09:18:46.1777508Z", "eventRecordID": "201375", "processID": "23032", "threadID": "5712", "channel": "Application", "computer": "DESKTOP-8OTQ7D4", "severityValue": "INFORMATION", "message": "\"Fault bucket , type 0\r\nEvent Name: LiveKernelEvent\r\nResponse: Not available\r\nCab Id: 0\r\n\r\nProblem signature:\r\nP1: 1a8\r\nP2: 1\r\nP3: 0\r\nP4: 0\r\nP5: 0\r\nP6: 10_0_26200\r\nP7: 0_0\r\nP8: 256_1\r\nP9: \r\nP10: \r\n\r\nAttached files:\r\n\\\\?\\C:\\WINDOWS\\LiveKernelReports\\WATCHDOG\\WATCHDOG-20260409-0930.dmp\r\n\\\\?\\C:\\WINDOWS\\SystemTemp\\WER-415351078-0.sysdata.xml\r\n\\\\?\\C:\\ProgramData\\Microsoft\\Windows\\WER\\Temp\\WER.fe2b4fcb-3c10-4445-b7f9-df99d5dba4bd.tmp.WERInternalMetadata.xml\r\n\\\\?\\C:\\ProgramData\\Microsoft\\Windows\\WER\\Temp\\WER.ebf33639-c027-483e-8f1d-b55e6f17ff95.tmp.csv\r\n\\\\?\\C:\\ProgramData\\Microsoft\\Windows\\WER\\Temp\\WER.7fdf5d7a-54b9-4d1b-be7c-5a5a7067c9d0.tmp.txt\r\n\\\\?\\C:\\ProgramData\\Microsoft\\Windows\\WER\\Temp\\WER.02badfa5-7355-45d8-bcee-55e79543cb5a.tmp.xml\r\n\r\nThese files may be available here:\r\n\\\\?\\C:\\ProgramData\\Microsoft\\Windows\\WER\\ReportQueue\\Kernel_1a8_c3be8430ad9f60eb75f06b62afa7598beb464e3_00000000_085ac1ae-28d5-41fa-a674-eb99bdfb90d3\r\n\r\nAnalysis symbol: \r\nRechecking for solution: 0\r\nReport Id: 085ac1ae-28d5-41fa-a674-eb99bdfb90d3\r\nReport Status: 2051\r\nHashed bucket: \r\nCab Guid: 0\""}, "eventdata": {"bucketType": "0", "eventName": "LiveKernelEvent", "response": "Not available", "cabId": "0", "p1": "1a8", "p2": "1", "p3": "0", "p4": "0", "p5": "0", "p6": "10_0_26200", "p7": "0_0", "p8": "256_1", "attachedFiles": "  \\\\\\\\?\\\\C:\\\\WINDOWS\\\\LiveKernelReports\\\\WATCHDOG\\\\WATCHDOG-20260409-0930.dmp  \\\\\\\\?\\\\C:\\\\WINDOWS\\\\SystemTemp\\\\WER-415351078-0.sysdata.xml  \\\\\\\\?\\\\C:\\\\ProgramData\\\\Microsoft\\\\Windows\\\\WER\\\\Temp\\\\WER.fe2b4fcb-3c10-4445-b7f9-df99d5dba4bd.tmp.WERInternalMetadata.xml  \\\\\\\\?\\\\C:\\\\ProgramData\\\\Microsoft\\\\Windows\\\\WER\\\\Temp\\\\WER.ebf33639-c027-483e-8f1d-b55e6f17ff95.tmp.csv  \\\\\\\\?\\\\C:\\\\ProgramData\\\\Microsoft\\\\Windows\\\\WER\\\\Temp\\\\WER.7fdf5d7a-54b9-4d1b-be7c-5a5a7067c9d0.tmp.txt  \\\\\\\\?\\\\C:\\\\ProgramData\\\\Microsoft\\\\Windows\\\\WER\\\\Temp\\\\WER.02badfa5-7355-45d8-bcee-55e79543cb5a.tmp.xml", "storePath": "\\\\\\\\?\\\\C:\\\\ProgramData\\\\Microsoft\\\\Windows\\\\WER\\\\ReportQueue\\\\Kernel_1a8_c3be8430ad9f60eb75f06b62afa7598beb464e3_00000000_085ac1ae-28d5-41fa-a674-eb99bdfb90d3", "rechecking": "0", "reportId": "085ac1ae-28d5-41fa-a674-eb99bdfb90d3", "reportStatus": "2051", "cabGuid": "0"}}}, "location": "EventChannel"}
