{"timestamp": "2026-09-02T16:03:45.221+0000", "rule": {"level": 4, "description": "Summary event of the report's signatures.", "id": "60608", "firedtimes": 4, "mail": false, "groups": ["windows", "windows_application"]}, "agent": {"id": "001", "name": "DESKTOP-8OTQ7D4", "ip": "172.20.176.199"}, "manager": {"name": "ip-172-31-35-68"}, "id": "1788365025.4156126", "decoder": {"name": "windows_eventchannel"}, "data": {"win": {"system": {"providerName": "Windows Error Reporting", "providerGuid": "{0ead09bd-2157-539a-8d6d-c87f95b64d70}", "eventID": "1001", "version": "0", "level": "4", "task": "0", "opcode": "0", "keywords": "0x8000000000000000", "systemTime": "2026-09-02T16:03:25.8430030Z", "eventRecordID": "202022", "processID": "21120", "threadID": "6612", "channel": "Application", "computer": "DESKTOP-8OTQ7D4", "severityValue": "INFORMATION", "message": "\"Fault bucket , type 0\r\nEvent Name: LiveKernelEvent\r\nResponse: Not available\r\nCab Id: 0\r\n\r\nProblem signature:\r\nP1: 1b8\r\nP2: 1\r\nP3: 0\r\nP4: 0\r\nP5: 0\r\nP6: 10_0_26200\r\nP7: 0_0\r\nP8: 256_1\r\nP9: \r\nP10: \r\n\r\nAttached files:\r\n\\\\?\\C:\\WINDOWS\\LiveKernelReports\\WATCHDOG4401\\WATCHDOG4401-20260402-1623.dmp\r\n\\\\?\\C:\\WINDOWS\\SystemTemp\\WER-6855843-0.sysdata.xml\r\n\\\\?\\C:\\ProgramData\\Microsoft\\Windows\\WER\\Temp\\WER.c0f2febc-caa8-432d-9cf7-25883dd7becf.tmp.WERInternalMetadata.xml\r\n\\\\?\\C:\\ProgramData\\Microsoft\\Windows\\WER\\Temp\\WER.cee2d48d-0628-475c-9693-c9e29e5b9ad7.tmp.csv\r\n\\\\?\\C:\\ProgramData\\Microsoft\\Windows\\WER\\Temp\\WER.1022b4a4-5ac2-42f1-92f7-fc836fd8a145.tmp.txt\r\n\\\\?\\C:\\ProgramData\\Microsoft\\Windows\\WER\\Temp\\WER.fcd3e2cf-4c28-4478-8c1d-e8f6ac3ab30f.tmp.xml\r\n\r\nThese files may be available here:\r\n\\\\?\\C:\\ProgramData\\Microsoft\\Windows\\WER\\ReportQueue\\Kernel_1b8_3266ee9f236733789e644ef694ee92749a13023_00000000_1afbffc8-b5be-4f82-afb0-b88c3c46d3a9\r\n\r\nAnalysis symbol: \r\nRechecking for solution: 0\r\nReport Id: 1afbffc8-b5be-4f82-afb0-b88c3c46d3a9\r\nReport Status: 2051\r\nHashed bucket: \r\nCab Guid: 0\""}, "eventdata": {"bucketType": "0", "eventName": "LiveKernelEvent", "response": "Not available", "cabId": "0", "p1": "1b8", "p2": "1", "p3": "0", "p4": "0", "p5": "0", "p6": "10_0_26200", "p7": "0_0", "p8": "256_1", "attachedFiles": "  \\\\\\\\?\\\\C:\\\\WINDOWS\\\\LiveKernelReports\\\\WATCHDOG4401\\\\WATCHDOG4401-20260402-1623.dmp  \\\\\\\\?\\\\C:\\\\WINDOWS\\\\SystemTemp\\\\WER-6855843-0.sysdata.xml  \\\\\\\\?\\\\C:\\\\ProgramData\\\\Microsoft\\\\Windows\\\\WER\\\\Temp\\\\WER.c0f2febc-caa8-432d-9cf7-25883dd7becf.tmp.WERInternalMetadata.xml  \\\\\\\\?\\\\C:\\\\ProgramData\\\\Microsoft\\\\Windows\\\\WER\\\\Temp\\\\WER.cee2d48d-0628-475c-9693-c9e29e5b9ad7.tmp.csv  \\\\\\\\?\\\\C:\\\\ProgramData\\\\Microsoft\\\\Windows\\\\WER\\\\Temp\\\\WER.1022b4a4-5ac2-42f1-92f7-fc836fd8a145.tmp.txt  \\\\\\\\?\\\\C:\\\\ProgramData\\\\Microsoft\\\\Windows\\\\WER\\\\Temp\\\\WER.fcd3e2cf-4c28-4478-8c1d-e8f6ac3ab30f.tmp.xml", "storePath": "\\\\\\\\?\\\\C:\\\\ProgramData\\\\Microsoft\\\\Windows\\\\WER\\\\ReportQueue\\\\Kernel_1b8_3266ee9f236733789e644ef694ee92749a13023_00000000_1afbffc8-b5be-4f82-afb0-b88c3c46d3a9", "rechecking": "0", "reportId": "1afbffc8-b5be-4f82-afb0-b88c3c46d3a9", "reportStatus": "2051", "cabGuid": "0"}}}, "location": "EventChannel"}
{"timestamp": "2026-09-02T16:03:45.221+0000", "rule": {"level": 4, "description": "Summary event of the report's signatures.", "id": "60608", "firedtimes": 5, "mail": false, "groups": ["windows", "windows_application"]}, "agent": {"id": "001", "name": "DESKTOP-8OTQ7D4", "ip": "172.20.176.199"}, "manager": {"name": "ip-172-31-35-68"}, "id": "1788365025.4161998", "decoder": {"name": "windows_eventchannel"}, "data": {"win": {"system": {"providerName": "Windows Error Reporting", "providerGuid": "{0ead09bd-2157-539a-8d6d-c87f95b64d70}", "eventID": "1001", "version": "0", "level": "4", "task": "0", "opcode": "0", "keywords": "0x8000000000000000", "systemTime": "2026-09-02T16:03:26.1091815Z", "eventRecordID": "202024", "processID": "21120", "threadID": "6612", "channel": "Application", "computer": "DESKTOP-8OTQ7D4", "severityValue": "INFORMATION", "message": "\"Fault bucket , type 0\r\nEvent Name: LiveKernelEvent\r\nResponse: Not available\r\nCab Id: 0\r\n\r\nProblem signature:\r\nP1: 1a8\r\nP2: 1\r\nP3: 0\r\nP4: 0\r\nP5: 0\r\nP6: 10_0_26200\r\nP7: 0_0\r\nP8: 256_1\r\nP9: \r\nP10: \r\n\r\nAttached files:\r\n\\\\?\\C:\\WINDOWS\\LiveKernelReports\\WATCHDOG\\WATCHDOG-20260405-1830.dmp\r\n\\\\?\\C:\\WINDOWS\\SystemTemp\\WER-102134171-0.sysdata.xml\r\n\\\\?\\C:\\ProgramData\\Microsoft\\Windows\\WER\\Temp\\WER.8fa95240-7b05-495b-8ec2-f578faf369aa.tmp.WERInternalMetadata.xml\r\n\\\\?\\C:\\ProgramData\\Microsoft\\Windows\\WER\\Temp\\WER.3e9a5723-73f1-4d5b-a7ee-fc967882a0ae.tmp.csv\r\n\\\\?\\C:\\ProgramData\\Microsoft\\Windows\\WER\\Temp\\WER.30cee190-0f6a-4f88-89a6-f1d6a2c07b99.tmp.txt\r\n\\\\?\\C:\\ProgramData\\Microsoft\\Windows\\WER\\Temp\\WER.30377ca2-7536-4a4b-84b7-671352f932e3.tmp.xml\r\n\r\nThese files may be available here:\r\n\\\\?\\C:\\ProgramData\\Microsoft\\Windows\\WER\\ReportQueue\\Kernel_1a8_c3be8430ad9f60eb75f06b62afa7598beb464e3_00000000_96732a3b-5511-4697-bbc1-80cd18ec493b\r\n\r\nAnalysis symbol: \r\nRechecking for solution: 0\r\nReport Id: 96732a3b-5511-4697-bbc1-80cd18ec493b\r\nReport Status: 2051\r\nHashed bucket: \r\nCab Guid: 0\""}, "eventdata": {"bucketType": "0", "eventName": "LiveKernelEvent", "response": "Not available", "cabId": "0", "p1": "1a8", "p2": "1", "p3": "0", "p4": "0", "p5": "0", "p6": "10_0_26200", "p7": "0_0", "p8": "256_1", "attachedFiles": "  \\\\\\\\?\\\\C:\\\\WINDOWS\\\\LiveKernelReports\\\\WATCHDOG\\\\WATCHDOG-20260405-1830.dmp  \\\\\\\\?\\\\C:\\\\WINDOWS\\\\SystemTemp\\\\WER-102134171-0.sysdata.xml  \\\\\\\\?\\\\C:\\\\ProgramData\\\\Microsoft\\\\Windows\\\\WER\\\\Temp\\\\WER.8fa95240-7b05-495b-8ec2-f578faf369aa.tmp.WERInternalMetadata.xml  \\\\\\\\?\\\\C:\\\\ProgramData\\\\Microsoft\\\\Windows\\\\WER\\\\Temp\\\\WER.3e9a5723-73f1-4d5b-a7ee-fc967882a0ae.tmp.csv  \\\\\\\\?\\\\C:\\\\ProgramData\\\\Microsoft\\\\Windows\\\\WER\\\\Temp\\\\WER.30cee190-0f6a-4f88-89a6-f1d6a2c07b99.tmp.txt  \\\\\\\\?\\\\C:\\\\ProgramData\\\\Microsoft\\\\Windows\\\\WER\\\\Temp\\\\WER.30377ca2-7536-4a4b-84b7-671352f932e3.tmp.xml", "storePath": "\\\\\\\\?\\\\C:\\\\ProgramData\\\\Microsoft\\\\Windows\\\\WER\\\\ReportQueue\\\\Kernel_1a8_c3be8430ad9f60eb75f06b62afa7598beb464e3_00000000_96732a3b-5511-4697-bbc1-80cd18ec493b", "rechecking": "0", "reportId": "96732a3b-5511-4697-bbc1-80cd18ec493b", "reportStatus": "2051", "cabGuid": "0"}}}, "location": "EventChannel"}
{"timestamp": "2026-09-02T16:03:45.225+0000", "rule": {"level": 4, "description": "Summary event of the report's signatures.", "id": "60608", "firedtimes": 6, "mail": false, "groups": ["windows", "windows_application"]}, "agent": {"id": "001", "name": "DESKTOP-8OTQ7D4", "ip": "172.20.176.199"}, "manager": {"name": "ip-172-31-35-68"}, "id": "1788365025.4167846", "decoder": {"name": "windows_eventchannel"}, "data": {"win": {"system": {"providerName": "Windows Error Reporting", "providerGuid": "{0ead09bd-2157-539a-8d6d-c87f95b64d70}", "eventID": "1001", "version": "0", "level": "4", "task": "0", "opcode": "0", "keywords": "0x8000000000000000", "systemTime": "2026-09-02T16:03:26.2370350Z", "eventRecordID": "202025", "processID": "21120", "threadID": "6612", "channel": "Application", "computer": "DESKTOP-8OTQ7D4", "severityValue": "INFORMATION", "message": "\"Fault bucket , type 0\r\nEvent Name: LiveKernelEvent\r\nResponse: Not available\r\nCab Id: 0\r\n\r\nProblem signature:\r\nP1: 1a8\r\nP2: 1\r\nP3: 0\r\nP4: 0\r\nP5: 0\r\nP6: 10_0_26200\r\nP7: 0_0\r\nP8: 256_1\r\nP9: \r\nP10: \r\n\r\nAttached files:\r\n\\\\?\\C:\\WINDOWS\\LiveKernelReports\\WATCHDOG\\WATCHDOG-20260406-1857.dmp\r\n\\\\?\\C:\\WINDOWS\\SystemTemp\\WER-190150906-0.sysdata.xml\r\n\\\\?\\C:\\ProgramData\\Microsoft\\Windows\\WER\\Temp\\WER.9210c7f2-c55e-48bf-a1dd-aaa83c824a77.tmp.WERInternalMetadata.xml\r\n\\\\?\\C:\\ProgramData\\Microsoft\\Windows\\WER\\Temp\\WER.850eb183-3ba8-4a17-9bcd-a720402a0d98.tmp.csv\r\n\\\\?\\C:\\ProgramData\\Microsoft\\Windows\\WER\\Temp\\WER.a30f52a2-f7c9-44f6-8f5b-91aa048058ee.tmp.txt\r\n\\\\?\\C:\\ProgramData\\Microsoft\\Windows\\WER\\Temp\\WER.c612c4af-bb21-4ec7-b45b-856ae21bf37c.tmp.xml\r\n\r\nThese files may be available here:\r\n\\\\?\\C:\\ProgramData\\Microsoft\\Windows\\WER\\ReportQueue\\Kernel_1a8_c3be8430ad9f60eb75f06b62afa7598beb464e3_00000000_85668d6e-5dc9-4a56-b3dd-2412bd5538fc\r\n\r\nAnalysis symbol: \r\nRechecking for solution: 0\r\nReport Id: 85668d6e-5dc9-4a56-b3dd-2412bd5538fc\r\nReport Status: 2051\r\nHashed bucket: \r\nCab Guid: 0\""}, "eventdata": {"bucketType": "0", "eventName": "LiveKernelEvent", "response": "Not available", "cabId": "0", "p1": "1a8", "p2": "1", "p3": "0", "p4": "0", "p5": "0", "p6": "10_0_26200", "p7": "0_0", "p8": "256_1", "attachedFiles": "  \\\\\\\\?\\\\C:\\\\WINDOWS\\\\LiveKernelReports\\\\WATCHDOG\\\\WATCHDOG-20260406-1857.dmp  \\\\\\\\?\\\\C:\\\\WINDOWS\\\\SystemTemp\\\\WER-190150906-0.sysdata.xml  \\\\\\\\?\\\\C:\\\\ProgramData\\\\Microsoft\\\\Windows\\\\WER\\\\Temp\\\\WER.9210c7f2-c55e-48bf-a1dd-aaa83c824a77.tmp.WERInternalMetadata.xml  \\\\\\\\?\\\\C:\\\\ProgramData\\\\Microsoft\\\\Windows\\\\WER\\\\Temp\\\\WER.850eb183-3ba8-4a17-9bcd-a720402a0d98.tmp.csv  \\\\\\\\?\\\\C:\\\\ProgramData\\\\Microsoft\\\\Windows\\\\WER\\\\Temp\\\\WER.a30f52a2-f7c9-44f6-8f5b-91aa048058ee.tmp.txt  \\\\\\\\?\\\\C:\\\\ProgramData\\\\Microsoft\\\\Windows\\\\WER\\\\Temp\\\\WER.c612c4af-bb21-4ec7-b45b-856ae21bf37c.tmp.xml", "storePath": "\\\\\\\\?\\\\C:\\\\ProgramData\\\\Microsoft\\\\Windows\\\\WER\\\\ReportQueue\\\\Kernel_1a8_c3be8430ad9f60eb75f06b62afa7598beb464e3_00000000_85668d6e-5dc9-4a56-b3dd-2412bd5538fc", "rechecking": "0", "reportId": "85668d6e-5dc9-4a56-b3dd-2412bd5538fc", "reportStatus": "2051", "cabGuid": "0"}}}, "location": "EventChannel"}
{"timestamp": "2026-09-02T16:03:45.225+0000", "rule": {"level": 4, "description": "Summary event of the report's signatures.", "id": "60608", "firedtimes": 7, "mail": false, "groups": ["windows", "windows_application"]}, "agent": {"id": "001", "name": "DESKTOP-8OTQ7D4", "ip": "172.20.176.199"}, "manager": {"name": "ip-172-31-35-68"}, "id": "1788365025.4173694", "decoder": {"name": "windows_eventchannel"}, "data": {"win": {"system": {"providerName": "Windows Error Reporting", "providerGuid": "{0ead09bd-2157-539a-8d6d-c87f95b64d70}", "eventID": "1001", "version": "0", "level": "4", "task": "0", "opcode": "0", "keywords": "0x8000000000000000", "systemTime": "2026-09-02T16:03:26.3603707Z", "eventRecordID": "202026", "processID": "21120", "threadID": "6612", "channel": "Application", "computer": "DESKTOP-8OTQ7D4", "severityValue": "INFORMATION", "message": "\"Fault bucket , type 0\r\nEvent Name: LiveKernelEvent\r\nResponse: Not available\r\nCab Id: 0\r\n\r\nProblem signature:\r\nP1: 1b8\r\nP2: 1\r\nP3: 0\r\nP4: 0\r\nP5: 0\r\nP6: 10_0_26200\r\nP7: 0_0\r\nP8: 256_1\r\nP9: \r\nP10: \r\n\r\nAttached files:\r\n\\\\?\\C:\\WINDOWS\\LiveKernelReports\\WATCHDOG4401\\WATCHDOG4401-20260406-1857.dmp\r\n\\\\?\\C:\\WINDOWS\\SystemTemp\\WER-190151031-1.sysdata.xml\r\n\\\\?\\C:\\ProgramData\\Microsoft\\Windows\\WER\\Temp\\WER.cd326d89-f9bf-4e43-be78-62b6322f6e5b.tmp.WERInternalMetadata.xml\r\n\\\\?\\C:\\ProgramData\\Microsoft\\Windows\\WER\\Temp\\WER.14378c22-495c-44f4-bb43-aaa68e892957.tmp.csv\r\n\\\\?\\C:\\ProgramData\\Microsoft\\Windows\\WER\\Temp\\WER.f2e9000f-0d95-489a-8f94-574e58e87b38.tmp.txt\r\n\\\\?\\C:\\ProgramData\\Microsoft\\Windows\\WER\\Temp\\WER.be07cd5a-361e-422b-bc3e-2b22cb8ccf3a.tmp.xml\r\n\r\nThese files may be available here:\r\n\\\\?\\C:\\ProgramData\\Microsoft\\Windows\\WER\\ReportQueue\\Kernel_1b8_3266ee9f236733789e644ef694ee92749a13023_00000000_60aab63b-d569-46f1-8b16-f9c9bad71c22\r\n\r\nAnalysis symbol: \r\nRechecking for solution: 0\r\nReport Id: 60aab63b-d569-46f1-8b16-f9c9bad71c22\r\nReport Status: 2051\r\nHashed bucket: \r\nCab Guid: 0\""}, "eventdata": {"bucketType": "0", "eventName": "LiveKernelEvent", "response": "Not available", "cabId": "0", "p1": "1b8", "p2": "1", "p3": "0", "p4": "0", "p5": "0", "p6": "10_0_26200", "p7": "0_0", "p8": "256_1", "attachedFiles": "  \\\\\\\\?\\\\C:\\\\WINDOWS\\\\LiveKernelReports\\\\WATCHDOG4401\\\\WATCHDOG4401-20260406-1857.dmp  \\\\\\\\?\\\\C:\\\\WINDOWS\\\\SystemTemp\\\\WER-190151031-1.sysdata.xml  \\\\\\\\?\\\\C:\\\\ProgramData\\\\Microsoft\\\\Windows\\\\WER\\\\Temp\\\\WER.cd326d89-f9bf-4e43-be78-62b6322f6e5b.tmp.WERInternalMetadata.xml  \\\\\\\\?\\\\C:\\\\ProgramData\\\\Microsoft\\\\Windows\\\\WER\\\\Temp\\\\WER.14378c22-495c-44f4-bb43-aaa68e892957.tmp.csv  \\\\\\\\?\\\\C:\\\\ProgramData\\\\Microsoft\\\\Windows\\\\WER\\\\Temp\\\\WER.f2e9000f-0d95-489a-8f94-574e58e87b38.tmp.txt  \\\\\\\\?\\\\C:\\\\ProgramData\\\\Microsoft\\\\Windows\\\\WER\\\\Temp\\\\WER.be07cd5a-361e-422b-bc3e-2b22cb8ccf3a.tmp.xml", "storePath": "\\\\\\\\?\\\\C:\\\\ProgramData\\\\Microsoft\\\\Windows\\\\WER\\\\ReportQueue\\\\Kernel_1b8_3266ee9f236733789e644ef694ee92749a13023_00000000_60aab63b-d569-46f1-8b16-f9c9bad71c22", "rechecking": "0", "reportId": "60aab63b-d569-46f1-8b16-f9c9bad71c22", "reportStatus": "2051", "cabGuid": "0"}}}, "location": "EventChannel"}
{"timestamp": "2026-09-02T16:03:45.510+0000", "rule": {"level": 4, "description": "Summary event of the report's signatures.", "id": "60608", "firedtimes": 8, "mail": false, "groups": ["windows", "windows_application"]}, "agent": {"id": "001", "name": "DESKTOP-8OTQ7D4", "ip": "172.20.176.199"}, "manager": {"name": "ip-172-31-35-68"}, "id": "1788365025.4179574", "decoder": {"name": "windows_eventchannel"}, "data": {"win": {"system": {"providerName": "Windows Error Reporting", "providerGuid": "{0ead09bd-2157-539a-8d6d-c87f95b64d70}", "eventID": "1001", "version": "0", "level": "4", "task": "0", "opcode": "0", "keywords": "0x8000000000000000", "systemTime": "2026-09-02T16:03:26.4848842Z", "eventRecordID": "202027", "processID": "21120", "threadID": "6612", "channel": "Application", "computer": "DESKTOP-8OTQ7D4", "severityValue": "INFORMATION", "message": "\"Fault bucket , type 0\r\nEvent Name: LiveKernelEvent\r\nResponse: Not available\r\nCab Id: 0\r\n\r\nProblem signature:\r\nP1: 1b8\r\nP2: 1\r\nP3: 0\r\nP4: 0\r\nP5: 0\r\nP6: 10_0_26200\r\nP7: 0_0\r\nP8: 256_1\r\nP9: \r\nP10: \r\n\r\nAttached files:\r\n\\\\?\\C:\\WINDOWS\\LiveKernelReports\\WATCHDOG4402\\WATCHDOG4402-20260407-1313.dmp\r\n\\\\?\\C:\\WINDOWS\\SystemTemp\\WER-255934125-0.sysdata.xml\r\n\\\\?\\C:\\ProgramData\\Microsoft\\Windows\\WER\\Temp\\WER.4447f309-5794-4de0-9f9b-42db0568a040.tmp.WERInternalMetadata.xml\r\n\\\\?\\C:\\ProgramData\\Microsoft\\Windows\\WER\\Temp\\WER.1c71dcf8-1ac4-449e-a826-ff6c2a3ed01f.tmp.csv\r\n\\\\?\\C:\\ProgramData\\Microsoft\\Windows\\WER\\Temp\\WER.597e6a07-58ea-4975-8997-bee1af738930.tmp.txt\r\n\\\\?\\C:\\ProgramData\\Microsoft\\Windows\\WER\\Temp\\WER.93f75e15-39b3-46ef-b952-f919b30ff8d9.tmp.xml\r\n\r\nThese files may be available here:\r\n\\\\?\\C:\\ProgramData\\Microsoft\\Windows\\WER\\ReportQueue\\Kernel_1b8_3266ee9f236733789e644ef694ee92749a13023_00000000_8f65e199-41a0-4d23-a7b3-8adc84636779\r\n\r\nAnalysis symbol: \r\nRechecking for solution: 0\r\nReport Id: 8f65e199-41a0-4d23-a7b3-8adc84636779\r\nReport Status: 2051\r\nHashed bucket: \r\nCab Guid: 0\""}, "eventdata": {"bucketType": "0", "eventName": "LiveKernelEvent", "response": "Not available", "cabId": "0", "p1": "1b8", "p2": "1", "p3": "0", "p4": "0", "p5": "0", "p6": "10_0_26200", "p7": "0_0", "p8": "256_1", "attachedFiles": "  \\\\\\\\?\\\\C:\\\\WINDOWS\\\\LiveKernelReports\\\\WATCHDOG4402\\\\WATCHDOG4402-20260407-1313.dmp  \\\\\\\\?\\\\C:\\\\WINDOWS\\\\SystemTemp\\\\WER-255934125-0.sysdata.xml  \\\\\\\\?\\\\C:\\\\ProgramData\\\\Microsoft\\\\Windows\\\\WER\\\\Temp\\\\WER.4447f309-5794-4de0-9f9b-42db0568a040.tmp.WERInternalMetadata.xml  \\\\\\\\?\\\\C:\\\\ProgramData\\\\Microsoft\\\\Windows\\\\WER\\\\Temp\\\\WER.1c71dcf8-1ac4-449e-a826-ff6c2a3ed01f.tmp.csv  \\\\\\\\?\\\\C:\\\\ProgramData\\\\Microsoft\\\\Windows\\\\WER\\\\Temp\\\\WER.597e6a07-58ea-4975-8997-bee1af738930.tmp.txt  \\\\\\\\?\\\\C:\\\\ProgramData\\\\Microsoft\\\\Windows\\\\WER\\\\Temp\\\\WER.93f75e15-39b3-46ef-b952-f919b30ff8d9.tmp.xml", "storePath": "\\\\\\\\?\\\\C:\\\\ProgramData\\\\Microsoft\\\\Windows\\\\WER\\\\ReportQueue\\\\Kernel_1b8_3266ee9f236733789e644ef694ee92749a13023_00000000_8f65e199-41a0-4d23-a7b3-8adc84636779", "rechecking": "0", "reportId": "8f65e199-41a0-4d23-a7b3-8adc84636779", "reportStatus": "2051", "cabGuid": "0"}}}, "location": "EventChannel"}
{"timestamp": "2026-09-02T16:03:46.216+0000", "rule": {"level": 4, "description": "Summary event of the report's signatures.", "id": "60608", "firedtimes": 9, "mail": false, "groups": ["windows", "windows_application"]}, "agent": {"id": "001", "name": "DESKTOP-8OTQ7D4", "ip": "172.20.176.199"}, "manager": {"name": "ip-172-31-35-68"}, "id": "1788365026.4185454", "decoder": {"name": "windows_eventchannel"}, "data": {"win": {"system": {"providerName": "Windows Error Reporting", "providerGuid": "{0ead09bd-2157-539a-8d6d-c87f95b64d70}", "eventID": "1001", "version": "0", "level": "4", "task": "0", "opcode": "0", "keywords": "0x8000000000000000", "systemTime": "2026-09-02T16:03:26.6127448Z", "eventRecordID": "202028", "processID": "21120", "threadID": "6612", "channel": "Application", "computer": "DESKTOP-8OTQ7D4", "severityValue": "INFORMATION", "message": "\"Fault bucket , type 0\r\nEvent Name: LiveKernelEvent\r\nResponse: Not available\r\nCab Id: 0\r\n\r\nProblem signature:\r\nP1: 1a8\r\nP2: 1\r\nP3: 0\r\nP4: 0\r\nP5: 0\r\nP6: 10_0_26200\r\nP7: 0_0\r\nP8: 256_1\r\nP9: \r\nP10: \r\n\r\nAttached files:\r\n\\\\?\\C:\\WINDOWS\\LiveKernelReports\\WATCHDOG\\WATCHDOG-20260407-1313.dmp\r\n\\\\?\\C:\\WINDOWS\\SystemTemp\\WER-255934109-0.sysdata.xml\r\n\\\\?\\C:\\ProgramData\\Microsoft\\Windows\\WER\\Temp\\WER.0306e822-4a18-4140-9471-899ede357710.tmp.WERInternalMetadata.xml\r\n\\\\?\\C:\\ProgramData\\Microsoft\\Windows\\WER\\Temp\\WER.d916dc12-068a-4b57-8678-cf4d204a5382.tmp.csv\r\n\\\\?\\C:\\ProgramData\\Microsoft\\Windows\\WER\\Temp\\WER.244e2e27-6bcc-4adb-bf50-9a53a666c8eb.tmp.txt\r\n\\\\?\\C:\\ProgramData\\Microsoft\\Windows\\WER\\Temp\\WER.75f29319-91bf-4ef1-9bf1-c1b454f300aa.tmp.xml\r\n\r\nThese files may be available here:\r\n\\\\?\\C:\\ProgramData\\Microsoft\\Windows\\WER\\ReportQueue\\Kernel_1a8_c3be8430ad9f60eb75f06b62afa7598beb464e3_00000000_9ea8d2f1-bc14-43de-ab3b-62291f577ff7\r\n\r\nAnalysis symbol: \r\nRechecking for solution: 0\r\nReport Id: 9ea8d2f1-bc14-43de-ab3b-62291f577ff7\r\nReport Status: 2051\r\nHashed bucket: \r\nCab Guid: 0\""}, "eventdata": {"bucketType": "0", "eventName": "LiveKernelEvent", "response": "Not available", "cabId": "0", "p1": "1a8", "p2": "1", "p3": "0", "p4": "0", "p5": "0", "p6": "10_0_26200", "p7": "0_0", "p8": "256_1", "attachedFiles": "  \\\\\\\\?\\\\C:\\\\WINDOWS\\\\LiveKernelReports\\\\WATCHDOG\\\\WATCHDOG-20260407-1313.dmp  \\\\\\\\?\\\\C:\\\\WINDOWS\\\\SystemTemp\\\\WER-255934109-0.sysdata.xml  \\\\\\\\?\\\\C:\\\\ProgramData\\\\Microsoft\\\\Windows\\\\WER\\\\Temp\\\\WER.0306e822-4a18-4140-9471-899ede357710.tmp.WERInternalMetadata.xml  \\\\\\\\?\\\\C:\\\\ProgramData\\\\Microsoft\\\\Windows\\\\WER\\\\Temp\\\\WER.d916dc12-068a-4b57-8678-cf4d204a5382.tmp.csv  \\\\\\\\?\\\\C:\\\\ProgramData\\\\Microsoft\\\\Windows\\\\WER\\\\Temp\\\\WER.244e2e27-6bcc-4adb-bf50-9a53a666c8eb.tmp.txt  \\\\\\\\?\\\\C:\\\\ProgramData\\\\Microsoft\\\\Windows\\\\WER\\\\Temp\\\\WER.75f29319-91bf-4ef1-9bf1-c1b454f300aa.tmp.xml", "storePath": "\\\\\\\\?\\\\C:\\\\ProgramData\\\\Microsoft\\\\Windows\\\\WER\\\\ReportQueue\\\\Kernel_1a8_c3be8430ad9f60eb75f06b62afa7598beb464e3_00000000_9ea8d2f1-bc14-43de-ab3b-62291f577ff7", "rechecking": "0", "reportId": "9ea8d2f1-bc14-43de-ab3b-62291f577ff7", "reportStatus": "2051", "cabGuid": "0"}}}, "location": "EventChannel"}
{"timestamp": "2026-09-02T16:03:46.220+0000", "rule": {"level": 4, "description": "Summary event of the report's signatures.", "id": "60608", "firedtimes": 10, "mail": false, "groups": ["windows", "windows_application"]}, "agent": {"id": "001", "name": "DESKTOP-8OTQ7D4", "ip": "172.20.176.199"}, "manager": {"name": "ip-172-31-35-68"}, "id": "1788365026.4191302", "decoder": {"name": "windows_eventchannel"}, "data": {"win": {"system": {"providerName": "Windows Error Reporting", "providerGuid": "{0ead09bd-2157-539a-8d6d-c87f95b64d70}", "eventID": "1001", "version": "0", "level": "4", "task": "0", "opcode": "0", "keywords": "0x8000000000000000", "systemTime": "2026-09-02T16:03:26.7318565Z", "eventRecordID": "202029", "processID": "21120", "threadID": "6612", "channel": "Application", "computer": "DESKTOP-8OTQ7D4", "severityValue": "INFORMATION", "message": "\"Fault bucket , type 0\r\nEvent Name: LiveKernelEvent\r\nResponse: Not available\r\nCab Id: 0\r\n\r\nProblem signature:\r\nP1: 1a8\r\nP2: 1\r\nP3: 0\r\nP4: 0\r\nP5: 0\r\nP6: 10_0_26200\r\nP7: 0_0\r\nP8: 256_1\r\nP9: \r\nP10: \r\n\r\nAttached files:\r\n\\\\?\\C:\\WINDOWS\\LiveKernelReports\\WATCHDOG\\WATCHDOG-20260407-1539.dmp\r\n\\\\?\\C:\\WINDOWS\\SystemTemp\\WER-264666906-0.sysdata.xml\r\n\\\\?\\C:\\ProgramData\\Microsoft\\Windows\\WER\\Temp\\WER.a0c3fa8d-5fff-485b-8ba3-2f7c348f4c39.tmp.WERInternalMetadata.xml\r\n\\\\?\\C:\\ProgramData\\Microsoft\\Windows\\WER\\Temp\\WER.b6997256-7775-4ccc-8624-89939e4f3ec6.tmp.csv\r\n\\\\?\\C:\\ProgramData\\Microsoft\\Windows\\WER\\Temp\\WER.0c29c8c4-1360-4f80-8e4a-2e5404b00f90.tmp.txt\r\n\\\\?\\C:\\ProgramData\\Microsoft\\Windows\\WER\\Temp\\WER.8b7c74f5-882d-4801-91d0-c3615dc2c078.tmp.xml\r\n\r\nThese files may be available here:\r\n\\\\?\\C:\\ProgramData\\Microsoft\\Windows\\WER\\ReportQueue\\Kernel_1a8_c3be8430ad9f60eb75f06b62afa7598beb464e3_00000000_398f39df-3aef-4ae7-880d-9bf2b8474a87\r\n\r\nAnalysis symbol: \r\nRechecking for solution: 0\r\nReport Id: 398f39df-3aef-4ae7-880d-9bf2b8474a87\r\nReport Status: 2051\r\nHashed bucket: \r\nCab Guid: 0\""}, "eventdata": {"bucketType": "0", "eventName": "LiveKernelEvent", "response": "Not available", "cabId": "0", "p1": "1a8", "p2": "1", "p3": "0", "p4": "0", "p5": "0", "p6": "10_0_26200", "p7": "0_0", "p8": "256_1", "attachedFiles": "  \\\\\\\\?\\\\C:\\\\WINDOWS\\\\LiveKernelReports\\\\WATCHDOG\\\\WATCHDOG-20260407-1539.dmp  \\\\\\\\?\\\\C:\\\\WINDOWS\\\\SystemTemp\\\\WER-264666906-0.sysdata.xml  \\\\\\\\?\\\\C:\\\\ProgramData\\\\Microsoft\\\\Windows\\\\WER\\\\Temp\\\\WER.a0c3fa8d-5fff-485b-8ba3-2f7c348f4c39.tmp.WERInternalMetadata.xml  \\\\\\\\?\\\\C:\\\\ProgramData\\\\Microsoft\\\\Windows\\\\WER\\\\Temp\\\\WER.b6997256-7775-4ccc-8624-89939e4f3ec6.tmp.csv  \\\\\\\\?\\\\C:\\\\ProgramData\\\\Microsoft\\\\Windows\\\\WER\\\\Temp\\\\WER.0c29c8c4-1360-4f80-8e4a-2e5404b00f90.tmp.txt  \\\\\\\\?\\\\C:\\\\ProgramData\\\\Microsoft\\\\Windows\\\\WER\\\\Temp\\\\WER.8b7c74f5-882d-4801-91d0-c3615dc2c078.tmp.xml", "storePath": "\\\\\\\\?\\\\C:\\\\ProgramData\\\\Microsoft\\\\Windows\\\\WER\\\\ReportQueue\\\\Kernel_1a8_c3be8430ad9f60eb75f06b62afa7598beb464e3_00000000_398f39df-3aef-4ae7-880d-9bf2b8474a87", "rechecking": "0", "reportId": "398f39df-3aef-4ae7-880d-9bf2b8474a87", "reportStatus": "2051", "cabGuid": "0"}}}, "location": "EventChannel"}
{"timestamp": "2026-09-02T16:03:46.221+0000", "rule": {"level": 4, "description": "Summary event of the report's signatures.", "id": "60608", "firedtimes": 11, "mail": false, "groups": ["windows", "windows_application"]}, "agent": {"id": "001", "name": "DESKTOP-8OTQ7D4", "ip": "172.20.176.199"}, "manager": {"name": "ip-172-31-35-68"}, "id": "1788365026.4197150", "decoder": {"name": "windows_eventchannel"}, "data": {"win": {"system": {"providerName": "Windows Error Reporting", "providerGuid": "{0ead09bd-2157-539a-8d6d-c87f95b64d70}", "eventID": "1001", "version": "0", "level": "4", "task": "0", "opcode": "0", "keywords": "0x8000000000000000", "systemTime": "2026-09-02T16:03:26.8451358Z", "eventRecordID": "202030", "processID": "21120", "threadID": "6612", "channel": "Application", "computer": "DESKTOP-8OTQ7D4", "severityValue": "INFORMATION", "message": "\"Fault bucket , type 0\r\nEvent Name: LiveKernelEvent\r\nResponse: Not available\r\nCab Id: 0\r\n\r\nProblem signature:\r\nP1: 1b8\r\nP2: 1\r\nP3: 0\r\nP4: 0\r\nP5: 0\r\nP6: 10_0_26200\r\nP7: 0_0\r\nP8: 256_1\r\nP9: \r\nP10: \r\n\r\nAttached files:\r\n\\\\?\\C:\\WINDOWS\\LiveKernelReports\\WATCHDOG4403\\WATCHDOG4403-20260407-1539.dmp\r\n\\\\?\\C:\\WINDOWS\\SystemTemp\\WER-264666859-0.sysdata.xml\r\n\\\\?\\C:\\ProgramData\\Microsoft\\Windows\\WER\\Temp\\WER.4b526699-8e3c-4911-bcb4-7ca96ece980f.tmp.WERInternalMetadata.xml\r\n\\\\?\\C:\\ProgramData\\Microsoft\\Windows\\WER\\Temp\\WER.2aaeee7a-fe58-4709-a845-011976739c65.tmp.csv\r\n\\\\?\\C:\\ProgramData\\Microsoft\\Windows\\WER\\Temp\\WER.a4875a02-e1b4-4999-a1d0-398b3284760f.tmp.txt\r\n\\\\?\\C:\\ProgramData\\Microsoft\\Windows\\WER\\Temp\\WER.32cd7ef8-5621-43d4-9122-6c1ca5563bae.tmp.xml\r\n\r\nThese files may be available here:\r\n\\\\?\\C:\\ProgramData\\Microsoft\\Windows\\WER\\ReportQueue\\Kernel_1b8_3266ee9f236733789e644ef694ee92749a13023_00000000_e5b3943a-dadf-4fb4-9676-956392acf010\r\n\r\nAnalysis symbol: \r\nRechecking for solution: 0\r\nReport Id: e5b3943a-dadf-4fb4-9676-956392acf010\r\nReport Status: 2051\r\nHashed bucket: \r\nCab Guid: 0\""}, "eventdata": {"bucketType": "0", "eventName": "LiveKernelEvent", "response": "Not available", "cabId": "0", "p1": "1b8", "p2": "1", "p3": "0", "p4": "0", "p5": "0", "p6": "10_0_26200", "p7": "0_0", "p8": "256_1", "attachedFiles": "  \\\\\\\\?\\\\C:\\\\WINDOWS\\\\LiveKernelReports\\\\WATCHDOG4403\\\\WATCHDOG4403-20260407-1539.dmp  \\\\\\\\?\\\\C:\\\\WINDOWS\\\\SystemTemp\\\\WER-264666859-0.sysdata.xml  \\\\\\\\?\\\\C:\\\\ProgramData\\\\Microsoft\\\\Windows\\\\WER\\\\Temp\\\\WER.4b526699-8e3c-4911-bcb4-7ca96ece980f.tmp.WERInternalMetadata.xml  \\\\\\\\?\\\\C:\\\\ProgramData\\\\Microsoft\\\\Windows\\\\WER\\\\Temp\\\\WER.2aaeee7a-fe58-4709-a845-011976739c65.tmp.csv  \\\\\\\\?\\\\C:\\\\ProgramData\\\\Microsoft\\\\Windows\\\\WER\\\\Temp\\\\WER.a4875a02-e1b4-4999-a1d0-398b3284760f.tmp.txt  \\\\\\\\?\\\\C:\\\\ProgramData\\\\Microsoft\\\\Windows\\\\WER\\\\Temp\\\\WER.32cd7ef8-5621-43d4-9122-6c1ca5563bae.tmp.xml", "storePath": "\\\\\\\\?\\\\C:\\\\ProgramData\\\\Microsoft\\\\Windows\\\\WER\\\\ReportQueue\\\\Kernel_1b8_3266ee9f236733789e644ef694ee92749a13023_00000000_e5b3943a-dadf-4fb4-9676-956392acf010", "rechecking": "0", "reportId": "e5b3943a-dadf-4fb4-9676-956392acf010", "reportStatus": "2051", "cabGuid": "0"}}}, "location": "EventChannel"}
{"timestamp": "2026-09-02T16:03:46.221+0000", "rule": {"level": 4, "description": "Summary event of the report's signatures.", "id": "60608", "firedtimes": 12, "mail": false, "groups": ["windows", "windows_application"]}, "agent": {"id": "001", "name": "DESKTOP-8OTQ7D4", "ip": "172.20.176.199"}, "manager": {"name": "ip-172-31-35-68"}, "id": "1788365026.4203030", "decoder": {"name": "windows_eventchannel"}, "data": {"win": {"system": {"providerName": "Windows Error Reporting", "providerGuid": "{0ead09bd-2157-539a-8d6d-c87f95b64d70}", "eventID": "1001", "version": "0", "level": "4", "task": "0", "opcode": "0", "keywords": "0x8000000000000000", "systemTime": "2026-09-02T16:03:26.9490297Z", "eventRecordID": "202031", "processID": "21120", "threadID": "6612", "channel": "Application", "computer": "DESKTOP-8OTQ7D4", "severityValue": "INFORMATION", "message": "\"Fault bucket , type 0\r\nEvent Name: LiveKernelEvent\r\nResponse: Not available\r\nCab Id: 0\r\n\r\nProblem signature:\r\nP1: 1b8\r\nP2: 1\r\nP3: 0\r\nP4: 0\r\nP5: 0\r\nP6: 10_0_26200\r\nP7: 0_0\r\nP8: 256_1\r\nP9: \r\nP10: \r\n\r\nAttached files:\r\n\\\\?\\C:\\WINDOWS\\LiveKernelReports\\WATCHDOG4400\\WATCHDOG4400-20260408-2013.dmp\r\n\\\\?\\C:\\WINDOWS\\SystemTemp\\WER-367546562-0.sysdata.xml\r\n\\\\?\\C:\\ProgramData\\Microsoft\\Windows\\WER\\Temp\\WER.078fdb72-57d5-4679-9194-08253aa9ca83.tmp.WERInternalMetadata.xml\r\n\\\\?\\C:\\ProgramData\\Microsoft\\Windows\\WER\\Temp\\WER.9900e117-a032-4376-8dd3-5b58b3c35cae.tmp.csv\r\n\\\\?\\C:\\ProgramData\\Microsoft\\Windows\\WER\\Temp\\WER.ea7f9d20-0879-4cc4-995d-7405a9140d1e.tmp.txt\r\n\\\\?\\C:\\ProgramData\\Microsoft\\Windows\\WER\\Temp\\WER.cc1abbc6-2ef1-4a55-be7c-598f1fce2e27.tmp.xml\r\n\r\nThese files may be available here:\r\n\\\\?\\C:\\ProgramData\\Microsoft\\Windows\\WER\\ReportQueue\\Kernel_1b8_3266ee9f236733789e644ef694ee92749a13023_00000000_4bcdc21e-b10f-4c4a-af38-75fac851b260\r\n\r\nAnalysis symbol: \r\nRechecking for solution: 0\r\nReport Id: 4bcdc21e-b10f-4c4a-af38-75fac851b260\r\nReport Status: 2051\r\nHashed bucket: \r\nCab Guid: 0\""}, "eventdata": {"bucketType": "0", "eventName": "LiveKernelEvent", "response": "Not available", "cabId": "0", "p1": "1b8", "p2": "1", "p3": "0", "p4": "0", "p5": "0", "p6": "10_0_26200", "p7": "0_0", "p8": "256_1", "attachedFiles": "  \\\\\\\\?\\\\C:\\\\WINDOWS\\\\LiveKernelReports\\\\WATCHDOG4400\\\\WATCHDOG4400-20260408-2013.dmp  \\\\\\\\?\\\\C:\\\\WINDOWS\\\\SystemTemp\\\\WER-367546562-0.sysdata.xml  \\\\\\\\?\\\\C:\\\\ProgramData\\\\Microsoft\\\\Windows\\\\WER\\\\Temp\\\\WER.078fdb72-57d5-4679-9194-08253aa9ca83.tmp.WERInternalMetadata.xml  \\\\\\\\?\\\\C:\\\\ProgramData\\\\Microsoft\\\\Windows\\\\WER\\\\Temp\\\\WER.9900e117-a032-4376-8dd3-5b58b3c35cae.tmp.csv  \\\\\\\\?\\\\C:\\\\ProgramData\\\\Microsoft\\\\Windows\\\\WER\\\\Temp\\\\WER.ea7f9d20-0879-4cc4-995d-7405a9140d1e.tmp.txt  \\\\\\\\?\\\\C:\\\\ProgramData\\\\Microsoft\\\\Windows\\\\WER\\\\Temp\\\\WER.cc1abbc6-2ef1-4a55-be7c-598f1fce2e27.tmp.xml", "storePath": "\\\\\\\\?\\\\C:\\\\ProgramData\\\\Microsoft\\\\Windows\\\\WER\\\\ReportQueue\\\\Kernel_1b8_3266ee9f236733789e644ef694ee92749a13023_00000000_4bcdc21e-b10f-4c4a-af38-75fac851b260", "rechecking": "0", "reportId": "4bcdc21e-b10f-4c4a-af38-75fac851b260", "reportStatus": "2051", "cabGuid": "0"}}}, "location": "EventChannel"}
{"timestamp": "2026-09-02T16:03:46.225+0000", "rule": {"level": 4, "description": "Summary event of the report's signatures.", "id": "60608", "firedtimes": 13, "mail": false, "groups": ["windows", "windows_application"]}, "agent": {"id": "001", "name": "DESKTOP-8OTQ7D4", "ip": "172.20.176.199"}, "manager": {"name": "ip-172-31-35-68"}, "id": "1788365026.4208910", "decoder": {"name": "windows_eventchannel"}, "data": {"win": {"system": {"providerName": "Windows Error Reporting", "providerGuid": "{0ead09bd-2157-539a-8d6d-c87f95b64d70}", "eventID": "1001", "version": "0", "level": "4", "task": "0", "opcode": "0", "keywords": "0x8000000000000000", "systemTime": "2026-09-02T16:03:27.0701749Z", "eventRecordID": "202032", "processID": "21120", "threadID": "6612", "channel": "Application", "computer": "DESKTOP-8OTQ7D4", "severityValue": "INFORMATION", "message": "\"Fault bucket , type 0\r\nEvent Name: LiveKernelEvent\r\nResponse: Not available\r\nCab Id: 0\r\n\r\nProblem signature:\r\nP1: 1a8\r\nP2: 1\r\nP3: 0\r\nP4: 0\r\nP5: 0\r\nP6: 10_0_26200\r\nP7: 0_0\r\nP8: 256_1\r\nP9: \r\nP10: \r\n\r\nAttached files:\r\n\\\\?\\C:\\WINDOWS\\LiveKernelReports\\WATCHDOG\\WATCHDOG-20260408-2013.dmp\r\n\\\\?\\C:\\WINDOWS\\SystemTemp\\WER-367546515-0.sysdata.xml\r\n\\\\?\\C:\\ProgramData\\Microsoft\\Windows\\WER\\Temp\\WER.18837d87-eb88-4ec7-bc98-8b61585d9b2f.tmp.WERInternalMetadata.xml\r\n\\\\?\\C:\\ProgramData\\Microsoft\\Windows\\WER\\Temp\\WER.790e6fe8-8f7a-4c64-8427-83496b164cb6.tmp.csv\r\n\\\\?\\C:\\ProgramData\\Microsoft\\Windows\\WER\\Temp\\WER.547b1733-077c-4d22-beb8-abc9224aa846.tmp.txt\r\n\\\\?\\C:\\ProgramData\\Microsoft\\Windows\\WER\\Temp\\WER.f2b2adb0-f65f-47e5-a41b-4c7b75dc5b42.tmp.xml\r\n\r\nThese files may be available here:\r\n\\\\?\\C:\\ProgramData\\Microsoft\\Windows\\WER\\ReportQueue\\Kernel_1a8_c3be8430ad9f60eb75f06b62afa7598beb464e3_00000000_b676e9ce-a3df-4832-baa8-d07ca364d421\r\n\r\nAnalysis symbol: \r\nRechecking for solution: 0\r\nReport Id: b676e9ce-a3df-4832-baa8-d07ca364d421\r\nReport Status: 2051\r\nHashed bucket: \r\nCab Guid: 0\""}, "eventdata": {"bucketType": "0", "eventName": "LiveKernelEvent", "response": "Not available", "cabId": "0", "p1": "1a8", "p2": "1", "p3": "0", "p4": "0", "p5": "0", "p6": "10_0_26200", "p7": "0_0", "p8": "256_1", "attachedFiles": "  \\\\\\\\?\\\\C:\\\\WINDOWS\\\\LiveKernelReports\\\\WATCHDOG\\\\WATCHDOG-20260408-2013.dmp  \\\\\\\\?\\\\C:\\\\WINDOWS\\\\SystemTemp\\\\WER-367546515-0.sysdata.xml  \\\\\\\\?\\\\C:\\\\ProgramData\\\\Microsoft\\\\Windows\\\\WER\\\\Temp\\\\WER.18837d87-eb88-4ec7-bc98-8b61585d9b2f.tmp.WERInternalMetadata.xml  \\\\\\\\?\\\\C:\\\\ProgramData\\\\Microsoft\\\\Windows\\\\WER\\\\Temp\\\\WER.790e6fe8-8f7a-4c64-8427-83496b164cb6.tmp.csv  \\\\\\\\?\\\\C:\\\\ProgramData\\\\Microsoft\\\\Windows\\\\WER\\\\Temp\\\\WER.547b1733-077c-4d22-beb8-abc9224aa846.tmp.txt  \\\\\\\\?\\\\C:\\\\ProgramData\\\\Microsoft\\\\Windows\\\\WER\\\\Temp\\\\WER.f2b2adb0-f65f-47e5-a41b-4c7b75dc5b42.tmp.xml", "storePath": "\\\\\\\\?\\\\C:\\\\ProgramData\\\\Microsoft\\\\Windows\\\\WER\\\\ReportQueue\\\\Kernel_1a8_c3be8430ad9f60eb75f06b62afa7598beb464e3_00000000_b676e9ce-a3df-4832-baa8-d07ca364d421", "rechecking": "0", "reportId": "b676e9ce-a3df-4832-baa8-d07ca364d421", "reportStatus": "2051", "cabGuid": "0"}}}, "location": "EventChannel"}
{"timestamp": "2026-09-02T16:03:46.226+0000", "rule": {"level": 4, "description": "Summary event of the report's signatures.", "id": "60608", "firedtimes": 14, "mail": false, "groups": ["windows", "windows_application"]}, "agent": {"id": "001", "name": "DESKTOP-8OTQ7D4", "ip": "172.20.176.199"}, "manager": {"name": "ip-172-31-35-68"}, "id": "1788365026.4214758", "decoder": {"name": "windows_eventchannel"}, "data": {"win": {"system": {"providerName": "Windows Error Reporting", "providerGuid": "{0ead09bd-2157-539a-8d6d-c87f95b64d70}", "eventID": "1001", "version": "0", "level": "4", "task": "0", "opcode": "0", "keywords": "0x8000000000000000", "systemTime": "2026-09-02T16:03:27.1951270Z", "eventRecordID": "202033", "processID": "21120", "threadID": "6612", "channel": "Application", "computer": "DESKTOP-8OTQ7D4", "severityValue": "INFORMATION", "message": "\"Fault bucket , type 0\r\nEvent Name: LiveKernelEvent\r\nResponse: Not available\r\nCab Id: 0\r\n\r\nProblem signature:\r\nP1: 1a8\r\nP2: 1\r\nP3: 0\r\nP4: 0\r\nP5: 0\r\nP6: 10_0_26200\r\nP7: 0_0\r\nP8: 256_1\r\nP9: \r\nP10: \r\n\r\nAttached files:\r\n\\\\?\\C:\\WINDOWS\\LiveKernelReports\\WATCHDOG\\WATCHDOG-20260409-0930.dmp\r\n\\\\?\\C:\\WINDOWS\\SystemTemp\\WER-415351078-0.sysdata.xml\r\n\\\\?\\C:\\ProgramData\\Microsoft\\Windows\\WER\\Temp\\WER.fe2b4fcb-3c10-4445-b7f9-df99d5dba4bd.tmp.WERInternalMetadata.xml\r\n\\\\?\\C:\\ProgramData\\Microsoft\\Windows\\WER\\Temp\\WER.ebf33639-c027-483e-8f1d-b55e6f17ff95.tmp.csv\r\n\\\\?\\C:\\ProgramData\\Microsoft\\Windows\\WER\\Temp\\WER.7fdf5d7a-54b9-4d1b-be7c-5a5a7067c9d0.tmp.txt\r\n\\\\?\\C:\\ProgramData\\Microsoft\\Windows\\WER\\Temp\\WER.02badfa5-7355-45d8-bcee-55e79543cb5a.tmp.xml\r\n\r\nThese files may be available here:\r\n\\\\?\\C:\\ProgramData\\Microsoft\\Windows\\WER\\ReportQueue\\Kernel_1a8_c3be8430ad9f60eb75f06b62afa7598beb464e3_00000000_085ac1ae-28d5-41fa-a674-eb99bdfb90d3\r\n\r\nAnalysis symbol: \r\nRechecking for solution: 0\r\nReport Id: 085ac1ae-28d5-41fa-a674-eb99bdfb90d3\r\nReport Status: 2051\r\nHashed bucket: \r\nCab Guid: 0\""}, "eventdata": {"bucketType": "0", "eventName": "LiveKernelEvent", "response": "Not available", "cabId": "0", "p1": "1a8", "p2": "1", "p3": "0", "p4": "0", "p5": "0", "p6": "10_0_26200", "p7": "0_0", "p8": "256_1", "attachedFiles": "  \\\\\\\\?\\\\C:\\\\WINDOWS\\\\LiveKernelReports\\\\WATCHDOG\\\\WATCHDOG-20260409-0930.dmp  \\\\\\\\?\\\\C:\\\\WINDOWS\\\\SystemTemp\\\\WER-415351078-0.sysdata.xml  \\\\\\\\?\\\\C:\\\\ProgramData\\\\Microsoft\\\\Windows\\\\WER\\\\Temp\\\\WER.fe2b4fcb-3c10-4445-b7f9-df99d5dba4bd.tmp.WERInternalMetadata.xml  \\\\\\\\?\\\\C:\\\\ProgramData\\\\Microsoft\\\\Windows\\\\WER\\\\Temp\\\\WER.ebf33639-c027-483e-8f1d-b55e6f17ff95.tmp.csv  \\\\\\\\?\\\\C:\\\\ProgramData\\\\Microsoft\\\\Windows\\\\WER\\\\Temp\\\\WER.7fdf5d7a-54b9-4d1b-be7c-5a5a7067c9d0.tmp.txt  \\\\\\\\?\\\\C:\\\\ProgramData\\\\Microsoft\\\\Windows\\\\WER\\\\Temp\\\\WER.02badfa5-7355-45d8-bcee-55e79543cb5a.tmp.xml", "storePath": "\\\\\\\\?\\\\C:\\\\ProgramData\\\\Microsoft\\\\Windows\\\\WER\\\\ReportQueue\\\\Kernel_1a8_c3be8430ad9f60eb75f06b62afa7598beb464e3_00000000_085ac1ae-28d5-41fa-a674-eb99bdfb90d3", "rechecking": "0", "reportId": "085ac1ae-28d5-41fa-a674-eb99bdfb90d3", "reportStatus": "2051", "cabGuid": "0"}}}, "location": "EventChannel"}
{"timestamp": "2026-09-02T16:03:46.226+0000", "rule": {"level": 4, "description": "Summary event of the report's signatures.", "id": "60608", "firedtimes": 15, "mail": false, "groups": ["windows", "windows_application"]}, "agent": {"id": "001", "name": "DESKTOP-8OTQ7D4", "ip": "172.20.176.199"}, "manager": {"name": "ip-172-31-35-68"}, "id": "1788365026.4220606", "decoder": {"name": "windows_eventchannel"}, "data": {"win": {"system": {"providerName": "Windows Error Reporting", "providerGuid": "{0ead09bd-2157-539a-8d6d-c87f95b64d70}", "eventID": "1001", "version": "0", "level": "4", "task": "0", "opcode": "0", "keywords": "0x8000000000000000", "systemTime": "2026-09-02T16:03:27.3314373Z", "eventRecordID": "202034", "processID": "21120", "threadID": "6612", "channel": "Application", "computer": "DESKTOP-8OTQ7D4", "severityValue": "INFORMATION", "message": "\"Fault bucket , type 0\r\nEvent Name: LiveKernelEvent\r\nResponse: Not available\r\nCab Id: 0\r\n\r\nProblem signature:\r\nP1: 1b8\r\nP2: 1\r\nP3: 0\r\nP4: 0\r\nP5: 0\r\nP6: 10_0_26200\r\nP7: 0_0\r\nP8: 256_1\r\nP9: \r\nP10: \r\n\r\nAttached files:\r\n\\\\?\\C:\\WINDOWS\\LiveKernelReports\\WATCHDOG4401\\WATCHDOG4401-20260409-0930.dmp\r\n\\\\?\\C:\\WINDOWS\\SystemTemp\\WER-415351203-1.sysdata.xml\r\n\\\\?\\C:\\ProgramData\\Microsoft\\Windows\\WER\\Temp\\WER.66ff8535-221e-40d9-862b-4ebb5eddbcd3.tmp.WERInternalMetadata.xml\r\n\\\\?\\C:\\ProgramData\\Microsoft\\Windows\\WER\\Temp\\WER.658fe178-9451-41e6-818e-b493764002be.tmp.csv\r\n\\\\?\\C:\\ProgramData\\Microsoft\\Windows\\WER\\Temp\\WER.33ab924a-899d-4668-9a5b-f4a99297f9f1.tmp.txt\r\n\\\\?\\C:\\ProgramData\\Microsoft\\Windows\\WER\\Temp\\WER.98e8f232-b17d-4179-b952-97814e7faf26.tmp.xml\r\n\r\nThese files may be available here:\r\n\\\\?\\C:\\ProgramData\\Microsoft\\Windows\\WER\\ReportQueue\\Kernel_1b8_3266ee9f236733789e644ef694ee92749a13023_00000000_5703b996-c075-476c-b558-bc3537a414c3\r\n\r\nAnalysis symbol: \r\nRechecking for solution: 0\r\nReport Id: 5703b996-c075-476c-b558-bc3537a414c3\r\nReport Status: 2051\r\nHashed bucket: \r\nCab Guid: 0\""}, "eventdata": {"bucketType": "0", "eventName": "LiveKernelEvent", "response": "Not available", "cabId": "0", "p1": "1b8", "p2": "1", "p3": "0", "p4": "0", "p5": "0", "p6": "10_0_26200", "p7": "0_0", "p8": "256_1", "attachedFiles": "  \\\\\\\\?\\\\C:\\\\WINDOWS\\\\LiveKernelReports\\\\WATCHDOG4401\\\\WATCHDOG4401-20260409-0930.dmp  \\\\\\\\?\\\\C:\\\\WINDOWS\\\\SystemTemp\\\\WER-415351203-1.sysdata.xml  \\\\\\\\?\\\\C:\\\\ProgramData\\\\Microsoft\\\\Windows\\\\WER\\\\Temp\\\\WER.66ff8535-221e-40d9-862b-4ebb5eddbcd3.tmp.WERInternalMetadata.xml  \\\\\\\\?\\\\C:\\\\ProgramData\\\\Microsoft\\\\Windows\\\\WER\\\\Temp\\\\WER.658fe178-9451-41e6-818e-b493764002be.tmp.csv  \\\\\\\\?\\\\C:\\\\ProgramData\\\\Microsoft\\\\Windows\\\\WER\\\\Temp\\\\WER.33ab924a-899d-4668-9a5b-f4a99297f9f1.tmp.txt  \\\\\\\\?\\\\C:\\\\ProgramData\\\\Microsoft\\\\Windows\\\\WER\\\\Temp\\\\WER.98e8f232-b17d-4179-b952-97814e7faf26.tmp.xml", "storePath": "\\\\\\\\?\\\\C:\\\\ProgramData\\\\Microsoft\\\\Windows\\\\WER\\\\ReportQueue\\\\Kernel_1b8_3266ee9f236733789e644ef694ee92749a13023_00000000_5703b996-c075-476c-b558-bc3537a414c3", "rechecking": "0", "reportId": "5703b996-c075-476c-b558-bc3537a414c3", "reportStatus": "2051", "cabGuid": "0"}}}, "location": "EventChannel"}
{"timestamp": "2026-09-02T16:03:46.231+0000", "rule": {"level": 4, "description": "Summary event of the report's signatures.", "id": "60608", "firedtimes": 16, "mail": false, "groups": ["windows", "windows_application"]}, "agent": {"id": "001", "name": "DESKTOP-8OTQ7D4", "ip": "172.20.176.199"}, "manager": {"name": "ip-172-31-35-68"}, "id": "1788365026.4226486", "decoder": {"name": "windows_eventchannel"}, "data": {"win": {"system": {"providerName": "Windows Error Reporting", "providerGuid": "{0ead09bd-2157-539a-8d6d-c87f95b64d70}", "eventID": "1001", "version": "0", "level": "4", "task": "0", "opcode": "0", "keywords": "0x8000000000000000", "systemTime": "2026-09-02T16:03:27.4345025Z", "eventRecordID": "202035", "processID": "21120", "threadID": "6612", "channel": "Application", "computer": "DESKTOP-8OTQ7D4", "severityValue": "INFORMATION", "message": "\"Fault bucket , type 0\r\nEvent Name: LiveKernelEvent\r\nResponse: Not available\r\nCab Id: 0\r\n\r\nProblem signature:\r\nP1: 1a8\r\nP2: 1\r\nP3: 0\r\nP4: 0\r\nP5: 0\r\nP6: 10_0_26200\r\nP7: 0_0\r\nP8: 256_1\r\nP9: \r\nP10: \r\n\r\nAttached files:\r\n\\\\?\\C:\\WINDOWS\\LiveKernelReports\\WATCHDOG\\WATCHDOG-20260409-0933.dmp\r\n\\\\?\\C:\\WINDOWS\\SystemTemp\\WER-415514562-0.sysdata.xml\r\n\\\\?\\C:\\ProgramData\\Microsoft\\Windows\\WER\\Temp\\WER.379ae096-66d9-41d4-af2b-652b5dbd39ff.tmp.WERInternalMetadata.xml\r\n\\\\?\\C:\\ProgramData\\Microsoft\\Windows\\WER\\Temp\\WER.841ada77-cdb9-4f03-abbf-708a9e3c75d3.tmp.csv\r\n\\\\?\\C:\\ProgramData\\Microsoft\\Windows\\WER\\Temp\\WER.ad7b13de-0b64-4025-8d74-5deb5c2473b2.tmp.txt\r\n\\\\?\\C:\\ProgramData\\Microsoft\\Windows\\WER\\Temp\\WER.28d89c62-dcb1-41c5-b14f-6afc07b927f2.tmp.xml\r\n\r\nThese files may be available here:\r\n\\\\?\\C:\\ProgramData\\Microsoft\\Windows\\WER\\ReportQueue\\Kernel_1a8_c3be8430ad9f60eb75f06b62afa7598beb464e3_00000000_54b46f5b-8abb-42f5-95f1-e9a854998b76\r\n\r\nAnalysis symbol: \r\nRechecking for solution: 0\r\nReport Id: 54b46f5b-8abb-42f5-95f1-e9a854998b76\r\nReport Status: 2051\r\nHashed bucket: \r\nCab Guid: 0\""}, "eventdata": {"bucketType": "0", "eventName": "LiveKernelEvent", "response": "Not available", "cabId": "0", "p1": "1a8", "p2": "1", "p3": "0", "p4": "0", "p5": "0", "p6": "10_0_26200", "p7": "0_0", "p8": "256_1", "attachedFiles": "  \\\\\\\\?\\\\C:\\\\WINDOWS\\\\LiveKernelReports\\\\WATCHDOG\\\\WATCHDOG-20260409-0933.dmp  \\\\\\\\?\\\\C:\\\\WINDOWS\\\\SystemTemp\\\\WER-415514562-0.sysdata.xml  \\\\\\\\?\\\\C:\\\\ProgramData\\\\Microsoft\\\\Windows\\\\WER\\\\Temp\\\\WER.379ae096-66d9-41d4-af2b-652b5dbd39ff.tmp.WERInternalMetadata.xml  \\\\\\\\?\\\\C:\\\\ProgramData\\\\Microsoft\\\\Windows\\\\WER\\\\Temp\\\\WER.841ada77-cdb9-4f03-abbf-708a9e3c75d3.tmp.csv  \\\\\\\\?\\\\C:\\\\ProgramData\\\\Microsoft\\\\Windows\\\\WER\\\\Temp\\\\WER.ad7b13de-0b64-4025-8d74-5deb5c2473b2.tmp.txt  \\\\\\\\?\\\\C:\\\\ProgramData\\\\Microsoft\\\\Windows\\\\WER\\\\Temp\\\\WER.28d89c62-dcb1-41c5-b14f-6afc07b927f2.tmp.xml", "storePath": "\\\\\\\\?\\\\C:\\\\ProgramData\\\\Microsoft\\\\Windows\\\\WER\\\\ReportQueue\\\\Kernel_1a8_c3be8430ad9f60eb75f06b62afa7598beb464e3_00000000_54b46f5b-8abb-42f5-95f1-e9a854998b76", "rechecking": "0", "reportId": "54b46f5b-8abb-42f5-95f1-e9a854998b76", "reportStatus": "2051", "cabGuid": "0"}}}, "location": "EventChannel"}
{"timestamp": "2026-09-02T16:03:46.231+0000", "rule": {"level": 4, "description": "Summary event of the report's signatures.", "id": "60608", "firedtimes": 17, "mail": false, "groups": ["windows", "windows_application"]}, "agent": {"id": "001", "name": "DESKTOP-8OTQ7D4", "ip": "172.20.176.199"}, "manager": {"name": "ip-172-31-35-68"}, "id": "1788365026.4232334", "decoder": {"name": "windows_eventchannel"}, "data": {"win": {"system": {"providerName": "Windows Error Reporting", "providerGuid": "{0ead09bd-2157-539a-8d6d-c87f95b64d70}", "eventID": "1001", "version": "0", "level": "4", "task": "0", "opcode": "0", "keywords": "0x8000000000000000", "systemTime": "2026-09-02T16:03:27.5496218Z", "eventRecordID": "202036", "processID": "21120", "threadID": "6612", "channel": "Application", "computer": "DESKTOP-8OTQ7D4", "severityValue": "INFORMATION", "message": "\"Fault bucket , type 0\r\nEvent Name: LiveKernelEvent\r\nResponse: Not available\r\nCab Id: 0\r\n\r\nProblem signature:\r\nP1: 1b8\r\nP2: 1\r\nP3: 0\r\nP4: 0\r\nP5: 0\r\nP6: 10_0_26200\r\nP7: 0_0\r\nP8: 256_1\r\nP9: \r\nP10: \r\n\r\nAttached files:\r\n\\\\?\\C:\\WINDOWS\\LiveKernelReports\\WATCHDOG4402\\WATCHDOG4402-20260409-0933.dmp\r\n\\\\?\\C:\\WINDOWS\\SystemTemp\\WER-415514593-0.sysdata.xml\r\n\\\\?\\C:\\ProgramData\\Microsoft\\Windows\\WER\\Temp\\WER.52fec369-83c6-47af-a50b-59bc600166ea.tmp.WERInternalMetadata.xml\r\n\\\\?\\C:\\ProgramData\\Microsoft\\Windows\\WER\\Temp\\WER.f472c105-458f-4199-beaf-7c0d2fc10b4d.tmp.csv\r\n\\\\?\\C:\\ProgramData\\Microsoft\\Windows\\WER\\Temp\\WER.2bdc7304-b733-4803-ae31-c5dd09257e48.tmp.txt\r\n\\\\?\\C:\\ProgramData\\Microsoft\\Windows\\WER\\Temp\\WER.bf03a196-2a01-4138-8b39-b83f1ffa6f74.tmp.xml\r\n\r\nThese files may be available here:\r\n\\\\?\\C:\\ProgramData\\Microsoft\\Windows\\WER\\ReportQueue\\Kernel_1b8_3266ee9f236733789e644ef694ee92749a13023_00000000_bbc7df4a-5715-47ae-91d0-c8de0a44ce1c\r\n\r\nAnalysis symbol: \r\nRechecking for solution: 0\r\nReport Id: bbc7df4a-5715-47ae-91d0-c8de0a44ce1c\r\nReport Status: 2051\r\nHashed bucket: \r\nCab Guid: 0\""}, "eventdata": {"bucketType": "0", "eventName": "LiveKernelEvent", "response": "Not available", "cabId": "0", "p1": "1b8", "p2": "1", "p3": "0", "p4": "0", "p5": "0", "p6": "10_0_26200", "p7": "0_0", "p8": "256_1", "attachedFiles": "  \\\\\\\\?\\\\C:\\\\WINDOWS\\\\LiveKernelReports\\\\WATCHDOG4402\\\\WATCHDOG4402-20260409-0933.dmp  \\\\\\\\?\\\\C:\\\\WINDOWS\\\\SystemTemp\\\\WER-415514593-0.sysdata.xml  \\\\\\\\?\\\\C:\\\\ProgramData\\\\Microsoft\\\\Windows\\\\WER\\\\Temp\\\\WER.52fec369-83c6-47af-a50b-59bc600166ea.tmp.WERInternalMetadata.xml  \\\\\\\\?\\\\C:\\\\ProgramData\\\\Microsoft\\\\Windows\\\\WER\\\\Temp\\\\WER.f472c105-458f-4199-beaf-7c0d2fc10b4d.tmp.csv  \\\\\\\\?\\\\C:\\\\ProgramData\\\\Microsoft\\\\Windows\\\\WER\\\\Temp\\\\WER.2bdc7304-b733-4803-ae31-c5dd09257e48.tmp.txt  \\\\\\\\?\\\\C:\\\\ProgramData\\\\Microsoft\\\\Windows\\\\WER\\\\Temp\\\\WER.bf03a196-2a01-4138-8b39-b83f1ffa6f74.tmp.xml", "storePath": "\\\\\\\\?\\\\C:\\\\ProgramData\\\\Microsoft\\\\Windows\\\\WER\\\\ReportQueue\\\\Kernel_1b8_3266ee9f236733789e644ef694ee92749a13023_00000000_bbc7df4a-5715-47ae-91d0-c8de0a44ce1c", "rechecking": "0", "reportId": "bbc7df4a-5715-47ae-91d0-c8de0a44ce1c", "reportStatus": "2051", "cabGuid": "0"}}}, "location": "EventChannel"}
{"timestamp": "2026-09-02T16:03:47.271+0000", "rule": {"level": 4, "description": "Summary event of the report's signatures.", "id": "60608", "firedtimes": 18, "mail": false, "groups": ["windows", "windows_application"]}, "agent": {"id": "001", "name": "DESKTOP-8OTQ7D4", "ip": "172.20.176.199"}, "manager": {"name": "ip-172-31-35-68"}, "id": "1788365027.4238214", "decoder": {"name": "windows_eventchannel"}, "data": {"win": {"system": {"providerName": "Windows Error Reporting", "providerGuid": "{0ead09bd-2157-539a-8d6d-c87f95b64d70}", "eventID": "1001", "version": "0", "level": "4", "task": "0", "opcode": "0", "keywords": "0x8000000000000000", "systemTime": "2026-09-02T16:03:27.6743212Z", "eventRecordID": "202037", "processID": "21120", "threadID": "6612", "channel": "Application", "computer": "DESKTOP-8OTQ7D4", "severityValue": "INFORMATION", "message": "\"Fault bucket , type 0\r\nEvent Name: LiveKernelEvent\r\nResponse: Not available\r\nCab Id: 0\r\n\r\nProblem signature:\r\nP1: 1a8\r\nP2: 1\r\nP3: 0\r\nP4: 0\r\nP5: 0\r\nP6: 10_0_26200\r\nP7: 0_0\r\nP8: 256_1\r\nP9: \r\nP10: \r\n\r\nAttached files:\r\n\\\\?\\C:\\WINDOWS\\LiveKernelReports\\WATCHDOG\\WATCHDOG-20260409-1559.dmp\r\n\\\\?\\C:\\WINDOWS\\SystemTemp\\WER-14465062-0.sysdata.xml\r\n\\\\?\\C:\\ProgramData\\Microsoft\\Windows\\WER\\Temp\\WER.f03ad910-069e-4538-b8a9-0acaf93491a2.tmp.WERInternalMetadata.xml\r\n\\\\?\\C:\\ProgramData\\Microsoft\\Windows\\WER\\Temp\\WER.3de95581-ae6a-4039-9d3d-70ea1dce253e.tmp.csv\r\n\\\\?\\C:\\ProgramData\\Microsoft\\Windows\\WER\\Temp\\WER.c76af32d-8f55-4cd9-b40c-c887f894c2f9.tmp.txt\r\n\\\\?\\C:\\ProgramData\\Microsoft\\Windows\\WER\\Temp\\WER.63c3d83e-b854-48f7-9fcd-d798c3231c19.tmp.xml\r\n\r\nThese files may be available here:\r\n\\\\?\\C:\\ProgramData\\Microsoft\\Windows\\WER\\ReportQueue\\Kernel_1a8_c3be8430ad9f60eb75f06b62afa7598beb464e3_00000000_8024d7bb-2d35-428d-b079-5a3327603039\r\n\r\nAnalysis symbol: \r\nRechecking for solution: 0\r\nReport Id: 8024d7bb-2d35-428d-b079-5a3327603039\r\nReport Status: 2051\r\nHashed bucket: \r\nCab Guid: 0\""}, "eventdata": {"bucketType": "0", "eventName": "LiveKernelEvent", "response": "Not available", "cabId": "0", "p1": "1a8", "p2": "1", "p3": "0", "p4": "0", "p5": "0", "p6": "10_0_26200", "p7": "0_0", "p8": "256_1", "attachedFiles": "  \\\\\\\\?\\\\C:\\\\WINDOWS\\\\LiveKernelReports\\\\WATCHDOG\\\\WATCHDOG-20260409-1559.dmp  \\\\\\\\?\\\\C:\\\\WINDOWS\\\\SystemTemp\\\\WER-14465062-0.sysdata.xml  \\\\\\\\?\\\\C:\\\\ProgramData\\\\Microsoft\\\\Windows\\\\WER\\\\Temp\\\\WER.f03ad910-069e-4538-b8a9-0acaf93491a2.tmp.WERInternalMetadata.xml  \\\\\\\\?\\\\C:\\\\ProgramData\\\\Microsoft\\\\Windows\\\\WER\\\\Temp\\\\WER.3de95581-ae6a-4039-9d3d-70ea1dce253e.tmp.csv  \\\\\\\\?\\\\C:\\\\ProgramData\\\\Microsoft\\\\Windows\\\\WER\\\\Temp\\\\WER.c76af32d-8f55-4cd9-b40c-c887f894c2f9.tmp.txt  \\\\\\\\?\\\\C:\\\\ProgramData\\\\Microsoft\\\\Windows\\\\WER\\\\Temp\\\\WER.63c3d83e-b854-48f7-9fcd-d798c3231c19.tmp.xml", "storePath": "\\\\\\\\?\\\\C:\\\\ProgramData\\\\Microsoft\\\\Windows\\\\WER\\\\ReportQueue\\\\Kernel_1a8_c3be8430ad9f60eb75f06b62afa7598beb464e3_00000000_8024d7bb-2d35-428d-b079-5a3327603039", "rechecking": "0", "reportId": "8024d7bb-2d35-428d-b079-5a3327603039", "reportStatus": "2051", "cabGuid": "0"}}}, "location": "EventChannel"}
