{"timestamp": "2026-09-02T09:19:04.340+0000", "rule": {"level": 4, "description": "Summary event of the report's signatures.", "id": "60608", "firedtimes": 14, "mail": false, "groups": ["windows", "windows_application"]}, "agent": {"id": "001", "name": "DESKTOP-8OTQ7D4", "ip": "172.16.104.253"}, "manager": {"name": "ip-172-31-35-68"}, "id": "1788340744.561388", "decoder": {"name": "windows_eventchannel"}, "data": {"win": {"system": {"providerName": "Windows Error Reporting", "providerGuid": "{0ead09bd-2157-539a-8d6d-c87f95b64d70}", "eventID": "1001", "version": "0", "level": "4", "task": "0", "opcode": "0", "keywords": "0x8000000000000000", "systemTime": "2026-09-02T09:18:46.0412531Z", "eventRecordID": "201374", "processID": "23032", "threadID": "5712", "channel": "Application", "computer": "DESKTOP-8OTQ7D4", "severityValue": "INFORMATION", "message": "\"Fault bucket , type 0\r\nEvent Name: LiveKernelEvent\r\nResponse: Not available\r\nCab Id: 0\r\n\r\nProblem signature:\r\nP1: 1a8\r\nP2: 1\r\nP3: 0\r\nP4: 0\r\nP5: 0\r\nP6: 10_0_26200\r\nP7: 0_0\r\nP8: 256_1\r\nP9: \r\nP10: \r\n\r\nAttached files:\r\n\\\\?\\C:\\WINDOWS\\LiveKernelReports\\WATCHDOG\\WATCHDOG-20260408-2013.dmp\r\n\\\\?\\C:\\WINDOWS\\SystemTemp\\WER-367546515-0.sysdata.xml\r\n\\\\?\\C:\\ProgramData\\Microsoft\\Windows\\WER\\Temp\\WER.18837d87-eb88-4ec7-bc98-8b61585d9b2f.tmp.WERInternalMetadata.xml\r\n\\\\?\\C:\\ProgramData\\Microsoft\\Windows\\WER\\Temp\\WER.790e6fe8-8f7a-4c64-8427-83496b164cb6.tmp.csv\r\n\\\\?\\C:\\ProgramData\\Microsoft\\Windows\\WER\\Temp\\WER.547b1733-077c-4d22-beb8-abc9224aa846.tmp.txt\r\n\\\\?\\C:\\ProgramData\\Microsoft\\Windows\\WER\\Temp\\WER.f2b2adb0-f65f-47e5-a41b-4c7b75dc5b42.tmp.xml\r\n\r\nThese files may be available here:\r\n\\\\?\\C:\\ProgramData\\Microsoft\\Windows\\WER\\ReportQueue\\Kernel_1a8_c3be8430ad9f60eb75f06b62afa7598beb464e3_00000000_b676e9ce-a3df-4832-baa8-d07ca364d421\r\n\r\nAnalysis symbol: \r\nRechecking for solution: 0\r\nReport Id: b676e9ce-a3df-4832-baa8-d07ca364d421\r\nReport Status: 2051\r\nHashed bucket: \r\nCab Guid: 0\""}, "eventdata": {"bucketType": "0", "eventName": "LiveKernelEvent", "response": "Not available", "cabId": "0", "p1": "1a8", "p2": "1", "p3": "0", "p4": "0", "p5": "0", "p6": "10_0_26200", "p7": "0_0", "p8": "256_1", "attachedFiles": "  \\\\\\\\?\\\\C:\\\\WINDOWS\\\\LiveKernelReports\\\\WATCHDOG\\\\WATCHDOG-20260408-2013.dmp  \\\\\\\\?\\\\C:\\\\WINDOWS\\\\SystemTemp\\\\WER-367546515-0.sysdata.xml  \\\\\\\\?\\\\C:\\\\ProgramData\\\\Microsoft\\\\Windows\\\\WER\\\\Temp\\\\WER.18837d87-eb88-4ec7-bc98-8b61585d9b2f.tmp.WERInternalMetadata.xml  \\\\\\\\?\\\\C:\\\\ProgramData\\\\Microsoft\\\\Windows\\\\WER\\\\Temp\\\\WER.790e6fe8-8f7a-4c64-8427-83496b164cb6.tmp.csv  \\\\\\\\?\\\\C:\\\\ProgramData\\\\Microsoft\\\\Windows\\\\WER\\\\Temp\\\\WER.547b1733-077c-4d22-beb8-abc9224aa846.tmp.txt  \\\\\\\\?\\\\C:\\\\ProgramData\\\\Microsoft\\\\Windows\\\\WER\\\\Temp\\\\WER.f2b2adb0-f65f-47e5-a41b-4c7b75dc5b42.tmp.xml", "storePath": "\\\\\\\\?\\\\C:\\\\ProgramData\\\\Microsoft\\\\Windows\\\\WER\\\\ReportQueue\\\\Kernel_1a8_c3be8430ad9f60eb75f06b62afa7598beb464e3_00000000_b676e9ce-a3df-4832-baa8-d07ca364d421", "rechecking": "0", "reportId": "b676e9ce-a3df-4832-baa8-d07ca364d421", "reportStatus": "2051", "cabGuid": "0"}}}, "location": "EventChannel"}
{"timestamp": "2026-09-02T09:19:04.351+0000", "rule": {"level": 4, "description": "Summary event of the report's signatures.", "id": "60608", "firedtimes": 15, "mail": false, "groups": ["windows", "windows_application"]}, "agent": {"id": "001", "name": "DESKTOP-8OTQ7D4", "ip": "172.16.104.253"}, "manager": {"name": "ip-172-31-35-68"}, "id": "1788340744.567235", "decoder": {"name": "windows_eventchannel"}, "data": {"win": {"system": {"providerName": "Windows Error Reporting", "providerGuid": "{0ead09bd-2157-539a-8d6d-c87f95b64d70}", "eventID": "1001", "version": "0", "level": "4", "task": "0", "opcode": "0", "keywords": "0x8000000000000000", "systemTime": "2026-09-02T09:18:46.4163064Z", "eventRecordID": "201377", "processID": "23032", "threadID": "5712", "channel": "Application", "computer": "DESKTOP-8OTQ7D4", "severityValue": "INFORMATION", "message": "\"Fault bucket , type 0\r\nEvent Name: LiveKernelEvent\r\nResponse: Not available\r\nCab Id: 0\r\n\r\nProblem signature:\r\nP1: 1a8\r\nP2: 1\r\nP3: 0\r\nP4: 0\r\nP5: 0\r\nP6: 10_0_26200\r\nP7: 0_0\r\nP8: 256_1\r\nP9: \r\nP10: \r\n\r\nAttached files:\r\n\\\\?\\C:\\WINDOWS\\LiveKernelReports\\WATCHDOG\\WATCHDOG-20260409-0933.dmp\r\n\\\\?\\C:\\WINDOWS\\SystemTemp\\WER-415514562-0.sysdata.xml\r\n\\\\?\\C:\\ProgramData\\Microsoft\\Windows\\WER\\Temp\\WER.379ae096-66d9-41d4-af2b-652b5dbd39ff.tmp.WERInternalMetadata.xml\r\n\\\\?\\C:\\ProgramData\\Microsoft\\Windows\\WER\\Temp\\WER.841ada77-cdb9-4f03-abbf-708a9e3c75d3.tmp.csv\r\n\\\\?\\C:\\ProgramData\\Microsoft\\Windows\\WER\\Temp\\WER.ad7b13de-0b64-4025-8d74-5deb5c2473b2.tmp.txt\r\n\\\\?\\C:\\ProgramData\\Microsoft\\Windows\\WER\\Temp\\WER.28d89c62-dcb1-41c5-b14f-6afc07b927f2.tmp.xml\r\n\r\nThese files may be available here:\r\n\\\\?\\C:\\ProgramData\\Microsoft\\Windows\\WER\\ReportQueue\\Kernel_1a8_c3be8430ad9f60eb75f06b62afa7598beb464e3_00000000_54b46f5b-8abb-42f5-95f1-e9a854998b76\r\n\r\nAnalysis symbol: \r\nRechecking for solution: 0\r\nReport Id: 54b46f5b-8abb-42f5-95f1-e9a854998b76\r\nReport Status: 2051\r\nHashed bucket: \r\nCab Guid: 0\""}, "eventdata": {"bucketType": "0", "eventName": "LiveKernelEvent", "response": "Not available", "cabId": "0", "p1": "1a8", "p2": "1", "p3": "0", "p4": "0", "p5": "0", "p6": "10_0_26200", "p7": "0_0", "p8": "256_1", "attachedFiles": "  \\\\\\\\?\\\\C:\\\\WINDOWS\\\\LiveKernelReports\\\\WATCHDOG\\\\WATCHDOG-20260409-0933.dmp  \\\\\\\\?\\\\C:\\\\WINDOWS\\\\SystemTemp\\\\WER-415514562-0.sysdata.xml  \\\\\\\\?\\\\C:\\\\ProgramData\\\\Microsoft\\\\Windows\\\\WER\\\\Temp\\\\WER.379ae096-66d9-41d4-af2b-652b5dbd39ff.tmp.WERInternalMetadata.xml  \\\\\\\\?\\\\C:\\\\ProgramData\\\\Microsoft\\\\Windows\\\\WER\\\\Temp\\\\WER.841ada77-cdb9-4f03-abbf-708a9e3c75d3.tmp.csv  \\\\\\\\?\\\\C:\\\\ProgramData\\\\Microsoft\\\\Windows\\\\WER\\\\Temp\\\\WER.ad7b13de-0b64-4025-8d74-5deb5c2473b2.tmp.txt  \\\\\\\\?\\\\C:\\\\ProgramData\\\\Microsoft\\\\Windows\\\\WER\\\\Temp\\\\WER.28d89c62-dcb1-41c5-b14f-6afc07b927f2.tmp.xml", "storePath": "\\\\\\\\?\\\\C:\\\\ProgramData\\\\Microsoft\\\\Windows\\\\WER\\\\ReportQueue\\\\Kernel_1a8_c3be8430ad9f60eb75f06b62afa7598beb464e3_00000000_54b46f5b-8abb-42f5-95f1-e9a854998b76", "rechecking": "0", "reportId": "54b46f5b-8abb-42f5-95f1-e9a854998b76", "reportStatus": "2051", "cabGuid": "0"}}}, "location": "EventChannel"}
{"timestamp": "2026-09-02T09:19:04.351+0000", "rule": {"level": 4, "description": "Summary event of the report's signatures.", "id": "60608", "firedtimes": 16, "mail": false, "groups": ["windows", "windows_application"]}, "agent": {"id": "001", "name": "DESKTOP-8OTQ7D4", "ip": "172.16.104.253"}, "manager": {"name": "ip-172-31-35-68"}, "id": "1788340744.573082", "decoder": {"name": "windows_eventchannel"}, "data": {"win": {"system": {"providerName": "Windows Error Reporting", "providerGuid": "{0ead09bd-2157-539a-8d6d-c87f95b64d70}", "eventID": "1001", "version": "0", "level": "4", "task": "0", "opcode": "0", "keywords": "0x8000000000000000", "systemTime": "2026-09-02T09:18:46.2925474Z", "eventRecordID": "201376", "processID": "23032", "threadID": "5712", "channel": "Application", "computer": "DESKTOP-8OTQ7D4", "severityValue": "INFORMATION", "message": "\"Fault bucket , type 0\r\nEvent Name: LiveKernelEvent\r\nResponse: Not available\r\nCab Id: 0\r\n\r\nProblem signature:\r\nP1: 1b8\r\nP2: 1\r\nP3: 0\r\nP4: 0\r\nP5: 0\r\nP6: 10_0_26200\r\nP7: 0_0\r\nP8: 256_1\r\nP9: \r\nP10: \r\n\r\nAttached files:\r\n\\\\?\\C:\\WINDOWS\\LiveKernelReports\\WATCHDOG4401\\WATCHDOG4401-20260409-0930.dmp\r\n\\\\?\\C:\\WINDOWS\\SystemTemp\\WER-415351203-1.sysdata.xml\r\n\\\\?\\C:\\ProgramData\\Microsoft\\Windows\\WER\\Temp\\WER.66ff8535-221e-40d9-862b-4ebb5eddbcd3.tmp.WERInternalMetadata.xml\r\n\\\\?\\C:\\ProgramData\\Microsoft\\Windows\\WER\\Temp\\WER.658fe178-9451-41e6-818e-b493764002be.tmp.csv\r\n\\\\?\\C:\\ProgramData\\Microsoft\\Windows\\WER\\Temp\\WER.33ab924a-899d-4668-9a5b-f4a99297f9f1.tmp.txt\r\n\\\\?\\C:\\ProgramData\\Microsoft\\Windows\\WER\\Temp\\WER.98e8f232-b17d-4179-b952-97814e7faf26.tmp.xml\r\n\r\nThese files may be available here:\r\n\\\\?\\C:\\ProgramData\\Microsoft\\Windows\\WER\\ReportQueue\\Kernel_1b8_3266ee9f236733789e644ef694ee92749a13023_00000000_5703b996-c075-476c-b558-bc3537a414c3\r\n\r\nAnalysis symbol: \r\nRechecking for solution: 0\r\nReport Id: 5703b996-c075-476c-b558-bc3537a414c3\r\nReport Status: 2051\r\nHashed bucket: \r\nCab Guid: 0\""}, "eventdata": {"bucketType": "0", "eventName": "LiveKernelEvent", "response": "Not available", "cabId": "0", "p1": "1b8", "p2": "1", "p3": "0", "p4": "0", "p5": "0", "p6": "10_0_26200", "p7": "0_0", "p8": "256_1", "attachedFiles": "  \\\\\\\\?\\\\C:\\\\WINDOWS\\\\LiveKernelReports\\\\WATCHDOG4401\\\\WATCHDOG4401-20260409-0930.dmp  \\\\\\\\?\\\\C:\\\\WINDOWS\\\\SystemTemp\\\\WER-415351203-1.sysdata.xml  \\\\\\\\?\\\\C:\\\\ProgramData\\\\Microsoft\\\\Windows\\\\WER\\\\Temp\\\\WER.66ff8535-221e-40d9-862b-4ebb5eddbcd3.tmp.WERInternalMetadata.xml  \\\\\\\\?\\\\C:\\\\ProgramData\\\\Microsoft\\\\Windows\\\\WER\\\\Temp\\\\WER.658fe178-9451-41e6-818e-b493764002be.tmp.csv  \\\\\\\\?\\\\C:\\\\ProgramData\\\\Microsoft\\\\Windows\\\\WER\\\\Temp\\\\WER.33ab924a-899d-4668-9a5b-f4a99297f9f1.tmp.txt  \\\\\\\\?\\\\C:\\\\ProgramData\\\\Microsoft\\\\Windows\\\\WER\\\\Temp\\\\WER.98e8f232-b17d-4179-b952-97814e7faf26.tmp.xml", "storePath": "\\\\\\\\?\\\\C:\\\\ProgramData\\\\Microsoft\\\\Windows\\\\WER\\\\ReportQueue\\\\Kernel_1b8_3266ee9f236733789e644ef694ee92749a13023_00000000_5703b996-c075-476c-b558-bc3537a414c3", "rechecking": "0", "reportId": "5703b996-c075-476c-b558-bc3537a414c3", "reportStatus": "2051", "cabGuid": "0"}}}, "location": "EventChannel"}
{"timestamp": "2026-09-02T09:19:04.609+0000", "rule": {"level": 4, "description": "Summary event of the report's signatures.", "id": "60608", "firedtimes": 17, "mail": false, "groups": ["windows", "windows_application"]}, "agent": {"id": "001", "name": "DESKTOP-8OTQ7D4", "ip": "172.16.104.253"}, "manager": {"name": "ip-172-31-35-68"}, "id": "1788340744.578961", "decoder": {"name": "windows_eventchannel"}, "data": {"win": {"system": {"providerName": "Windows Error Reporting", "providerGuid": "{0ead09bd-2157-539a-8d6d-c87f95b64d70}", "eventID": "1001", "version": "0", "level": "4", "task": "0", "opcode": "0", "keywords": "0x8000000000000000", "systemTime": "2026-09-02T09:18:46.5426484Z", "eventRecordID": "201378", "processID": "23032", "threadID": "5712", "channel": "Application", "computer": "DESKTOP-8OTQ7D4", "severityValue": "INFORMATION", "message": "\"Fault bucket , type 0\r\nEvent Name: LiveKernelEvent\r\nResponse: Not available\r\nCab Id: 0\r\n\r\nProblem signature:\r\nP1: 1b8\r\nP2: 1\r\nP3: 0\r\nP4: 0\r\nP5: 0\r\nP6: 10_0_26200\r\nP7: 0_0\r\nP8: 256_1\r\nP9: \r\nP10: \r\n\r\nAttached files:\r\n\\\\?\\C:\\WINDOWS\\LiveKernelReports\\WATCHDOG4402\\WATCHDOG4402-20260409-0933.dmp\r\n\\\\?\\C:\\WINDOWS\\SystemTemp\\WER-415514593-0.sysdata.xml\r\n\\\\?\\C:\\ProgramData\\Microsoft\\Windows\\WER\\Temp\\WER.52fec369-83c6-47af-a50b-59bc600166ea.tmp.WERInternalMetadata.xml\r\n\\\\?\\C:\\ProgramData\\Microsoft\\Windows\\WER\\Temp\\WER.f472c105-458f-4199-beaf-7c0d2fc10b4d.tmp.csv\r\n\\\\?\\C:\\ProgramData\\Microsoft\\Windows\\WER\\Temp\\WER.2bdc7304-b733-4803-ae31-c5dd09257e48.tmp.txt\r\n\\\\?\\C:\\ProgramData\\Microsoft\\Windows\\WER\\Temp\\WER.bf03a196-2a01-4138-8b39-b83f1ffa6f74.tmp.xml\r\n\r\nThese files may be available here:\r\n\\\\?\\C:\\ProgramData\\Microsoft\\Windows\\WER\\ReportQueue\\Kernel_1b8_3266ee9f236733789e644ef694ee92749a13023_00000000_bbc7df4a-5715-47ae-91d0-c8de0a44ce1c\r\n\r\nAnalysis symbol: \r\nRechecking for solution: 0\r\nReport Id: bbc7df4a-5715-47ae-91d0-c8de0a44ce1c\r\nReport Status: 2051\r\nHashed bucket: \r\nCab Guid: 0\""}, "eventdata": {"bucketType": "0", "eventName": "LiveKernelEvent", "response": "Not available", "cabId": "0", "p1": "1b8", "p2": "1", "p3": "0", "p4": "0", "p5": "0", "p6": "10_0_26200", "p7": "0_0", "p8": "256_1", "attachedFiles": "  \\\\\\\\?\\\\C:\\\\WINDOWS\\\\LiveKernelReports\\\\WATCHDOG4402\\\\WATCHDOG4402-20260409-0933.dmp  \\\\\\\\?\\\\C:\\\\WINDOWS\\\\SystemTemp\\\\WER-415514593-0.sysdata.xml  \\\\\\\\?\\\\C:\\\\ProgramData\\\\Microsoft\\\\Windows\\\\WER\\\\Temp\\\\WER.52fec369-83c6-47af-a50b-59bc600166ea.tmp.WERInternalMetadata.xml  \\\\\\\\?\\\\C:\\\\ProgramData\\\\Microsoft\\\\Windows\\\\WER\\\\Temp\\\\WER.f472c105-458f-4199-beaf-7c0d2fc10b4d.tmp.csv  \\\\\\\\?\\\\C:\\\\ProgramData\\\\Microsoft\\\\Windows\\\\WER\\\\Temp\\\\WER.2bdc7304-b733-4803-ae31-c5dd09257e48.tmp.txt  \\\\\\\\?\\\\C:\\\\ProgramData\\\\Microsoft\\\\Windows\\\\WER\\\\Temp\\\\WER.bf03a196-2a01-4138-8b39-b83f1ffa6f74.tmp.xml", "storePath": "\\\\\\\\?\\\\C:\\\\ProgramData\\\\Microsoft\\\\Windows\\\\WER\\\\ReportQueue\\\\Kernel_1b8_3266ee9f236733789e644ef694ee92749a13023_00000000_bbc7df4a-5715-47ae-91d0-c8de0a44ce1c", "rechecking": "0", "reportId": "bbc7df4a-5715-47ae-91d0-c8de0a44ce1c", "reportStatus": "2051", "cabGuid": "0"}}}, "location": "EventChannel"}
{"timestamp": "2026-09-02T09:19:05.334+0000", "rule": {"level": 4, "description": "Summary event of the report's signatures.", "id": "60608", "firedtimes": 18, "mail": false, "groups": ["windows", "windows_application"]}, "agent": {"id": "001", "name": "DESKTOP-8OTQ7D4", "ip": "172.16.104.253"}, "manager": {"name": "ip-172-31-35-68"}, "id": "1788340745.584840", "decoder": {"name": "windows_eventchannel"}, "data": {"win": {"system": {"providerName": "Windows Error Reporting", "providerGuid": "{0ead09bd-2157-539a-8d6d-c87f95b64d70}", "eventID": "1001", "version": "0", "level": "4", "task": "0", "opcode": "0", "keywords": "0x8000000000000000", "systemTime": "2026-09-02T09:18:46.6739574Z", "eventRecordID": "201379", "processID": "23032", "threadID": "5712", "channel": "Application", "computer": "DESKTOP-8OTQ7D4", "severityValue": "INFORMATION", "message": "\"Fault bucket , type 0\r\nEvent Name: LiveKernelEvent\r\nResponse: Not available\r\nCab Id: 0\r\n\r\nProblem signature:\r\nP1: 1a8\r\nP2: 1\r\nP3: 0\r\nP4: 0\r\nP5: 0\r\nP6: 10_0_26200\r\nP7: 0_0\r\nP8: 256_1\r\nP9: \r\nP10: \r\n\r\nAttached files:\r\n\\\\?\\C:\\WINDOWS\\LiveKernelReports\\WATCHDOG\\WATCHDOG-20260409-1559.dmp\r\n\\\\?\\C:\\WINDOWS\\SystemTemp\\WER-14465062-0.sysdata.xml\r\n\\\\?\\C:\\ProgramData\\Microsoft\\Windows\\WER\\Temp\\WER.f03ad910-069e-4538-b8a9-0acaf93491a2.tmp.WERInternalMetadata.xml\r\n\\\\?\\C:\\ProgramData\\Microsoft\\Windows\\WER\\Temp\\WER.3de95581-ae6a-4039-9d3d-70ea1dce253e.tmp.csv\r\n\\\\?\\C:\\ProgramData\\Microsoft\\Windows\\WER\\Temp\\WER.c76af32d-8f55-4cd9-b40c-c887f894c2f9.tmp.txt\r\n\\\\?\\C:\\ProgramData\\Microsoft\\Windows\\WER\\Temp\\WER.63c3d83e-b854-48f7-9fcd-d798c3231c19.tmp.xml\r\n\r\nThese files may be available here:\r\n\\\\?\\C:\\ProgramData\\Microsoft\\Windows\\WER\\ReportQueue\\Kernel_1a8_c3be8430ad9f60eb75f06b62afa7598beb464e3_00000000_8024d7bb-2d35-428d-b079-5a3327603039\r\n\r\nAnalysis symbol: \r\nRechecking for solution: 0\r\nReport Id: 8024d7bb-2d35-428d-b079-5a3327603039\r\nReport Status: 2051\r\nHashed bucket: \r\nCab Guid: 0\""}, "eventdata": {"bucketType": "0", "eventName": "LiveKernelEvent", "response": "Not available", "cabId": "0", "p1": "1a8", "p2": "1", "p3": "0", "p4": "0", "p5": "0", "p6": "10_0_26200", "p7": "0_0", "p8": "256_1", "attachedFiles": "  \\\\\\\\?\\\\C:\\\\WINDOWS\\\\LiveKernelReports\\\\WATCHDOG\\\\WATCHDOG-20260409-1559.dmp  \\\\\\\\?\\\\C:\\\\WINDOWS\\\\SystemTemp\\\\WER-14465062-0.sysdata.xml  \\\\\\\\?\\\\C:\\\\ProgramData\\\\Microsoft\\\\Windows\\\\WER\\\\Temp\\\\WER.f03ad910-069e-4538-b8a9-0acaf93491a2.tmp.WERInternalMetadata.xml  \\\\\\\\?\\\\C:\\\\ProgramData\\\\Microsoft\\\\Windows\\\\WER\\\\Temp\\\\WER.3de95581-ae6a-4039-9d3d-70ea1dce253e.tmp.csv  \\\\\\\\?\\\\C:\\\\ProgramData\\\\Microsoft\\\\Windows\\\\WER\\\\Temp\\\\WER.c76af32d-8f55-4cd9-b40c-c887f894c2f9.tmp.txt  \\\\\\\\?\\\\C:\\\\ProgramData\\\\Microsoft\\\\Windows\\\\WER\\\\Temp\\\\WER.63c3d83e-b854-48f7-9fcd-d798c3231c19.tmp.xml", "storePath": "\\\\\\\\?\\\\C:\\\\ProgramData\\\\Microsoft\\\\Windows\\\\WER\\\\ReportQueue\\\\Kernel_1a8_c3be8430ad9f60eb75f06b62afa7598beb464e3_00000000_8024d7bb-2d35-428d-b079-5a3327603039", "rechecking": "0", "reportId": "8024d7bb-2d35-428d-b079-5a3327603039", "reportStatus": "2051", "cabGuid": "0"}}}, "location": "EventChannel"}
{"timestamp": "2026-09-02T09:19:05.341+0000", "rule": {"level": 4, "description": "Summary event of the report's signatures.", "id": "60608", "firedtimes": 20, "mail": false, "groups": ["windows", "windows_application"]}, "agent": {"id": "001", "name": "DESKTOP-8OTQ7D4", "ip": "172.16.104.253"}, "manager": {"name": "ip-172-31-35-68"}, "id": "1788340745.590683", "decoder": {"name": "windows_eventchannel"}, "data": {"win": {"system": {"providerName": "Windows Error Reporting", "providerGuid": "{0ead09bd-2157-539a-8d6d-c87f95b64d70}", "eventID": "1001", "version": "0", "level": "4", "task": "0", "opcode": "0", "keywords": "0x8000000000000000", "systemTime": "2026-09-02T09:18:46.7748095Z", "eventRecordID": "201380", "processID": "23032", "threadID": "5712", "channel": "Application", "computer": "DESKTOP-8OTQ7D4", "severityValue": "INFORMATION", "message": "\"Fault bucket , type 0\r\nEvent Name: LiveKernelEvent\r\nResponse: Not available\r\nCab Id: 0\r\n\r\nProblem signature:\r\nP1: 1b8\r\nP2: 1\r\nP3: 0\r\nP4: 0\r\nP5: 0\r\nP6: 10_0_26200\r\nP7: 0_0\r\nP8: 256_1\r\nP9: \r\nP10: \r\n\r\nAttached files:\r\n\\\\?\\C:\\WINDOWS\\LiveKernelReports\\WATCHDOG4400\\WATCHDOG4400-20260409-1559.dmp\r\n\\\\?\\C:\\WINDOWS\\SystemTemp\\WER-14465109-0.sysdata.xml\r\n\\\\?\\C:\\ProgramData\\Microsoft\\Windows\\WER\\Temp\\WER.1f4fefe9-d48f-4f86-bfae-a8a910ad31d6.tmp.WERInternalMetadata.xml\r\n\\\\?\\C:\\ProgramData\\Microsoft\\Windows\\WER\\Temp\\WER.a1eea904-826b-4f73-b9ca-921edaec0549.tmp.csv\r\n\\\\?\\C:\\ProgramData\\Microsoft\\Windows\\WER\\Temp\\WER.18bb9fcd-ec63-437c-9270-db906bae5186.tmp.txt\r\n\\\\?\\C:\\ProgramData\\Microsoft\\Windows\\WER\\Temp\\WER.cc18351a-744f-449d-8dd8-8a0fecd33ee4.tmp.xml\r\n\r\nThese files may be available here:\r\n\\\\?\\C:\\ProgramData\\Microsoft\\Windows\\WER\\ReportQueue\\Kernel_1b8_3266ee9f236733789e644ef694ee92749a13023_00000000_44ce0aa2-e088-4afd-b768-77942f1fba65\r\n\r\nAnalysis symbol: \r\nRechecking for solution: 0\r\nReport Id: 44ce0aa2-e088-4afd-b768-77942f1fba65\r\nReport Status: 2051\r\nHashed bucket: \r\nCab Guid: 0\""}, "eventdata": {"bucketType": "0", "eventName": "LiveKernelEvent", "response": "Not available", "cabId": "0", "p1": "1b8", "p2": "1", "p3": "0", "p4": "0", "p5": "0", "p6": "10_0_26200", "p7": "0_0", "p8": "256_1", "attachedFiles": "  \\\\\\\\?\\\\C:\\\\WINDOWS\\\\LiveKernelReports\\\\WATCHDOG4400\\\\WATCHDOG4400-20260409-1559.dmp  \\\\\\\\?\\\\C:\\\\WINDOWS\\\\SystemTemp\\\\WER-14465109-0.sysdata.xml  \\\\\\\\?\\\\C:\\\\ProgramData\\\\Microsoft\\\\Windows\\\\WER\\\\Temp\\\\WER.1f4fefe9-d48f-4f86-bfae-a8a910ad31d6.tmp.WERInternalMetadata.xml  \\\\\\\\?\\\\C:\\\\ProgramData\\\\Microsoft\\\\Windows\\\\WER\\\\Temp\\\\WER.a1eea904-826b-4f73-b9ca-921edaec0549.tmp.csv  \\\\\\\\?\\\\C:\\\\ProgramData\\\\Microsoft\\\\Windows\\\\WER\\\\Temp\\\\WER.18bb9fcd-ec63-437c-9270-db906bae5186.tmp.txt  \\\\\\\\?\\\\C:\\\\ProgramData\\\\Microsoft\\\\Windows\\\\WER\\\\Temp\\\\WER.cc18351a-744f-449d-8dd8-8a0fecd33ee4.tmp.xml", "storePath": "\\\\\\\\?\\\\C:\\\\ProgramData\\\\Microsoft\\\\Windows\\\\WER\\\\ReportQueue\\\\Kernel_1b8_3266ee9f236733789e644ef694ee92749a13023_00000000_44ce0aa2-e088-4afd-b768-77942f1fba65", "rechecking": "0", "reportId": "44ce0aa2-e088-4afd-b768-77942f1fba65", "reportStatus": "2051", "cabGuid": "0"}}}, "location": "EventChannel"}
{"timestamp": "2026-09-02T09:19:05.341+0000", "rule": {"level": 4, "description": "Summary event of the report's signatures.", "id": "60608", "firedtimes": 19, "mail": false, "groups": ["windows", "windows_application"]}, "agent": {"id": "001", "name": "DESKTOP-8OTQ7D4", "ip": "172.16.104.253"}, "manager": {"name": "ip-172-31-35-68"}, "id": "1788340745.596558", "decoder": {"name": "windows_eventchannel"}, "data": {"win": {"system": {"providerName": "Windows Error Reporting", "providerGuid": "{0ead09bd-2157-539a-8d6d-c87f95b64d70}", "eventID": "1001", "version": "0", "level": "4", "task": "0", "opcode": "0", "keywords": "0x8000000000000000", "systemTime": "2026-09-02T09:18:46.8889485Z", "eventRecordID": "201381", "processID": "23032", "threadID": "5712", "channel": "Application", "computer": "DESKTOP-8OTQ7D4", "severityValue": "INFORMATION", "message": "\"Fault bucket , type 0\r\nEvent Name: LiveKernelEvent\r\nResponse: Not available\r\nCab Id: 0\r\n\r\nProblem signature:\r\nP1: 1a8\r\nP2: 1\r\nP3: 0\r\nP4: 0\r\nP5: 0\r\nP6: 10_0_26200\r\nP7: 0_0\r\nP8: 256_1\r\nP9: \r\nP10: \r\n\r\nAttached files:\r\n\\\\?\\C:\\WINDOWS\\LiveKernelReports\\WATCHDOG\\WATCHDOG-20260409-1906.dmp\r\n\\\\?\\C:\\WINDOWS\\SystemTemp\\WER-25644734-0.sysdata.xml\r\n\\\\?\\C:\\ProgramData\\Microsoft\\Windows\\WER\\Temp\\WER.9c9fbc22-9e6b-4351-8564-a5d2ac770906.tmp.WERInternalMetadata.xml\r\n\\\\?\\C:\\ProgramData\\Microsoft\\Windows\\WER\\Temp\\WER.d6c32af6-f1a8-4c23-9ebe-eb19d02a4399.tmp.csv\r\n\\\\?\\C:\\ProgramData\\Microsoft\\Windows\\WER\\Temp\\WER.074abb27-6a2d-435b-93e6-f945abaaae25.tmp.txt\r\n\\\\?\\C:\\ProgramData\\Microsoft\\Windows\\WER\\Temp\\WER.ac524cf8-1c2c-48e6-a705-91cde7e2855d.tmp.xml\r\n\r\nThese files may be available here:\r\n\\\\?\\C:\\ProgramData\\Microsoft\\Windows\\WER\\ReportQueue\\Kernel_1a8_c3be8430ad9f60eb75f06b62afa7598beb464e3_00000000_561db994-f0fd-439e-a2ed-dedb868f2b44\r\n\r\nAnalysis symbol: \r\nRechecking for solution: 0\r\nReport Id: 561db994-f0fd-439e-a2ed-dedb868f2b44\r\nReport Status: 2051\r\nHashed bucket: \r\nCab Guid: 0\""}, "eventdata": {"bucketType": "0", "eventName": "LiveKernelEvent", "response": "Not available", "cabId": "0", "p1": "1a8", "p2": "1", "p3": "0", "p4": "0", "p5": "0", "p6": "10_0_26200", "p7": "0_0", "p8": "256_1", "attachedFiles": "  \\\\\\\\?\\\\C:\\\\WINDOWS\\\\LiveKernelReports\\\\WATCHDOG\\\\WATCHDOG-20260409-1906.dmp  \\\\\\\\?\\\\C:\\\\WINDOWS\\\\SystemTemp\\\\WER-25644734-0.sysdata.xml  \\\\\\\\?\\\\C:\\\\ProgramData\\\\Microsoft\\\\Windows\\\\WER\\\\Temp\\\\WER.9c9fbc22-9e6b-4351-8564-a5d2ac770906.tmp.WERInternalMetadata.xml  \\\\\\\\?\\\\C:\\\\ProgramData\\\\Microsoft\\\\Windows\\\\WER\\\\Temp\\\\WER.d6c32af6-f1a8-4c23-9ebe-eb19d02a4399.tmp.csv  \\\\\\\\?\\\\C:\\\\ProgramData\\\\Microsoft\\\\Windows\\\\WER\\\\Temp\\\\WER.074abb27-6a2d-435b-93e6-f945abaaae25.tmp.txt  \\\\\\\\?\\\\C:\\\\ProgramData\\\\Microsoft\\\\Windows\\\\WER\\\\Temp\\\\WER.ac524cf8-1c2c-48e6-a705-91cde7e2855d.tmp.xml", "storePath": "\\\\\\\\?\\\\C:\\\\ProgramData\\\\Microsoft\\\\Windows\\\\WER\\\\ReportQueue\\\\Kernel_1a8_c3be8430ad9f60eb75f06b62afa7598beb464e3_00000000_561db994-f0fd-439e-a2ed-dedb868f2b44", "rechecking": "0", "reportId": "561db994-f0fd-439e-a2ed-dedb868f2b44", "reportStatus": "2051", "cabGuid": "0"}}}, "location": "EventChannel"}
{"timestamp": "2026-09-02T09:19:05.346+0000", "rule": {"level": 4, "description": "Summary event of the report's signatures.", "id": "60608", "firedtimes": 21, "mail": false, "groups": ["windows", "windows_application"]}, "agent": {"id": "001", "name": "DESKTOP-8OTQ7D4", "ip": "172.16.104.253"}, "manager": {"name": "ip-172-31-35-68"}, "id": "1788340745.602401", "decoder": {"name": "windows_eventchannel"}, "data": {"win": {"system": {"providerName": "Windows Error Reporting", "providerGuid": "{0ead09bd-2157-539a-8d6d-c87f95b64d70}", "eventID": "1001", "version": "0", "level": "4", "task": "0", "opcode": "0", "keywords": "0x8000000000000000", "systemTime": "2026-09-02T09:18:47.1444301Z", "eventRecordID": "201383", "processID": "23032", "threadID": "5712", "channel": "Application", "computer": "DESKTOP-8OTQ7D4", "severityValue": "INFORMATION", "message": "\"Fault bucket , type 0\r\nEvent Name: LiveKernelEvent\r\nResponse: Not available\r\nCab Id: 0\r\n\r\nProblem signature:\r\nP1: 1a8\r\nP2: 1\r\nP3: 0\r\nP4: 0\r\nP5: 0\r\nP6: 10_0_26200\r\nP7: 0_0\r\nP8: 256_1\r\nP9: \r\nP10: \r\n\r\nAttached files:\r\n\\\\?\\C:\\WINDOWS\\LiveKernelReports\\WATCHDOG\\WATCHDOG-20260410-0937.dmp\r\n\\\\?\\C:\\WINDOWS\\SystemTemp\\WER-77952968-0.sysdata.xml\r\n\\\\?\\C:\\ProgramData\\Microsoft\\Windows\\WER\\Temp\\WER.6393c442-6574-41f4-a620-498bf801c423.tmp.WERInternalMetadata.xml\r\n\\\\?\\C:\\ProgramData\\Microsoft\\Windows\\WER\\Temp\\WER.a9315f9e-e59c-4504-adaa-40df672813cb.tmp.csv\r\n\\\\?\\C:\\ProgramData\\Microsoft\\Windows\\WER\\Temp\\WER.5ea995a8-15a8-47d7-ab5d-87ba78297aaf.tmp.txt\r\n\\\\?\\C:\\ProgramData\\Microsoft\\Windows\\WER\\Temp\\WER.2b4a7910-7aa2-4700-a612-6414f29be816.tmp.xml\r\n\r\nThese files may be available here:\r\n\\\\?\\C:\\ProgramData\\Microsoft\\Windows\\WER\\ReportQueue\\Kernel_1a8_c3be8430ad9f60eb75f06b62afa7598beb464e3_00000000_61155eaf-1c33-429b-bf0f-1f3dbae75488\r\n\r\nAnalysis symbol: \r\nRechecking for solution: 0\r\nReport Id: 61155eaf-1c33-429b-bf0f-1f3dbae75488\r\nReport Status: 2051\r\nHashed bucket: \r\nCab Guid: 0\""}, "eventdata": {"bucketType": "0", "eventName": "LiveKernelEvent", "response": "Not available", "cabId": "0", "p1": "1a8", "p2": "1", "p3": "0", "p4": "0", "p5": "0", "p6": "10_0_26200", "p7": "0_0", "p8": "256_1", "attachedFiles": "  \\\\\\\\?\\\\C:\\\\WINDOWS\\\\LiveKernelReports\\\\WATCHDOG\\\\WATCHDOG-20260410-0937.dmp  \\\\\\\\?\\\\C:\\\\WINDOWS\\\\SystemTemp\\\\WER-77952968-0.sysdata.xml  \\\\\\\\?\\\\C:\\\\ProgramData\\\\Microsoft\\\\Windows\\\\WER\\\\Temp\\\\WER.6393c442-6574-41f4-a620-498bf801c423.tmp.WERInternalMetadata.xml  \\\\\\\\?\\\\C:\\\\ProgramData\\\\Microsoft\\\\Windows\\\\WER\\\\Temp\\\\WER.a9315f9e-e59c-4504-adaa-40df672813cb.tmp.csv  \\\\\\\\?\\\\C:\\\\ProgramData\\\\Microsoft\\\\Windows\\\\WER\\\\Temp\\\\WER.5ea995a8-15a8-47d7-ab5d-87ba78297aaf.tmp.txt  \\\\\\\\?\\\\C:\\\\ProgramData\\\\Microsoft\\\\Windows\\\\WER\\\\Temp\\\\WER.2b4a7910-7aa2-4700-a612-6414f29be816.tmp.xml", "storePath": "\\\\\\\\?\\\\C:\\\\ProgramData\\\\Microsoft\\\\Windows\\\\WER\\\\ReportQueue\\\\Kernel_1a8_c3be8430ad9f60eb75f06b62afa7598beb464e3_00000000_61155eaf-1c33-429b-bf0f-1f3dbae75488", "rechecking": "0", "reportId": "61155eaf-1c33-429b-bf0f-1f3dbae75488", "reportStatus": "2051", "cabGuid": "0"}}}, "location": "EventChannel"}
{"timestamp": "2026-09-02T09:19:05.346+0000", "rule": {"level": 4, "description": "Summary event of the report's signatures.", "id": "60608", "firedtimes": 22, "mail": false, "groups": ["windows", "windows_application"]}, "agent": {"id": "001", "name": "DESKTOP-8OTQ7D4", "ip": "172.16.104.253"}, "manager": {"name": "ip-172-31-35-68"}, "id": "1788340745.608244", "decoder": {"name": "windows_eventchannel"}, "data": {"win": {"system": {"providerName": "Windows Error Reporting", "providerGuid": "{0ead09bd-2157-539a-8d6d-c87f95b64d70}", "eventID": "1001", "version": "0", "level": "4", "task": "0", "opcode": "0", "keywords": "0x8000000000000000", "systemTime": "2026-09-02T09:18:47.0136122Z", "eventRecordID": "201382", "processID": "23032", "threadID": "5712", "channel": "Application", "computer": "DESKTOP-8OTQ7D4", "severityValue": "INFORMATION", "message": "\"Fault bucket , type 0\r\nEvent Name: LiveKernelEvent\r\nResponse: Not available\r\nCab Id: 0\r\n\r\nProblem signature:\r\nP1: 1b8\r\nP2: 1\r\nP3: 0\r\nP4: 0\r\nP5: 0\r\nP6: 10_0_26200\r\nP7: 0_0\r\nP8: 256_1\r\nP9: \r\nP10: \r\n\r\nAttached files:\r\n\\\\?\\C:\\WINDOWS\\LiveKernelReports\\WATCHDOG4401\\WATCHDOG4401-20260409-1906.dmp\r\n\\\\?\\C:\\WINDOWS\\SystemTemp\\WER-25644843-1.sysdata.xml\r\n\\\\?\\C:\\ProgramData\\Microsoft\\Windows\\WER\\Temp\\WER.212a2399-f406-4159-93dc-d559e0107efe.tmp.WERInternalMetadata.xml\r\n\\\\?\\C:\\ProgramData\\Microsoft\\Windows\\WER\\Temp\\WER.51b5a1a7-a22c-4e92-a1e5-1ab8c67de316.tmp.csv\r\n\\\\?\\C:\\ProgramData\\Microsoft\\Windows\\WER\\Temp\\WER.fceaf0dd-487c-418a-9193-1bb61792e8c9.tmp.txt\r\n\\\\?\\C:\\ProgramData\\Microsoft\\Windows\\WER\\Temp\\WER.bc166f86-35fa-4d77-a8fb-16c7b8f960ff.tmp.xml\r\n\r\nThese files may be available here:\r\n\\\\?\\C:\\ProgramData\\Microsoft\\Windows\\WER\\ReportQueue\\Kernel_1b8_3266ee9f236733789e644ef694ee92749a13023_00000000_fc842291-a9c5-4502-b859-531a69e33b54\r\n\r\nAnalysis symbol: \r\nRechecking for solution: 0\r\nReport Id: fc842291-a9c5-4502-b859-531a69e33b54\r\nReport Status: 2051\r\nHashed bucket: \r\nCab Guid: 0\""}, "eventdata": {"bucketType": "0", "eventName": "LiveKernelEvent", "response": "Not available", "cabId": "0", "p1": "1b8", "p2": "1", "p3": "0", "p4": "0", "p5": "0", "p6": "10_0_26200", "p7": "0_0", "p8": "256_1", "attachedFiles": "  \\\\\\\\?\\\\C:\\\\WINDOWS\\\\LiveKernelReports\\\\WATCHDOG4401\\\\WATCHDOG4401-20260409-1906.dmp  \\\\\\\\?\\\\C:\\\\WINDOWS\\\\SystemTemp\\\\WER-25644843-1.sysdata.xml  \\\\\\\\?\\\\C:\\\\ProgramData\\\\Microsoft\\\\Windows\\\\WER\\\\Temp\\\\WER.212a2399-f406-4159-93dc-d559e0107efe.tmp.WERInternalMetadata.xml  \\\\\\\\?\\\\C:\\\\ProgramData\\\\Microsoft\\\\Windows\\\\WER\\\\Temp\\\\WER.51b5a1a7-a22c-4e92-a1e5-1ab8c67de316.tmp.csv  \\\\\\\\?\\\\C:\\\\ProgramData\\\\Microsoft\\\\Windows\\\\WER\\\\Temp\\\\WER.fceaf0dd-487c-418a-9193-1bb61792e8c9.tmp.txt  \\\\\\\\?\\\\C:\\\\ProgramData\\\\Microsoft\\\\Windows\\\\WER\\\\Temp\\\\WER.bc166f86-35fa-4d77-a8fb-16c7b8f960ff.tmp.xml", "storePath": "\\\\\\\\?\\\\C:\\\\ProgramData\\\\Microsoft\\\\Windows\\\\WER\\\\ReportQueue\\\\Kernel_1b8_3266ee9f236733789e644ef694ee92749a13023_00000000_fc842291-a9c5-4502-b859-531a69e33b54", "rechecking": "0", "reportId": "fc842291-a9c5-4502-b859-531a69e33b54", "reportStatus": "2051", "cabGuid": "0"}}}, "location": "EventChannel"}
{"timestamp": "2026-09-02T09:19:05.349+0000", "rule": {"level": 4, "description": "Summary event of the report's signatures.", "id": "60608", "firedtimes": 23, "mail": false, "groups": ["windows", "windows_application"]}, "agent": {"id": "001", "name": "DESKTOP-8OTQ7D4", "ip": "172.16.104.253"}, "manager": {"name": "ip-172-31-35-68"}, "id": "1788340745.614119", "decoder": {"name": "windows_eventchannel"}, "data": {"win": {"system": {"providerName": "Windows Error Reporting", "providerGuid": "{0ead09bd-2157-539a-8d6d-c87f95b64d70}", "eventID": "1001", "version": "0", "level": "4", "task": "0", "opcode": "0", "keywords": "0x8000000000000000", "systemTime": "2026-09-02T09:18:47.2727634Z", "eventRecordID": "201384", "processID": "23032", "threadID": "5712", "channel": "Application", "computer": "DESKTOP-8OTQ7D4", "severityValue": "INFORMATION", "message": "\"Fault bucket , type 0\r\nEvent Name: LiveKernelEvent\r\nResponse: Not available\r\nCab Id: 0\r\n\r\nProblem signature:\r\nP1: 1b8\r\nP2: 1\r\nP3: 0\r\nP4: 0\r\nP5: 0\r\nP6: 10_0_26200\r\nP7: 0_0\r\nP8: 256_1\r\nP9: \r\nP10: \r\n\r\nAttached files:\r\n\\\\?\\C:\\WINDOWS\\LiveKernelReports\\WATCHDOG4402\\WATCHDOG4402-20260410-0937.dmp\r\n\\\\?\\C:\\WINDOWS\\SystemTemp\\WER-77952984-0.sysdata.xml\r\n\\\\?\\C:\\ProgramData\\Microsoft\\Windows\\WER\\Temp\\WER.09a1f7c9-88ca-4f37-8230-263162a4e9bc.tmp.WERInternalMetadata.xml\r\n\\\\?\\C:\\ProgramData\\Microsoft\\Windows\\WER\\Temp\\WER.9b94abb1-accb-42ed-bbd8-98bc168a219c.tmp.csv\r\n\\\\?\\C:\\ProgramData\\Microsoft\\Windows\\WER\\Temp\\WER.f877a400-9b7a-415b-ba8e-5939ea492820.tmp.txt\r\n\\\\?\\C:\\ProgramData\\Microsoft\\Windows\\WER\\Temp\\WER.8408ae0a-3213-4663-8605-67024197404a.tmp.xml\r\n\r\nThese files may be available here:\r\n\\\\?\\C:\\ProgramData\\Microsoft\\Windows\\WER\\ReportQueue\\Kernel_1b8_3266ee9f236733789e644ef694ee92749a13023_00000000_384c89b1-aba0-4b6e-a696-536e4eca3d26\r\n\r\nAnalysis symbol: \r\nRechecking for solution: 0\r\nReport Id: 384c89b1-aba0-4b6e-a696-536e4eca3d26\r\nReport Status: 2051\r\nHashed bucket: \r\nCab Guid: 0\""}, "eventdata": {"bucketType": "0", "eventName": "LiveKernelEvent", "response": "Not available", "cabId": "0", "p1": "1b8", "p2": "1", "p3": "0", "p4": "0", "p5": "0", "p6": "10_0_26200", "p7": "0_0", "p8": "256_1", "attachedFiles": "  \\\\\\\\?\\\\C:\\\\WINDOWS\\\\LiveKernelReports\\\\WATCHDOG4402\\\\WATCHDOG4402-20260410-0937.dmp  \\\\\\\\?\\\\C:\\\\WINDOWS\\\\SystemTemp\\\\WER-77952984-0.sysdata.xml  \\\\\\\\?\\\\C:\\\\ProgramData\\\\Microsoft\\\\Windows\\\\WER\\\\Temp\\\\WER.09a1f7c9-88ca-4f37-8230-263162a4e9bc.tmp.WERInternalMetadata.xml  \\\\\\\\?\\\\C:\\\\ProgramData\\\\Microsoft\\\\Windows\\\\WER\\\\Temp\\\\WER.9b94abb1-accb-42ed-bbd8-98bc168a219c.tmp.csv  \\\\\\\\?\\\\C:\\\\ProgramData\\\\Microsoft\\\\Windows\\\\WER\\\\Temp\\\\WER.f877a400-9b7a-415b-ba8e-5939ea492820.tmp.txt  \\\\\\\\?\\\\C:\\\\ProgramData\\\\Microsoft\\\\Windows\\\\WER\\\\Temp\\\\WER.8408ae0a-3213-4663-8605-67024197404a.tmp.xml", "storePath": "\\\\\\\\?\\\\C:\\\\ProgramData\\\\Microsoft\\\\Windows\\\\WER\\\\ReportQueue\\\\Kernel_1b8_3266ee9f236733789e644ef694ee92749a13023_00000000_384c89b1-aba0-4b6e-a696-536e4eca3d26", "rechecking": "0", "reportId": "384c89b1-aba0-4b6e-a696-536e4eca3d26", "reportStatus": "2051", "cabGuid": "0"}}}, "location": "EventChannel"}
{"timestamp": "2026-09-02T09:19:05.349+0000", "rule": {"level": 4, "description": "Summary event of the report's signatures.", "id": "60608", "firedtimes": 24, "mail": false, "groups": ["windows", "windows_application"]}, "agent": {"id": "001", "name": "DESKTOP-8OTQ7D4", "ip": "172.16.104.253"}, "manager": {"name": "ip-172-31-35-68"}, "id": "1788340745.619994", "decoder": {"name": "windows_eventchannel"}, "data": {"win": {"system": {"providerName": "Windows Error Reporting", "providerGuid": "{0ead09bd-2157-539a-8d6d-c87f95b64d70}", "eventID": "1001", "version": "0", "level": "4", "task": "0", "opcode": "0", "keywords": "0x8000000000000000", "systemTime": "2026-09-02T09:18:47.3572905Z", "eventRecordID": "201385", "processID": "23032", "threadID": "5712", "channel": "Application", "computer": "DESKTOP-8OTQ7D4", "severityValue": "INFORMATION", "message": "\"Fault bucket , type 0\r\nEvent Name: LiveKernelEvent\r\nResponse: Not available\r\nCab Id: 0\r\n\r\nProblem signature:\r\nP1: 1a8\r\nP2: 1\r\nP3: 0\r\nP4: 0\r\nP5: 0\r\nP6: 10_0_26200\r\nP7: 0_0\r\nP8: 256_1\r\nP9: \r\nP10: \r\n\r\nAttached files:\r\n\\\\?\\C:\\WINDOWS\\LiveKernelReports\\WATCHDOG\\WATCHDOG-20260410-1040.dmp\r\n\\\\?\\C:\\WINDOWS\\SystemTemp\\WER-206093-0.sysdata.xml\r\n\\\\?\\C:\\ProgramData\\Microsoft\\Windows\\WER\\Temp\\WER.03a29af6-ee3a-4e92-913b-917cbcee8aa9.tmp.WERInternalMetadata.xml\r\n\\\\?\\C:\\ProgramData\\Microsoft\\Windows\\WER\\Temp\\WER.16b4f2db-417f-46fd-8987-9c3d3346a6aa.tmp.csv\r\n\\\\?\\C:\\ProgramData\\Microsoft\\Windows\\WER\\Temp\\WER.88dd89a9-312c-4076-9af4-71d668a3e580.tmp.txt\r\n\\\\?\\C:\\ProgramData\\Microsoft\\Windows\\WER\\Temp\\WER.6d2aeb9c-0eff-4abb-9173-a7afa49dd579.tmp.xml\r\n\r\nThese files may be available here:\r\n\\\\?\\C:\\ProgramData\\Microsoft\\Windows\\WER\\ReportQueue\\Kernel_1a8_c3be8430ad9f60eb75f06b62afa7598beb464e3_00000000_99556b41-f7f3-48bb-890b-a24e49382bd3\r\n\r\nAnalysis symbol: \r\nRechecking for solution: 0\r\nReport Id: 99556b41-f7f3-48bb-890b-a24e49382bd3\r\nReport Status: 2051\r\nHashed bucket: \r\nCab Guid: 0\""}, "eventdata": {"bucketType": "0", "eventName": "LiveKernelEvent", "response": "Not available", "cabId": "0", "p1": "1a8", "p2": "1", "p3": "0", "p4": "0", "p5": "0", "p6": "10_0_26200", "p7": "0_0", "p8": "256_1", "attachedFiles": "  \\\\\\\\?\\\\C:\\\\WINDOWS\\\\LiveKernelReports\\\\WATCHDOG\\\\WATCHDOG-20260410-1040.dmp  \\\\\\\\?\\\\C:\\\\WINDOWS\\\\SystemTemp\\\\WER-206093-0.sysdata.xml  \\\\\\\\?\\\\C:\\\\ProgramData\\\\Microsoft\\\\Windows\\\\WER\\\\Temp\\\\WER.03a29af6-ee3a-4e92-913b-917cbcee8aa9.tmp.WERInternalMetadata.xml  \\\\\\\\?\\\\C:\\\\ProgramData\\\\Microsoft\\\\Windows\\\\WER\\\\Temp\\\\WER.16b4f2db-417f-46fd-8987-9c3d3346a6aa.tmp.csv  \\\\\\\\?\\\\C:\\\\ProgramData\\\\Microsoft\\\\Windows\\\\WER\\\\Temp\\\\WER.88dd89a9-312c-4076-9af4-71d668a3e580.tmp.txt  \\\\\\\\?\\\\C:\\\\ProgramData\\\\Microsoft\\\\Windows\\\\WER\\\\Temp\\\\WER.6d2aeb9c-0eff-4abb-9173-a7afa49dd579.tmp.xml", "storePath": "\\\\\\\\?\\\\C:\\\\ProgramData\\\\Microsoft\\\\Windows\\\\WER\\\\ReportQueue\\\\Kernel_1a8_c3be8430ad9f60eb75f06b62afa7598beb464e3_00000000_99556b41-f7f3-48bb-890b-a24e49382bd3", "rechecking": "0", "reportId": "99556b41-f7f3-48bb-890b-a24e49382bd3", "reportStatus": "2051", "cabGuid": "0"}}}, "location": "EventChannel"}
{"timestamp": "2026-09-02T09:19:05.354+0000", "rule": {"level": 4, "description": "Summary event of the report's signatures.", "id": "60608", "firedtimes": 25, "mail": false, "groups": ["windows", "windows_application"]}, "agent": {"id": "001", "name": "DESKTOP-8OTQ7D4", "ip": "172.16.104.253"}, "manager": {"name": "ip-172-31-35-68"}, "id": "1788340745.625829", "decoder": {"name": "windows_eventchannel"}, "data": {"win": {"system": {"providerName": "Windows Error Reporting", "providerGuid": "{0ead09bd-2157-539a-8d6d-c87f95b64d70}", "eventID": "1001", "version": "0", "level": "4", "task": "0", "opcode": "0", "keywords": "0x8000000000000000", "systemTime": "2026-09-02T09:18:47.4841112Z", "eventRecordID": "201386", "processID": "23032", "threadID": "5712", "channel": "Application", "computer": "DESKTOP-8OTQ7D4", "severityValue": "INFORMATION", "message": "\"Fault bucket , type 0\r\nEvent Name: LiveKernelEvent\r\nResponse: Not available\r\nCab Id: 0\r\n\r\nProblem signature:\r\nP1: 1b8\r\nP2: 1\r\nP3: 0\r\nP4: 0\r\nP5: 0\r\nP6: 10_0_26200\r\nP7: 0_0\r\nP8: 256_1\r\nP9: \r\nP10: \r\n\r\nAttached files:\r\n\\\\?\\C:\\WINDOWS\\LiveKernelReports\\WATCHDOG4400\\WATCHDOG4400-20260410-1040.dmp\r\n\\\\?\\C:\\WINDOWS\\SystemTemp\\WER-206046-0.sysdata.xml\r\n\\\\?\\C:\\ProgramData\\Microsoft\\Windows\\WER\\Temp\\WER.a901965e-ca43-464d-808d-c1581d2a336b.tmp.WERInternalMetadata.xml\r\n\\\\?\\C:\\ProgramData\\Microsoft\\Windows\\WER\\Temp\\WER.77cbda76-8613-440a-8f77-6fdb458a2d6a.tmp.csv\r\n\\\\?\\C:\\ProgramData\\Microsoft\\Windows\\WER\\Temp\\WER.988e7004-970f-4136-a49f-75f1bf34ac76.tmp.txt\r\n\\\\?\\C:\\ProgramData\\Microsoft\\Windows\\WER\\Temp\\WER.7aee153d-19e1-4e8d-ab01-cd8ebc46eb6f.tmp.xml\r\n\r\nThese files may be available here:\r\n\\\\?\\C:\\ProgramData\\Microsoft\\Windows\\WER\\ReportQueue\\Kernel_1b8_3266ee9f236733789e644ef694ee92749a13023_00000000_c0707340-0eee-46c4-808f-5d99f041e6ae\r\n\r\nAnalysis symbol: \r\nRechecking for solution: 0\r\nReport Id: c0707340-0eee-46c4-808f-5d99f041e6ae\r\nReport Status: 2051\r\nHashed bucket: \r\nCab Guid: 0\""}, "eventdata": {"bucketType": "0", "eventName": "LiveKernelEvent", "response": "Not available", "cabId": "0", "p1": "1b8", "p2": "1", "p3": "0", "p4": "0", "p5": "0", "p6": "10_0_26200", "p7": "0_0", "p8": "256_1", "attachedFiles": "  \\\\\\\\?\\\\C:\\\\WINDOWS\\\\LiveKernelReports\\\\WATCHDOG4400\\\\WATCHDOG4400-20260410-1040.dmp  \\\\\\\\?\\\\C:\\\\WINDOWS\\\\SystemTemp\\\\WER-206046-0.sysdata.xml  \\\\\\\\?\\\\C:\\\\ProgramData\\\\Microsoft\\\\Windows\\\\WER\\\\Temp\\\\WER.a901965e-ca43-464d-808d-c1581d2a336b.tmp.WERInternalMetadata.xml  \\\\\\\\?\\\\C:\\\\ProgramData\\\\Microsoft\\\\Windows\\\\WER\\\\Temp\\\\WER.77cbda76-8613-440a-8f77-6fdb458a2d6a.tmp.csv  \\\\\\\\?\\\\C:\\\\ProgramData\\\\Microsoft\\\\Windows\\\\WER\\\\Temp\\\\WER.988e7004-970f-4136-a49f-75f1bf34ac76.tmp.txt  \\\\\\\\?\\\\C:\\\\ProgramData\\\\Microsoft\\\\Windows\\\\WER\\\\Temp\\\\WER.7aee153d-19e1-4e8d-ab01-cd8ebc46eb6f.tmp.xml", "storePath": "\\\\\\\\?\\\\C:\\\\ProgramData\\\\Microsoft\\\\Windows\\\\WER\\\\ReportQueue\\\\Kernel_1b8_3266ee9f236733789e644ef694ee92749a13023_00000000_c0707340-0eee-46c4-808f-5d99f041e6ae", "rechecking": "0", "reportId": "c0707340-0eee-46c4-808f-5d99f041e6ae", "reportStatus": "2051", "cabGuid": "0"}}}, "location": "EventChannel"}
{"timestamp": "2026-09-02T09:19:05.354+0000", "rule": {"level": 4, "description": "Summary event of the report's signatures.", "id": "60608", "firedtimes": 26, "mail": false, "groups": ["windows", "windows_application"]}, "agent": {"id": "001", "name": "DESKTOP-8OTQ7D4", "ip": "172.16.104.253"}, "manager": {"name": "ip-172-31-35-68"}, "id": "1788340745.631696", "decoder": {"name": "windows_eventchannel"}, "data": {"win": {"system": {"providerName": "Windows Error Reporting", "providerGuid": "{0ead09bd-2157-539a-8d6d-c87f95b64d70}", "eventID": "1001", "version": "0", "level": "4", "task": "0", "opcode": "0", "keywords": "0x8000000000000000", "systemTime": "2026-09-02T09:18:47.6079428Z", "eventRecordID": "201387", "processID": "23032", "threadID": "5712", "channel": "Application", "computer": "DESKTOP-8OTQ7D4", "severityValue": "INFORMATION", "message": "\"Fault bucket , type 0\r\nEvent Name: LiveKernelEvent\r\nResponse: Not available\r\nCab Id: 0\r\n\r\nProblem signature:\r\nP1: 1b8\r\nP2: 1\r\nP3: 0\r\nP4: 0\r\nP5: 0\r\nP6: 10_0_26200\r\nP7: 0_0\r\nP8: 256_1\r\nP9: \r\nP10: \r\n\r\nAttached files:\r\n\\\\?\\C:\\WINDOWS\\LiveKernelReports\\WATCHDOG4401\\WATCHDOG4401-20260411-1454.dmp\r\n\\\\?\\C:\\WINDOWS\\SystemTemp\\WER-101858468-0.sysdata.xml\r\n\\\\?\\C:\\ProgramData\\Microsoft\\Windows\\WER\\Temp\\WER.b27382c9-1a8a-4964-9720-619efb76e5e2.tmp.WERInternalMetadata.xml\r\n\\\\?\\C:\\ProgramData\\Microsoft\\Windows\\WER\\Temp\\WER.7e5dd046-e8c4-43fb-9c4d-4d97113a0f74.tmp.csv\r\n\\\\?\\C:\\ProgramData\\Microsoft\\Windows\\WER\\Temp\\WER.cad9a8d9-2970-44ea-bb97-0fa607e31bcf.tmp.txt\r\n\\\\?\\C:\\ProgramData\\Microsoft\\Windows\\WER\\Temp\\WER.81b64962-4240-4fce-8684-05891d6f74a3.tmp.xml\r\n\r\nThese files may be available here:\r\n\\\\?\\C:\\ProgramData\\Microsoft\\Windows\\WER\\ReportQueue\\Kernel_1b8_3266ee9f236733789e644ef694ee92749a13023_00000000_c82bb03a-c2a1-40f2-815e-4664dacd1ee9\r\n\r\nAnalysis symbol: \r\nRechecking for solution: 0\r\nReport Id: c82bb03a-c2a1-40f2-815e-4664dacd1ee9\r\nReport Status: 2051\r\nHashed bucket: \r\nCab Guid: 0\""}, "eventdata": {"bucketType": "0", "eventName": "LiveKernelEvent", "response": "Not available", "cabId": "0", "p1": "1b8", "p2": "1", "p3": "0", "p4": "0", "p5": "0", "p6": "10_0_26200", "p7": "0_0", "p8": "256_1", "attachedFiles": "  \\\\\\\\?\\\\C:\\\\WINDOWS\\\\LiveKernelReports\\\\WATCHDOG4401\\\\WATCHDOG4401-20260411-1454.dmp  \\\\\\\\?\\\\C:\\\\WINDOWS\\\\SystemTemp\\\\WER-101858468-0.sysdata.xml  \\\\\\\\?\\\\C:\\\\ProgramData\\\\Microsoft\\\\Windows\\\\WER\\\\Temp\\\\WER.b27382c9-1a8a-4964-9720-619efb76e5e2.tmp.WERInternalMetadata.xml  \\\\\\\\?\\\\C:\\\\ProgramData\\\\Microsoft\\\\Windows\\\\WER\\\\Temp\\\\WER.7e5dd046-e8c4-43fb-9c4d-4d97113a0f74.tmp.csv  \\\\\\\\?\\\\C:\\\\ProgramData\\\\Microsoft\\\\Windows\\\\WER\\\\Temp\\\\WER.cad9a8d9-2970-44ea-bb97-0fa607e31bcf.tmp.txt  \\\\\\\\?\\\\C:\\\\ProgramData\\\\Microsoft\\\\Windows\\\\WER\\\\Temp\\\\WER.81b64962-4240-4fce-8684-05891d6f74a3.tmp.xml", "storePath": "\\\\\\\\?\\\\C:\\\\ProgramData\\\\Microsoft\\\\Windows\\\\WER\\\\ReportQueue\\\\Kernel_1b8_3266ee9f236733789e644ef694ee92749a13023_00000000_c82bb03a-c2a1-40f2-815e-4664dacd1ee9", "rechecking": "0", "reportId": "c82bb03a-c2a1-40f2-815e-4664dacd1ee9", "reportStatus": "2051", "cabGuid": "0"}}}, "location": "EventChannel"}
{"timestamp": "2026-09-02T09:19:06.393+0000", "rule": {"level": 4, "description": "Summary event of the report's signatures.", "id": "60608", "firedtimes": 27, "mail": false, "groups": ["windows", "windows_application"]}, "agent": {"id": "001", "name": "DESKTOP-8OTQ7D4", "ip": "172.16.104.253"}, "manager": {"name": "ip-172-31-35-68"}, "id": "1788340746.637575", "decoder": {"name": "windows_eventchannel"}, "data": {"win": {"system": {"providerName": "Windows Error Reporting", "providerGuid": "{0ead09bd-2157-539a-8d6d-c87f95b64d70}", "eventID": "1001", "version": "0", "level": "4", "task": "0", "opcode": "0", "keywords": "0x8000000000000000", "systemTime": "2026-09-02T09:18:47.7371705Z", "eventRecordID": "201388", "processID": "23032", "threadID": "5712", "channel": "Application", "computer": "DESKTOP-8OTQ7D4", "severityValue": "INFORMATION", "message": "\"Fault bucket , type 0\r\nEvent Name: LiveKernelEvent\r\nResponse: Not available\r\nCab Id: 0\r\n\r\nProblem signature:\r\nP1: 1a8\r\nP2: 1\r\nP3: 0\r\nP4: 0\r\nP5: 0\r\nP6: 10_0_26200\r\nP7: 0_0\r\nP8: 256_1\r\nP9: \r\nP10: \r\n\r\nAttached files:\r\n\\\\?\\C:\\WINDOWS\\LiveKernelReports\\WATCHDOG\\WATCHDOG-20260411-1454.dmp\r\n\\\\?\\C:\\WINDOWS\\SystemTemp\\WER-101858437-0.sysdata.xml\r\n\\\\?\\C:\\ProgramData\\Microsoft\\Windows\\WER\\Temp\\WER.0dbb0011-ae3f-4d94-b773-05708540538f.tmp.WERInternalMetadata.xml\r\n\\\\?\\C:\\ProgramData\\Microsoft\\Windows\\WER\\Temp\\WER.c2d16078-93f6-42c7-ba26-bce5cc2ce67d.tmp.csv\r\n\\\\?\\C:\\ProgramData\\Microsoft\\Windows\\WER\\Temp\\WER.4d1e46e9-561e-498b-b5d7-4e142cc334b7.tmp.txt\r\n\\\\?\\C:\\ProgramData\\Microsoft\\Windows\\WER\\Temp\\WER.8a6a18cd-35df-4bd4-93c7-e633664d7db8.tmp.xml\r\n\r\nThese files may be available here:\r\n\\\\?\\C:\\ProgramData\\Microsoft\\Windows\\WER\\ReportQueue\\Kernel_1a8_c3be8430ad9f60eb75f06b62afa7598beb464e3_00000000_46e51e82-6eca-491b-8c40-7e5906f0ddf9\r\n\r\nAnalysis symbol: \r\nRechecking for solution: 0\r\nReport Id: 46e51e82-6eca-491b-8c40-7e5906f0ddf9\r\nReport Status: 2051\r\nHashed bucket: \r\nCab Guid: 0\""}, "eventdata": {"bucketType": "0", "eventName": "LiveKernelEvent", "response": "Not available", "cabId": "0", "p1": "1a8", "p2": "1", "p3": "0", "p4": "0", "p5": "0", "p6": "10_0_26200", "p7": "0_0", "p8": "256_1", "attachedFiles": "  \\\\\\\\?\\\\C:\\\\WINDOWS\\\\LiveKernelReports\\\\WATCHDOG\\\\WATCHDOG-20260411-1454.dmp  \\\\\\\\?\\\\C:\\\\WINDOWS\\\\SystemTemp\\\\WER-101858437-0.sysdata.xml  \\\\\\\\?\\\\C:\\\\ProgramData\\\\Microsoft\\\\Windows\\\\WER\\\\Temp\\\\WER.0dbb0011-ae3f-4d94-b773-05708540538f.tmp.WERInternalMetadata.xml  \\\\\\\\?\\\\C:\\\\ProgramData\\\\Microsoft\\\\Windows\\\\WER\\\\Temp\\\\WER.c2d16078-93f6-42c7-ba26-bce5cc2ce67d.tmp.csv  \\\\\\\\?\\\\C:\\\\ProgramData\\\\Microsoft\\\\Windows\\\\WER\\\\Temp\\\\WER.4d1e46e9-561e-498b-b5d7-4e142cc334b7.tmp.txt  \\\\\\\\?\\\\C:\\\\ProgramData\\\\Microsoft\\\\Windows\\\\WER\\\\Temp\\\\WER.8a6a18cd-35df-4bd4-93c7-e633664d7db8.tmp.xml", "storePath": "\\\\\\\\?\\\\C:\\\\ProgramData\\\\Microsoft\\\\Windows\\\\WER\\\\ReportQueue\\\\Kernel_1a8_c3be8430ad9f60eb75f06b62afa7598beb464e3_00000000_46e51e82-6eca-491b-8c40-7e5906f0ddf9", "rechecking": "0", "reportId": "46e51e82-6eca-491b-8c40-7e5906f0ddf9", "reportStatus": "2051", "cabGuid": "0"}}}, "location": "EventChannel"}
{"timestamp": "2026-09-02T09:19:06.400+0000", "rule": {"level": 4, "description": "Summary event of the report's signatures.", "id": "60608", "firedtimes": 29, "mail": false, "groups": ["windows", "windows_application"]}, "agent": {"id": "001", "name": "DESKTOP-8OTQ7D4", "ip": "172.16.104.253"}, "manager": {"name": "ip-172-31-35-68"}, "id": "1788340746.643422", "decoder": {"name": "windows_eventchannel"}, "data": {"win": {"system": {"providerName": "Windows Error Reporting", "providerGuid": "{0ead09bd-2157-539a-8d6d-c87f95b64d70}", "eventID": "1001", "version": "0", "level": "4", "task": "0", "opcode": "0", "keywords": "0x8000000000000000", "systemTime": "2026-09-02T09:18:47.8496692Z", "eventRecordID": "201389", "processID": "23032", "threadID": "5712", "channel": "Application", "computer": "DESKTOP-8OTQ7D4", "severityValue": "INFORMATION", "message": "\"Fault bucket , type 0\r\nEvent Name: LiveKernelEvent\r\nResponse: Not available\r\nCab Id: 0\r\n\r\nProblem signature:\r\nP1: 1b8\r\nP2: 1\r\nP3: 0\r\nP4: 0\r\nP5: 0\r\nP6: 10_0_26200\r\nP7: 0_0\r\nP8: 256_1\r\nP9: \r\nP10: \r\n\r\nAttached files:\r\n\\\\?\\C:\\WINDOWS\\LiveKernelReports\\WATCHDOG4402\\WATCHDOG4402-20260413-0940.dmp\r\n\\\\?\\C:\\WINDOWS\\SystemTemp\\WER-255783031-0.sysdata.xml\r\n\\\\?\\C:\\ProgramData\\Microsoft\\Windows\\WER\\Temp\\WER.4d54915a-cdf3-4ab5-bdac-37787674ef0e.tmp.WERInternalMetadata.xml\r\n\\\\?\\C:\\ProgramData\\Microsoft\\Windows\\WER\\Temp\\WER.139accf9-54f4-465e-82ec-af5344fdeebb.tmp.csv\r\n\\\\?\\C:\\ProgramData\\Microsoft\\Windows\\WER\\Temp\\WER.63ceee31-fedf-438b-89c3-735eeca93bfe.tmp.txt\r\n\\\\?\\C:\\ProgramData\\Microsoft\\Windows\\WER\\Temp\\WER.674636af-04fd-4d1e-8471-76b3ae6555bd.tmp.xml\r\n\r\nThese files may be available here:\r\n\\\\?\\C:\\ProgramData\\Microsoft\\Windows\\WER\\ReportQueue\\Kernel_1b8_3266ee9f236733789e644ef694ee92749a13023_00000000_6087b329-8589-48bb-9581-3e900968393d\r\n\r\nAnalysis symbol: \r\nRechecking for solution: 0\r\nReport Id: 6087b329-8589-48bb-9581-3e900968393d\r\nReport Status: 2051\r\nHashed bucket: \r\nCab Guid: 0\""}, "eventdata": {"bucketType": "0", "eventName": "LiveKernelEvent", "response": "Not available", "cabId": "0", "p1": "1b8", "p2": "1", "p3": "0", "p4": "0", "p5": "0", "p6": "10_0_26200", "p7": "0_0", "p8": "256_1", "attachedFiles": "  \\\\\\\\?\\\\C:\\\\WINDOWS\\\\LiveKernelReports\\\\WATCHDOG4402\\\\WATCHDOG4402-20260413-0940.dmp  \\\\\\\\?\\\\C:\\\\WINDOWS\\\\SystemTemp\\\\WER-255783031-0.sysdata.xml  \\\\\\\\?\\\\C:\\\\ProgramData\\\\Microsoft\\\\Windows\\\\WER\\\\Temp\\\\WER.4d54915a-cdf3-4ab5-bdac-37787674ef0e.tmp.WERInternalMetadata.xml  \\\\\\\\?\\\\C:\\\\ProgramData\\\\Microsoft\\\\Windows\\\\WER\\\\Temp\\\\WER.139accf9-54f4-465e-82ec-af5344fdeebb.tmp.csv  \\\\\\\\?\\\\C:\\\\ProgramData\\\\Microsoft\\\\Windows\\\\WER\\\\Temp\\\\WER.63ceee31-fedf-438b-89c3-735eeca93bfe.tmp.txt  \\\\\\\\?\\\\C:\\\\ProgramData\\\\Microsoft\\\\Windows\\\\WER\\\\Temp\\\\WER.674636af-04fd-4d1e-8471-76b3ae6555bd.tmp.xml", "storePath": "\\\\\\\\?\\\\C:\\\\ProgramData\\\\Microsoft\\\\Windows\\\\WER\\\\ReportQueue\\\\Kernel_1b8_3266ee9f236733789e644ef694ee92749a13023_00000000_6087b329-8589-48bb-9581-3e900968393d", "rechecking": "0", "reportId": "6087b329-8589-48bb-9581-3e900968393d", "reportStatus": "2051", "cabGuid": "0"}}}, "location": "EventChannel"}
